[0.030s] Invoking command in '/root/ros-lab-2/build/ros_gz_app': CMAKE_PREFIX_PATH=${CMAKE_PREFIX_PATH}:/opt/ros/jazzy PS1=<ROS2-Jazzy>[\u@\h \W]$ /usr/bin/cmake /root/ros-lab-2/ros_gz_app -DBUILD_TESTING=ON -DCMAKE_INSTALL_PREFIX=/root/ros-lab-2/install/ros_gz_app
[1.118s] -- The C compiler identification is GNU 13.3.0
[1.528s] -- The CXX compiler identification is GNU 13.3.0
[1.567s] -- Detecting C compiler ABI info
[1.746s] -- Detecting C compiler ABI info - done
[1.758s] -- Check for working C compiler: /usr/bin/cc - skipped
[1.760s] -- Detecting C compile features
[1.760s] -- Detecting C compile features - done
[1.780s] -- Detecting CXX compiler ABI info
[1.920s] -- Detecting CXX compiler ABI info - done
[1.932s] -- Check for working CXX compiler: /usr/bin/c++ - skipped
[1.933s] -- Detecting CXX compile features
[1.933s] -- Detecting CXX compile features - done
[1.966s] -- Found ament_cmake: 2.5.3 (/opt/ros/jazzy/share/ament_cmake/cmake)
[2.248s] -- Found Python3: /usr/bin/python3 (found version "3.12.3") found components: Interpreter 
[2.735s] -- Configuring done (2.2s)
[2.741s] -- Generating done (0.0s)
[2.743s] -- Build files have been written to: /root/ros-lab-2/build/ros_gz_app
[2.749s] Invoked command in '/root/ros-lab-2/build/ros_gz_app' returned '0': CMAKE_PREFIX_PATH=${CMAKE_PREFIX_PATH}:/opt/ros/jazzy PS1=<ROS2-Jazzy>[\u@\h \W]$ /usr/bin/cmake /root/ros-lab-2/ros_gz_app -DBUILD_TESTING=ON -DCMAKE_INSTALL_PREFIX=/root/ros-lab-2/install/ros_gz_app
[2.751s] Invoking command in '/root/ros-lab-2/build/ros_gz_app': CMAKE_PREFIX_PATH=${CMAKE_PREFIX_PATH}:/opt/ros/jazzy PS1=<ROS2-Jazzy>[\u@\h \W]$ /usr/bin/cmake --build /root/ros-lab-2/build/ros_gz_app -- -j16 -l16
[2.797s] Invoked command in '/root/ros-lab-2/build/ros_gz_app' returned '0': CMAKE_PREFIX_PATH=${CMAKE_PREFIX_PATH}:/opt/ros/jazzy PS1=<ROS2-Jazzy>[\u@\h \W]$ /usr/bin/cmake --build /root/ros-lab-2/build/ros_gz_app -- -j16 -l16
[2.809s] Invoking command in '/root/ros-lab-2/build/ros_gz_app': CMAKE_PREFIX_PATH=${CMAKE_PREFIX_PATH}:/opt/ros/jazzy PS1=<ROS2-Jazzy>[\u@\h \W]$ /usr/bin/cmake --install /root/ros-lab-2/build/ros_gz_app
[2.818s] -- Install configuration: ""
[2.819s] -- Installing: /root/ros-lab-2/install/ros_gz_app/share/ament_index/resource_index/package_run_dependencies/ros_gz_app
[2.820s] -- Installing: /root/ros-lab-2/install/ros_gz_app/share/ament_index/resource_index/parent_prefix_path/ros_gz_app
[2.820s] -- Installing: /root/ros-lab-2/install/ros_gz_app/share/ros_gz_app/environment/ament_prefix_path.sh
[2.820s] -- Installing: /root/ros-lab-2/install/ros_gz_app/share/ros_gz_app/environment/ament_prefix_path.dsv
[2.820s] -- Installing: /root/ros-lab-2/install/ros_gz_app/share/ros_gz_app/environment/path.sh
[2.821s] -- Installing: /root/ros-lab-2/install/ros_gz_app/share/ros_gz_app/environment/path.dsv
[2.821s] -- Installing: /root/ros-lab-2/install/ros_gz_app/share/ros_gz_app/local_setup.bash
[2.821s] -- Installing: /root/ros-lab-2/install/ros_gz_app/share/ros_gz_app/local_setup.sh
[2.821s] -- Installing: /root/ros-lab-2/install/ros_gz_app/share/ros_gz_app/local_setup.zsh
[2.822s] -- Installing: /root/ros-lab-2/install/ros_gz_app/share/ros_gz_app/local_setup.dsv
[2.822s] -- Installing: /root/ros-lab-2/install/ros_gz_app/share/ros_gz_app/package.dsv
[2.823s] -- Installing: /root/ros-lab-2/install/ros_gz_app/share/ament_index/resource_index/packages/ros_gz_app
[2.823s] -- Installing: /root/ros-lab-2/install/ros_gz_app/share/ros_gz_app/cmake/ros_gz_appConfig.cmake
[2.824s] -- Installing: /root/ros-lab-2/install/ros_gz_app/share/ros_gz_app/cmake/ros_gz_appConfig-version.cmake
[2.824s] -- Installing: /root/ros-lab-2/install/ros_gz_app/share/ros_gz_app/package.xml
[2.871s] Invoked command in '/root/ros-lab-2/build/ros_gz_app' returned '0': CMAKE_PREFIX_PATH=${CMAKE_PREFIX_PATH}:/opt/ros/jazzy PS1=<ROS2-Jazzy>[\u@\h \W]$ /usr/bin/cmake --install /root/ros-lab-2/build/ros_gz_app
