[0.047s] Invoking command in '/root/ros-lab-2/build/ros_gz_description': CMAKE_PREFIX_PATH=${CMAKE_PREFIX_PATH}:/root/ros-lab-2/install/wall_follow:/opt/ros/jazzy PS1=<ROS2-Jazzy>[\u@\h \W]$ /usr/bin/cmake --build /root/ros-lab-2/build/ros_gz_description -- -j16 -l16
[0.627s] Invoked command in '/root/ros-lab-2/build/ros_gz_description' returned '0': CMAKE_PREFIX_PATH=${CMAKE_PREFIX_PATH}:/root/ros-lab-2/install/wall_follow:/opt/ros/jazzy PS1=<ROS2-Jazzy>[\u@\h \W]$ /usr/bin/cmake --build /root/ros-lab-2/build/ros_gz_description -- -j16 -l16
[0.628s] Invoking command in '/root/ros-lab-2/build/ros_gz_description': CMAKE_PREFIX_PATH=${CMAKE_PREFIX_PATH}:/root/ros-lab-2/install/wall_follow:/opt/ros/jazzy PS1=<ROS2-Jazzy>[\u@\h \W]$ /usr/bin/cmake --install /root/ros-lab-2/build/ros_gz_description
[0.646s] -- Install configuration: ""
[0.647s] -- Up-to-date: /root/ros-lab-2/install/ros_gz_description/share/ros_gz_description/models
[0.647s] -- Up-to-date: /root/ros-lab-2/install/ros_gz_description/share/ros_gz_description/models/diff_drive
[0.648s] -- Up-to-date: /root/ros-lab-2/install/ros_gz_description/share/ros_gz_description/models/diff_drive/model.sdf
[0.648s] -- Up-to-date: /root/ros-lab-2/install/ros_gz_description/share/ros_gz_description/models/diff_drive/model.config
[0.648s] -- Up-to-date: /root/ros-lab-2/install/ros_gz_description/share/ros_gz_description/environment/ros_gz_description.dsv
[0.649s] -- Up-to-date: /root/ros-lab-2/install/ros_gz_description/share/ros_gz_description/environment/ros_gz_description.sh
[0.649s] -- Up-to-date: /root/ros-lab-2/install/ros_gz_description/share/ament_index/resource_index/package_run_dependencies/ros_gz_description
[0.649s] -- Up-to-date: /root/ros-lab-2/install/ros_gz_description/share/ament_index/resource_index/parent_prefix_path/ros_gz_description
[0.649s] -- Up-to-date: /root/ros-lab-2/install/ros_gz_description/share/ros_gz_description/environment/ament_prefix_path.sh
[0.649s] -- Up-to-date: /root/ros-lab-2/install/ros_gz_description/share/ros_gz_description/environment/ament_prefix_path.dsv
[0.650s] -- Up-to-date: /root/ros-lab-2/install/ros_gz_description/share/ros_gz_description/environment/path.sh
[0.650s] -- Up-to-date: /root/ros-lab-2/install/ros_gz_description/share/ros_gz_description/environment/path.dsv
[0.650s] -- Up-to-date: /root/ros-lab-2/install/ros_gz_description/share/ros_gz_description/local_setup.bash
[0.650s] -- Up-to-date: /root/ros-lab-2/install/ros_gz_description/share/ros_gz_description/local_setup.sh
[0.652s] -- Up-to-date: /root/ros-lab-2/install/ros_gz_description/share/ros_gz_description/local_setup.zsh
[0.654s] -- Up-to-date: /root/ros-lab-2/install/ros_gz_description/share/ros_gz_description/local_setup.dsv
[0.654s] -- Installing: /root/ros-lab-2/install/ros_gz_description/share/ros_gz_description/package.dsv
[0.654s] -- Up-to-date: /root/ros-lab-2/install/ros_gz_description/share/ament_index/resource_index/packages/ros_gz_description
[0.655s] -- Up-to-date: /root/ros-lab-2/install/ros_gz_description/share/ros_gz_description/cmake/ros_gz_descriptionConfig.cmake
[0.655s] -- Up-to-date: /root/ros-lab-2/install/ros_gz_description/share/ros_gz_description/cmake/ros_gz_descriptionConfig-version.cmake
[0.655s] -- Up-to-date: /root/ros-lab-2/install/ros_gz_description/share/ros_gz_description/package.xml
[0.686s] Invoked command in '/root/ros-lab-2/build/ros_gz_description' returned '0': CMAKE_PREFIX_PATH=${CMAKE_PREFIX_PATH}:/root/ros-lab-2/install/wall_follow:/opt/ros/jazzy PS1=<ROS2-Jazzy>[\u@\h \W]$ /usr/bin/cmake --install /root/ros-lab-2/build/ros_gz_description
