[0.051s] Invoking command in '/root/ros-lab-2/build/ros_gz_description': CMAKE_PREFIX_PATH=${CMAKE_PREFIX_PATH}:/root/ros-lab-2/install/wall_follow:/opt/ros/jazzy PS1=<ROS2-Jazzy>[\u@\h \W]$ /usr/bin/cmake --build /root/ros-lab-2/build/ros_gz_description -- -j16 -l16
[0.776s] Invoked command in '/root/ros-lab-2/build/ros_gz_description' returned '0': CMAKE_PREFIX_PATH=${CMAKE_PREFIX_PATH}:/root/ros-lab-2/install/wall_follow:/opt/ros/jazzy PS1=<ROS2-Jazzy>[\u@\h \W]$ /usr/bin/cmake --build /root/ros-lab-2/build/ros_gz_description -- -j16 -l16
[0.780s] Invoking command in '/root/ros-lab-2/build/ros_gz_description': CMAKE_PREFIX_PATH=${CMAKE_PREFIX_PATH}:/root/ros-lab-2/install/wall_follow:/opt/ros/jazzy PS1=<ROS2-Jazzy>[\u@\h \W]$ /usr/bin/cmake --install /root/ros-lab-2/build/ros_gz_description
[0.798s] -- Install configuration: ""
[0.799s] -- Up-to-date: /root/ros-lab-2/install/ros_gz_description/share/ros_gz_description/models
[0.799s] -- Up-to-date: /root/ros-lab-2/install/ros_gz_description/share/ros_gz_description/models/diff_drive
[0.800s] -- Up-to-date: /root/ros-lab-2/install/ros_gz_description/share/ros_gz_description/models/diff_drive/model.sdf
[0.800s] -- Up-to-date: /root/ros-lab-2/install/ros_gz_description/share/ros_gz_description/models/diff_drive/model.config
[0.800s] -- Up-to-date: /root/ros-lab-2/install/ros_gz_description/share/ros_gz_description/environment/ros_gz_description.dsv
[0.801s] -- Up-to-date: /root/ros-lab-2/install/ros_gz_description/share/ros_gz_description/environment/ros_gz_description.sh
[0.801s] -- Up-to-date: /root/ros-lab-2/install/ros_gz_description/share/ament_index/resource_index/package_run_dependencies/ros_gz_description
[0.801s] -- Up-to-date: /root/ros-lab-2/install/ros_gz_description/share/ament_index/resource_index/parent_prefix_path/ros_gz_description
[0.801s] -- Up-to-date: /root/ros-lab-2/install/ros_gz_description/share/ros_gz_description/environment/ament_prefix_path.sh
[0.802s] -- Up-to-date: /root/ros-lab-2/install/ros_gz_description/share/ros_gz_description/environment/ament_prefix_path.dsv
[0.802s] -- Up-to-date: /root/ros-lab-2/install/ros_gz_description/share/ros_gz_description/environment/path.sh
[0.803s] -- Up-to-date: /root/ros-lab-2/install/ros_gz_description/share/ros_gz_description/environment/path.dsv
[0.803s] -- Up-to-date: /root/ros-lab-2/install/ros_gz_description/share/ros_gz_description/local_setup.bash
[0.804s] -- Up-to-date: /root/ros-lab-2/install/ros_gz_description/share/ros_gz_description/local_setup.sh
[0.804s] -- Up-to-date: /root/ros-lab-2/install/ros_gz_description/share/ros_gz_description/local_setup.zsh
[0.805s] -- Up-to-date: /root/ros-lab-2/install/ros_gz_description/share/ros_gz_description/local_setup.dsv
[0.805s] -- Installing: /root/ros-lab-2/install/ros_gz_description/share/ros_gz_description/package.dsv
[0.813s] -- Up-to-date: /root/ros-lab-2/install/ros_gz_description/share/ament_index/resource_index/packages/ros_gz_description
[0.814s] -- Up-to-date: /root/ros-lab-2/install/ros_gz_description/share/ros_gz_description/cmake/ros_gz_descriptionConfig.cmake
[0.814s] -- Up-to-date: /root/ros-lab-2/install/ros_gz_description/share/ros_gz_description/cmake/ros_gz_descriptionConfig-version.cmake
[0.815s] -- Up-to-date: /root/ros-lab-2/install/ros_gz_description/share/ros_gz_description/package.xml
[0.820s] Invoked command in '/root/ros-lab-2/build/ros_gz_description' returned '0': CMAKE_PREFIX_PATH=${CMAKE_PREFIX_PATH}:/root/ros-lab-2/install/wall_follow:/opt/ros/jazzy PS1=<ROS2-Jazzy>[\u@\h \W]$ /usr/bin/cmake --install /root/ros-lab-2/build/ros_gz_description
