[0.278s] DEBUG:colcon:Command line arguments: ['/usr/bin/colcon', 'build']
[0.278s] DEBUG:colcon:Parsed command line arguments: Namespace(log_base=None, log_level=None, verb_name='build', build_base='build', install_base='install', merge_install=False, symlink_install=False, test_result_base=None, continue_on_error=False, executor='parallel', parallel_workers=16, event_handlers=None, ignore_user_meta=False, metas=['./colcon.meta'], base_paths=['.'], packages_ignore=None, packages_ignore_regex=None, paths=None, packages_up_to=None, packages_up_to_regex=None, packages_above=None, packages_above_and_dependencies=None, packages_above_depth=None, packages_select_by_dep=None, packages_skip_by_dep=None, packages_skip_up_to=None, packages_select_build_failed=False, packages_skip_build_finished=False, packages_select_test_failures=False, packages_skip_test_passed=False, packages_select=None, packages_skip=None, packages_select_regex=None, packages_skip_regex=None, packages_start=None, packages_end=None, allow_overriding=[], cmake_args=None, cmake_target=None, cmake_target_skip_unavailable=False, cmake_clean_cache=False, cmake_clean_first=False, cmake_force_configure=False, ament_cmake_args=None, catkin_cmake_args=None, catkin_skip_building_tests=False, mixin_files=None, mixin=None, verb_parser=<colcon_mixin.mixin.mixin_argument.MixinArgumentDecorator object at 0x7fa6dab22c30>, verb_extension=<colcon_core.verb.build.BuildVerb object at 0x7fa6dacbb440>, main=<bound method BuildVerb.main of <colcon_core.verb.build.BuildVerb object at 0x7fa6dacbb440>>, mixin_verb=('build',))
[0.372s] Level 1:colcon.colcon_core.package_discovery:discover_packages(colcon_meta) check parameters
[0.373s] Level 1:colcon.colcon_core.package_discovery:discover_packages(recursive) check parameters
[0.373s] Level 1:colcon.colcon_core.package_discovery:discover_packages(ignore) check parameters
[0.373s] Level 1:colcon.colcon_core.package_discovery:discover_packages(path) check parameters
[0.373s] Level 1:colcon.colcon_core.package_discovery:discover_packages(colcon_meta) discover
[0.373s] Level 1:colcon.colcon_core.package_discovery:discover_packages(recursive) discover
[0.373s] INFO:colcon.colcon_core.package_discovery:Crawling recursively for packages in '/root/ros-lab-2'
[0.373s] Level 1:colcon.colcon_core.package_identification:_identify(.) by extensions ['ignore', 'ignore_ament_install']
[0.373s] Level 1:colcon.colcon_core.package_identification:_identify(.) by extension 'ignore'
[0.374s] Level 1:colcon.colcon_core.package_identification:_identify(.) by extension 'ignore_ament_install'
[0.374s] Level 1:colcon.colcon_core.package_identification:_identify(.) by extensions ['colcon_pkg']
[0.374s] Level 1:colcon.colcon_core.package_identification:_identify(.) by extension 'colcon_pkg'
[0.374s] Level 1:colcon.colcon_core.package_identification:_identify(.) by extensions ['colcon_meta']
[0.374s] Level 1:colcon.colcon_core.package_identification:_identify(.) by extension 'colcon_meta'
[0.374s] Level 1:colcon.colcon_core.package_identification:_identify(.) by extensions ['ros']
[0.374s] Level 1:colcon.colcon_core.package_identification:_identify(.) by extension 'ros'
[0.440s] Level 1:colcon.colcon_core.package_identification:_identify(.) by extensions ['cmake', 'python']
[0.440s] Level 1:colcon.colcon_core.package_identification:_identify(.) by extension 'cmake'
[0.441s] Level 1:colcon.colcon_core.package_identification:_identify(.) by extension 'python'
[0.441s] Level 1:colcon.colcon_core.package_identification:_identify(.) by extensions ['python_setup_py']
[0.441s] Level 1:colcon.colcon_core.package_identification:_identify(.) by extension 'python_setup_py'
[0.441s] Level 1:colcon.colcon_core.package_identification:_identify(build) by extensions ['ignore', 'ignore_ament_install']
[0.441s] Level 1:colcon.colcon_core.package_identification:_identify(build) by extension 'ignore'
[0.442s] Level 1:colcon.colcon_core.package_identification:_identify(build) ignored
[0.442s] Level 1:colcon.colcon_core.package_identification:_identify(figs) by extensions ['ignore', 'ignore_ament_install']
[0.442s] Level 1:colcon.colcon_core.package_identification:_identify(figs) by extension 'ignore'
[0.442s] Level 1:colcon.colcon_core.package_identification:_identify(figs) by extension 'ignore_ament_install'
[0.442s] Level 1:colcon.colcon_core.package_identification:_identify(figs) by extensions ['colcon_pkg']
[0.442s] Level 1:colcon.colcon_core.package_identification:_identify(figs) by extension 'colcon_pkg'
[0.442s] Level 1:colcon.colcon_core.package_identification:_identify(figs) by extensions ['colcon_meta']
[0.443s] Level 1:colcon.colcon_core.package_identification:_identify(figs) by extension 'colcon_meta'
[0.443s] Level 1:colcon.colcon_core.package_identification:_identify(figs) by extensions ['ros']
[0.443s] Level 1:colcon.colcon_core.package_identification:_identify(figs) by extension 'ros'
[0.443s] Level 1:colcon.colcon_core.package_identification:_identify(figs) by extensions ['cmake', 'python']
[0.443s] Level 1:colcon.colcon_core.package_identification:_identify(figs) by extension 'cmake'
[0.443s] Level 1:colcon.colcon_core.package_identification:_identify(figs) by extension 'python'
[0.443s] Level 1:colcon.colcon_core.package_identification:_identify(figs) by extensions ['python_setup_py']
[0.443s] Level 1:colcon.colcon_core.package_identification:_identify(figs) by extension 'python_setup_py'
[0.443s] Level 1:colcon.colcon_core.package_identification:_identify(install) by extensions ['ignore', 'ignore_ament_install']
[0.443s] Level 1:colcon.colcon_core.package_identification:_identify(install) by extension 'ignore'
[0.444s] Level 1:colcon.colcon_core.package_identification:_identify(install) ignored
[0.444s] Level 1:colcon.colcon_core.package_identification:_identify(log) by extensions ['ignore', 'ignore_ament_install']
[0.444s] Level 1:colcon.colcon_core.package_identification:_identify(log) by extension 'ignore'
[0.444s] Level 1:colcon.colcon_core.package_identification:_identify(log) ignored
[0.444s] Level 1:colcon.colcon_core.package_identification:_identify(ros_gz_app) by extensions ['ignore', 'ignore_ament_install']
[0.444s] Level 1:colcon.colcon_core.package_identification:_identify(ros_gz_app) by extension 'ignore'
[0.444s] Level 1:colcon.colcon_core.package_identification:_identify(ros_gz_app) by extension 'ignore_ament_install'
[0.445s] Level 1:colcon.colcon_core.package_identification:_identify(ros_gz_app) by extensions ['colcon_pkg']
[0.445s] Level 1:colcon.colcon_core.package_identification:_identify(ros_gz_app) by extension 'colcon_pkg'
[0.445s] Level 1:colcon.colcon_core.package_identification:_identify(ros_gz_app) by extensions ['colcon_meta']
[0.445s] Level 1:colcon.colcon_core.package_identification:_identify(ros_gz_app) by extension 'colcon_meta'
[0.445s] Level 1:colcon.colcon_core.package_identification:_identify(ros_gz_app) by extensions ['ros']
[0.445s] Level 1:colcon.colcon_core.package_identification:_identify(ros_gz_app) by extension 'ros'
[0.452s] DEBUG:colcon.colcon_core.package_identification:Package 'ros_gz_app' with type 'ros.ament_cmake' and name 'ros_gz_app'
[0.452s] Level 1:colcon.colcon_core.package_identification:_identify(ros_gz_bringup) by extensions ['ignore', 'ignore_ament_install']
[0.452s] Level 1:colcon.colcon_core.package_identification:_identify(ros_gz_bringup) by extension 'ignore'
[0.452s] Level 1:colcon.colcon_core.package_identification:_identify(ros_gz_bringup) by extension 'ignore_ament_install'
[0.452s] Level 1:colcon.colcon_core.package_identification:_identify(ros_gz_bringup) by extensions ['colcon_pkg']
[0.452s] Level 1:colcon.colcon_core.package_identification:_identify(ros_gz_bringup) by extension 'colcon_pkg'
[0.453s] Level 1:colcon.colcon_core.package_identification:_identify(ros_gz_bringup) by extensions ['colcon_meta']
[0.453s] Level 1:colcon.colcon_core.package_identification:_identify(ros_gz_bringup) by extension 'colcon_meta'
[0.453s] Level 1:colcon.colcon_core.package_identification:_identify(ros_gz_bringup) by extensions ['ros']
[0.453s] Level 1:colcon.colcon_core.package_identification:_identify(ros_gz_bringup) by extension 'ros'
[0.455s] DEBUG:colcon.colcon_core.package_identification:Package 'ros_gz_bringup' with type 'ros.ament_cmake' and name 'ros_gz_bringup'
[0.456s] Level 1:colcon.colcon_core.package_identification:_identify(ros_gz_description) by extensions ['ignore', 'ignore_ament_install']
[0.456s] Level 1:colcon.colcon_core.package_identification:_identify(ros_gz_description) by extension 'ignore'
[0.456s] Level 1:colcon.colcon_core.package_identification:_identify(ros_gz_description) by extension 'ignore_ament_install'
[0.456s] Level 1:colcon.colcon_core.package_identification:_identify(ros_gz_description) by extensions ['colcon_pkg']
[0.457s] Level 1:colcon.colcon_core.package_identification:_identify(ros_gz_description) by extension 'colcon_pkg'
[0.457s] Level 1:colcon.colcon_core.package_identification:_identify(ros_gz_description) by extensions ['colcon_meta']
[0.457s] Level 1:colcon.colcon_core.package_identification:_identify(ros_gz_description) by extension 'colcon_meta'
[0.457s] Level 1:colcon.colcon_core.package_identification:_identify(ros_gz_description) by extensions ['ros']
[0.457s] Level 1:colcon.colcon_core.package_identification:_identify(ros_gz_description) by extension 'ros'
[0.458s] DEBUG:colcon.colcon_core.package_identification:Package 'ros_gz_description' with type 'ros.ament_cmake' and name 'ros_gz_description'
[0.458s] Level 1:colcon.colcon_core.package_identification:_identify(ros_gz_gazebo) by extensions ['ignore', 'ignore_ament_install']
[0.458s] Level 1:colcon.colcon_core.package_identification:_identify(ros_gz_gazebo) by extension 'ignore'
[0.458s] Level 1:colcon.colcon_core.package_identification:_identify(ros_gz_gazebo) by extension 'ignore_ament_install'
[0.459s] Level 1:colcon.colcon_core.package_identification:_identify(ros_gz_gazebo) by extensions ['colcon_pkg']
[0.459s] Level 1:colcon.colcon_core.package_identification:_identify(ros_gz_gazebo) by extension 'colcon_pkg'
[0.459s] Level 1:colcon.colcon_core.package_identification:_identify(ros_gz_gazebo) by extensions ['colcon_meta']
[0.459s] Level 1:colcon.colcon_core.package_identification:_identify(ros_gz_gazebo) by extension 'colcon_meta'
[0.459s] Level 1:colcon.colcon_core.package_identification:_identify(ros_gz_gazebo) by extensions ['ros']
[0.459s] Level 1:colcon.colcon_core.package_identification:_identify(ros_gz_gazebo) by extension 'ros'
[0.460s] DEBUG:colcon.colcon_core.package_identification:Package 'ros_gz_gazebo' with type 'ros.ament_cmake' and name 'ros_gz_gazebo'
[0.460s] Level 1:colcon.colcon_core.package_identification:_identify(src) by extensions ['ignore', 'ignore_ament_install']
[0.461s] Level 1:colcon.colcon_core.package_identification:_identify(src) by extension 'ignore'
[0.461s] Level 1:colcon.colcon_core.package_identification:_identify(src) by extension 'ignore_ament_install'
[0.461s] Level 1:colcon.colcon_core.package_identification:_identify(src) by extensions ['colcon_pkg']
[0.461s] Level 1:colcon.colcon_core.package_identification:_identify(src) by extension 'colcon_pkg'
[0.461s] Level 1:colcon.colcon_core.package_identification:_identify(src) by extensions ['colcon_meta']
[0.461s] Level 1:colcon.colcon_core.package_identification:_identify(src) by extension 'colcon_meta'
[0.461s] Level 1:colcon.colcon_core.package_identification:_identify(src) by extensions ['ros']
[0.461s] Level 1:colcon.colcon_core.package_identification:_identify(src) by extension 'ros'
[0.462s] Level 1:colcon.colcon_core.package_identification:_identify(src) by extensions ['cmake', 'python']
[0.462s] Level 1:colcon.colcon_core.package_identification:_identify(src) by extension 'cmake'
[0.462s] Level 1:colcon.colcon_core.package_identification:_identify(src) by extension 'python'
[0.462s] Level 1:colcon.colcon_core.package_identification:_identify(src) by extensions ['python_setup_py']
[0.462s] Level 1:colcon.colcon_core.package_identification:_identify(src) by extension 'python_setup_py'
[0.462s] Level 1:colcon.colcon_core.package_identification:_identify(src/wall_follow) by extensions ['ignore', 'ignore_ament_install']
[0.463s] Level 1:colcon.colcon_core.package_identification:_identify(src/wall_follow) by extension 'ignore'
[0.463s] Level 1:colcon.colcon_core.package_identification:_identify(src/wall_follow) by extension 'ignore_ament_install'
[0.463s] Level 1:colcon.colcon_core.package_identification:_identify(src/wall_follow) by extensions ['colcon_pkg']
[0.463s] Level 1:colcon.colcon_core.package_identification:_identify(src/wall_follow) by extension 'colcon_pkg'
[0.463s] Level 1:colcon.colcon_core.package_identification:_identify(src/wall_follow) by extensions ['colcon_meta']
[0.463s] Level 1:colcon.colcon_core.package_identification:_identify(src/wall_follow) by extension 'colcon_meta'
[0.463s] Level 1:colcon.colcon_core.package_identification:_identify(src/wall_follow) by extensions ['ros']
[0.463s] Level 1:colcon.colcon_core.package_identification:_identify(src/wall_follow) by extension 'ros'
[0.465s] DEBUG:colcon.colcon_core.package_identification:Package 'src/wall_follow' with type 'ros.ament_python' and name 'wall_follow'
[0.465s] Level 1:colcon.colcon_core.package_discovery:discover_packages(recursive) using defaults
[0.465s] Level 1:colcon.colcon_core.package_discovery:discover_packages(ignore) discover
[0.465s] Level 1:colcon.colcon_core.package_discovery:discover_packages(ignore) using defaults
[0.465s] Level 1:colcon.colcon_core.package_discovery:discover_packages(path) discover
[0.465s] Level 1:colcon.colcon_core.package_discovery:discover_packages(path) using defaults
[0.514s] Level 1:colcon.colcon_core.package_discovery:discover_packages(prefix_path) check parameters
[0.514s] Level 1:colcon.colcon_core.package_discovery:discover_packages(prefix_path) discover
[0.520s] DEBUG:colcon.colcon_installed_package_information.package_discovery:Found 5 installed packages in /root/ros-lab-2/install
[0.525s] DEBUG:colcon.colcon_installed_package_information.package_discovery:Found 317 installed packages in /opt/ros/jazzy
[0.531s] Level 1:colcon.colcon_core.package_discovery:discover_packages(prefix_path) using defaults
[0.653s] Level 5:colcon.colcon_core.verb:set package 'ros_gz_app' build argument 'cmake_args' from command line to 'None'
[0.653s] Level 5:colcon.colcon_core.verb:set package 'ros_gz_app' build argument 'cmake_target' from command line to 'None'
[0.653s] Level 5:colcon.colcon_core.verb:set package 'ros_gz_app' build argument 'cmake_target_skip_unavailable' from command line to 'False'
[0.653s] Level 5:colcon.colcon_core.verb:set package 'ros_gz_app' build argument 'cmake_clean_cache' from command line to 'False'
[0.653s] Level 5:colcon.colcon_core.verb:set package 'ros_gz_app' build argument 'cmake_clean_first' from command line to 'False'
[0.653s] Level 5:colcon.colcon_core.verb:set package 'ros_gz_app' build argument 'cmake_force_configure' from command line to 'False'
[0.653s] Level 5:colcon.colcon_core.verb:set package 'ros_gz_app' build argument 'ament_cmake_args' from command line to 'None'
[0.654s] Level 5:colcon.colcon_core.verb:set package 'ros_gz_app' build argument 'catkin_cmake_args' from command line to 'None'
[0.654s] Level 5:colcon.colcon_core.verb:set package 'ros_gz_app' build argument 'catkin_skip_building_tests' from command line to 'False'
[0.654s] DEBUG:colcon.colcon_core.verb:Building package 'ros_gz_app' with the following arguments: {'ament_cmake_args': None, 'build_base': '/root/ros-lab-2/build/ros_gz_app', 'catkin_cmake_args': None, 'catkin_skip_building_tests': False, 'cmake_args': None, 'cmake_clean_cache': False, 'cmake_clean_first': False, 'cmake_force_configure': False, 'cmake_target': None, 'cmake_target_skip_unavailable': False, 'install_base': '/root/ros-lab-2/install/ros_gz_app', 'merge_install': False, 'path': '/root/ros-lab-2/ros_gz_app', 'symlink_install': False, 'test_result_base': None}
[0.654s] Level 5:colcon.colcon_core.verb:set package 'ros_gz_description' build argument 'cmake_args' from command line to 'None'
[0.655s] Level 5:colcon.colcon_core.verb:set package 'ros_gz_description' build argument 'cmake_target' from command line to 'None'
[0.655s] Level 5:colcon.colcon_core.verb:set package 'ros_gz_description' build argument 'cmake_target_skip_unavailable' from command line to 'False'
[0.655s] Level 5:colcon.colcon_core.verb:set package 'ros_gz_description' build argument 'cmake_clean_cache' from command line to 'False'
[0.655s] Level 5:colcon.colcon_core.verb:set package 'ros_gz_description' build argument 'cmake_clean_first' from command line to 'False'
[0.655s] Level 5:colcon.colcon_core.verb:set package 'ros_gz_description' build argument 'cmake_force_configure' from command line to 'False'
[0.655s] Level 5:colcon.colcon_core.verb:set package 'ros_gz_description' build argument 'ament_cmake_args' from command line to 'None'
[0.655s] Level 5:colcon.colcon_core.verb:set package 'ros_gz_description' build argument 'catkin_cmake_args' from command line to 'None'
[0.655s] Level 5:colcon.colcon_core.verb:set package 'ros_gz_description' build argument 'catkin_skip_building_tests' from command line to 'False'
[0.655s] DEBUG:colcon.colcon_core.verb:Building package 'ros_gz_description' with the following arguments: {'ament_cmake_args': None, 'build_base': '/root/ros-lab-2/build/ros_gz_description', 'catkin_cmake_args': None, 'catkin_skip_building_tests': False, 'cmake_args': None, 'cmake_clean_cache': False, 'cmake_clean_first': False, 'cmake_force_configure': False, 'cmake_target': None, 'cmake_target_skip_unavailable': False, 'install_base': '/root/ros-lab-2/install/ros_gz_description', 'merge_install': False, 'path': '/root/ros-lab-2/ros_gz_description', 'symlink_install': False, 'test_result_base': None}
[0.656s] Level 5:colcon.colcon_core.verb:set package 'wall_follow' build argument 'cmake_args' from command line to 'None'
[0.656s] Level 5:colcon.colcon_core.verb:set package 'wall_follow' build argument 'cmake_target' from command line to 'None'
[0.656s] Level 5:colcon.colcon_core.verb:set package 'wall_follow' build argument 'cmake_target_skip_unavailable' from command line to 'False'
[0.656s] Level 5:colcon.colcon_core.verb:set package 'wall_follow' build argument 'cmake_clean_cache' from command line to 'False'
[0.656s] Level 5:colcon.colcon_core.verb:set package 'wall_follow' build argument 'cmake_clean_first' from command line to 'False'
[0.656s] Level 5:colcon.colcon_core.verb:set package 'wall_follow' build argument 'cmake_force_configure' from command line to 'False'
[0.656s] Level 5:colcon.colcon_core.verb:set package 'wall_follow' build argument 'ament_cmake_args' from command line to 'None'
[0.656s] Level 5:colcon.colcon_core.verb:set package 'wall_follow' build argument 'catkin_cmake_args' from command line to 'None'
[0.656s] Level 5:colcon.colcon_core.verb:set package 'wall_follow' build argument 'catkin_skip_building_tests' from command line to 'False'
[0.656s] DEBUG:colcon.colcon_core.verb:Building package 'wall_follow' with the following arguments: {'ament_cmake_args': None, 'build_base': '/root/ros-lab-2/build/wall_follow', 'catkin_cmake_args': None, 'catkin_skip_building_tests': False, 'cmake_args': None, 'cmake_clean_cache': False, 'cmake_clean_first': False, 'cmake_force_configure': False, 'cmake_target': None, 'cmake_target_skip_unavailable': False, 'install_base': '/root/ros-lab-2/install/wall_follow', 'merge_install': False, 'path': '/root/ros-lab-2/src/wall_follow', 'symlink_install': False, 'test_result_base': None}
[0.656s] Level 5:colcon.colcon_core.verb:set package 'ros_gz_gazebo' build argument 'cmake_args' from command line to 'None'
[0.656s] Level 5:colcon.colcon_core.verb:set package 'ros_gz_gazebo' build argument 'cmake_target' from command line to 'None'
[0.657s] Level 5:colcon.colcon_core.verb:set package 'ros_gz_gazebo' build argument 'cmake_target_skip_unavailable' from command line to 'False'
[0.657s] Level 5:colcon.colcon_core.verb:set package 'ros_gz_gazebo' build argument 'cmake_clean_cache' from command line to 'False'
[0.657s] Level 5:colcon.colcon_core.verb:set package 'ros_gz_gazebo' build argument 'cmake_clean_first' from command line to 'False'
[0.657s] Level 5:colcon.colcon_core.verb:set package 'ros_gz_gazebo' build argument 'cmake_force_configure' from command line to 'False'
[0.657s] Level 5:colcon.colcon_core.verb:set package 'ros_gz_gazebo' build argument 'ament_cmake_args' from command line to 'None'
[0.657s] Level 5:colcon.colcon_core.verb:set package 'ros_gz_gazebo' build argument 'catkin_cmake_args' from command line to 'None'
[0.657s] Level 5:colcon.colcon_core.verb:set package 'ros_gz_gazebo' build argument 'catkin_skip_building_tests' from command line to 'False'
[0.657s] DEBUG:colcon.colcon_core.verb:Building package 'ros_gz_gazebo' with the following arguments: {'ament_cmake_args': None, 'build_base': '/root/ros-lab-2/build/ros_gz_gazebo', 'catkin_cmake_args': None, 'catkin_skip_building_tests': False, 'cmake_args': None, 'cmake_clean_cache': False, 'cmake_clean_first': False, 'cmake_force_configure': False, 'cmake_target': None, 'cmake_target_skip_unavailable': False, 'install_base': '/root/ros-lab-2/install/ros_gz_gazebo', 'merge_install': False, 'path': '/root/ros-lab-2/ros_gz_gazebo', 'symlink_install': False, 'test_result_base': None}
[0.658s] Level 5:colcon.colcon_core.verb:set package 'ros_gz_bringup' build argument 'cmake_args' from command line to 'None'
[0.658s] Level 5:colcon.colcon_core.verb:set package 'ros_gz_bringup' build argument 'cmake_target' from command line to 'None'
[0.658s] Level 5:colcon.colcon_core.verb:set package 'ros_gz_bringup' build argument 'cmake_target_skip_unavailable' from command line to 'False'
[0.658s] Level 5:colcon.colcon_core.verb:set package 'ros_gz_bringup' build argument 'cmake_clean_cache' from command line to 'False'
[0.658s] Level 5:colcon.colcon_core.verb:set package 'ros_gz_bringup' build argument 'cmake_clean_first' from command line to 'False'
[0.658s] Level 5:colcon.colcon_core.verb:set package 'ros_gz_bringup' build argument 'cmake_force_configure' from command line to 'False'
[0.658s] Level 5:colcon.colcon_core.verb:set package 'ros_gz_bringup' build argument 'ament_cmake_args' from command line to 'None'
[0.658s] Level 5:colcon.colcon_core.verb:set package 'ros_gz_bringup' build argument 'catkin_cmake_args' from command line to 'None'
[0.658s] Level 5:colcon.colcon_core.verb:set package 'ros_gz_bringup' build argument 'catkin_skip_building_tests' from command line to 'False'
[0.658s] DEBUG:colcon.colcon_core.verb:Building package 'ros_gz_bringup' with the following arguments: {'ament_cmake_args': None, 'build_base': '/root/ros-lab-2/build/ros_gz_bringup', 'catkin_cmake_args': None, 'catkin_skip_building_tests': False, 'cmake_args': None, 'cmake_clean_cache': False, 'cmake_clean_first': False, 'cmake_force_configure': False, 'cmake_target': None, 'cmake_target_skip_unavailable': False, 'install_base': '/root/ros-lab-2/install/ros_gz_bringup', 'merge_install': False, 'path': '/root/ros-lab-2/ros_gz_bringup', 'symlink_install': False, 'test_result_base': None}
[0.658s] INFO:colcon.colcon_core.executor:Executing jobs using 'parallel' executor
[0.661s] DEBUG:colcon.colcon_parallel_executor.executor.parallel:run_until_complete
[0.662s] INFO:colcon.colcon_ros.task.ament_cmake.build:Building ROS package in '/root/ros-lab-2/ros_gz_description' with build type 'ament_cmake'
[0.663s] INFO:colcon.colcon_cmake.task.cmake.build:Building CMake package in '/root/ros-lab-2/ros_gz_description'
[0.670s] INFO:colcon.colcon_core.plugin_system:Skipping extension 'colcon_core.shell.bat': Not used on non-Windows systems
[0.670s] INFO:colcon.colcon_core.shell:Skip shell extension 'powershell' for command environment: Not usable outside of PowerShell
[0.670s] DEBUG:colcon.colcon_core.shell:Skip shell extension 'dsv' for command environment
[0.679s] INFO:colcon.colcon_ros.task.ament_cmake.build:Building ROS package in '/root/ros-lab-2/ros_gz_app' with build type 'ament_cmake'
[0.679s] INFO:colcon.colcon_cmake.task.cmake.build:Building CMake package in '/root/ros-lab-2/ros_gz_app'
[0.680s] INFO:colcon.colcon_core.shell:Skip shell extension 'powershell' for command environment: Not usable outside of PowerShell
[0.680s] DEBUG:colcon.colcon_core.shell:Skip shell extension 'dsv' for command environment
[0.688s] INFO:colcon.colcon_ros.task.ament_python.build:Building ROS package in '/root/ros-lab-2/src/wall_follow' with build type 'ament_python'
[0.689s] Level 1:colcon.colcon_core.shell:create_environment_hook('wall_follow', 'ament_prefix_path')
[0.689s] INFO:colcon.colcon_core.shell:Creating environment hook '/root/ros-lab-2/install/wall_follow/share/wall_follow/hook/ament_prefix_path.ps1'
[0.692s] INFO:colcon.colcon_core.shell:Creating environment descriptor '/root/ros-lab-2/install/wall_follow/share/wall_follow/hook/ament_prefix_path.dsv'
[0.693s] INFO:colcon.colcon_core.shell:Creating environment hook '/root/ros-lab-2/install/wall_follow/share/wall_follow/hook/ament_prefix_path.sh'
[0.695s] INFO:colcon.colcon_core.shell:Skip shell extension 'powershell' for command environment: Not usable outside of PowerShell
[0.695s] DEBUG:colcon.colcon_core.shell:Skip shell extension 'dsv' for command environment
[0.726s] DEBUG:colcon.colcon_core.event_handler.log_command:Invoking command in '/root/ros-lab-2/build/ros_gz_description': CMAKE_PREFIX_PATH=${CMAKE_PREFIX_PATH}:/root/ros-lab-2/install/wall_follow:/opt/ros/jazzy PS1=<ROS2-Jazzy>[\u@\h \W]$ /usr/bin/cmake --build /root/ros-lab-2/build/ros_gz_description -- -j16 -l16
[0.735s] DEBUG:colcon.colcon_core.event_handler.log_command:Invoking command in '/root/ros-lab-2/build/ros_gz_app': CMAKE_PREFIX_PATH=${CMAKE_PREFIX_PATH}:/root/ros-lab-2/install/wall_follow:/opt/ros/jazzy PS1=<ROS2-Jazzy>[\u@\h \W]$ /usr/bin/cmake --build /root/ros-lab-2/build/ros_gz_app -- -j16 -l16
[1.271s] INFO:colcon.colcon_core.task.python.build:Building Python package in '/root/ros-lab-2/src/wall_follow'
[1.271s] INFO:colcon.colcon_core.shell:Skip shell extension 'powershell' for command environment: Not usable outside of PowerShell
[1.272s] DEBUG:colcon.colcon_core.shell:Skip shell extension 'dsv' for command environment
[1.290s] DEBUG:colcon.colcon_core.event_handler.log_command:Invoked command in '/root/ros-lab-2/build/ros_gz_description' returned '0': CMAKE_PREFIX_PATH=${CMAKE_PREFIX_PATH}:/root/ros-lab-2/install/wall_follow:/opt/ros/jazzy PS1=<ROS2-Jazzy>[\u@\h \W]$ /usr/bin/cmake --build /root/ros-lab-2/build/ros_gz_description -- -j16 -l16
[1.310s] DEBUG:colcon.colcon_core.event_handler.log_command:Invoking command in '/root/ros-lab-2/build/ros_gz_description': CMAKE_PREFIX_PATH=${CMAKE_PREFIX_PATH}:/root/ros-lab-2/install/wall_follow:/opt/ros/jazzy PS1=<ROS2-Jazzy>[\u@\h \W]$ /usr/bin/cmake --install /root/ros-lab-2/build/ros_gz_description
[1.312s] DEBUG:colcon.colcon_core.event_handler.log_command:Invoked command in '/root/ros-lab-2/build/ros_gz_app' returned '0': CMAKE_PREFIX_PATH=${CMAKE_PREFIX_PATH}:/root/ros-lab-2/install/wall_follow:/opt/ros/jazzy PS1=<ROS2-Jazzy>[\u@\h \W]$ /usr/bin/cmake --build /root/ros-lab-2/build/ros_gz_app -- -j16 -l16
[1.315s] DEBUG:colcon.colcon_core.event_handler.log_command:Invoking command in '/root/ros-lab-2/build/ros_gz_app': CMAKE_PREFIX_PATH=${CMAKE_PREFIX_PATH}:/root/ros-lab-2/install/wall_follow:/opt/ros/jazzy PS1=<ROS2-Jazzy>[\u@\h \W]$ /usr/bin/cmake --install /root/ros-lab-2/build/ros_gz_app
[1.350s] Level 1:colcon.colcon_core.environment:create_environment_scripts_only(ros_gz_description)
[1.351s] DEBUG:colcon.colcon_core.event_handler.log_command:Invoked command in '/root/ros-lab-2/build/ros_gz_description' returned '0': CMAKE_PREFIX_PATH=${CMAKE_PREFIX_PATH}:/root/ros-lab-2/install/wall_follow:/opt/ros/jazzy PS1=<ROS2-Jazzy>[\u@\h \W]$ /usr/bin/cmake --install /root/ros-lab-2/build/ros_gz_description
[1.358s] Level 1:colcon.colcon_core.environment:checking '/root/ros-lab-2/install/ros_gz_description' for CMake module files
[1.359s] Level 1:colcon.colcon_core.environment:checking '/root/ros-lab-2/install/ros_gz_description' for CMake config files
[1.360s] Level 1:colcon.colcon_core.shell:create_environment_hook('ros_gz_description', 'cmake_prefix_path')
[1.360s] INFO:colcon.colcon_core.shell:Creating environment hook '/root/ros-lab-2/install/ros_gz_description/share/ros_gz_description/hook/cmake_prefix_path.ps1'
[1.361s] INFO:colcon.colcon_core.shell:Creating environment descriptor '/root/ros-lab-2/install/ros_gz_description/share/ros_gz_description/hook/cmake_prefix_path.dsv'
[1.362s] INFO:colcon.colcon_core.shell:Creating environment hook '/root/ros-lab-2/install/ros_gz_description/share/ros_gz_description/hook/cmake_prefix_path.sh'
[1.366s] Level 1:colcon.colcon_core.environment:checking '/root/ros-lab-2/install/ros_gz_description/bin'
[1.366s] Level 1:colcon.colcon_core.environment:checking '/root/ros-lab-2/install/ros_gz_description/lib/pkgconfig/ros_gz_description.pc'
[1.367s] Level 1:colcon.colcon_core.environment:checking '/root/ros-lab-2/install/ros_gz_description/lib/python3.12/site-packages'
[1.367s] Level 1:colcon.colcon_core.environment:checking '/root/ros-lab-2/install/ros_gz_description/bin'
[1.367s] INFO:colcon.colcon_core.shell:Creating package script '/root/ros-lab-2/install/ros_gz_description/share/ros_gz_description/package.ps1'
[1.369s] INFO:colcon.colcon_core.shell:Creating package descriptor '/root/ros-lab-2/install/ros_gz_description/share/ros_gz_description/package.dsv'
[1.370s] INFO:colcon.colcon_core.shell:Creating package script '/root/ros-lab-2/install/ros_gz_description/share/ros_gz_description/package.sh'
[1.372s] INFO:colcon.colcon_core.shell:Creating package script '/root/ros-lab-2/install/ros_gz_description/share/ros_gz_description/package.bash'
[1.373s] INFO:colcon.colcon_core.shell:Creating package script '/root/ros-lab-2/install/ros_gz_description/share/ros_gz_description/package.zsh'
[1.375s] Level 1:colcon.colcon_core.environment:create_file_with_runtime_dependencies(/root/ros-lab-2/install/ros_gz_description/share/colcon-core/packages/ros_gz_description)
[1.376s] Level 1:colcon.colcon_core.environment:create_environment_scripts_only(ros_gz_description)
[1.376s] Level 1:colcon.colcon_core.environment:checking '/root/ros-lab-2/install/ros_gz_description' for CMake module files
[1.377s] Level 1:colcon.colcon_core.environment:checking '/root/ros-lab-2/install/ros_gz_description' for CMake config files
[1.378s] Level 1:colcon.colcon_core.shell:create_environment_hook('ros_gz_description', 'cmake_prefix_path')
[1.378s] INFO:colcon.colcon_core.shell:Creating environment hook '/root/ros-lab-2/install/ros_gz_description/share/ros_gz_description/hook/cmake_prefix_path.ps1'
[1.379s] INFO:colcon.colcon_core.shell:Creating environment descriptor '/root/ros-lab-2/install/ros_gz_description/share/ros_gz_description/hook/cmake_prefix_path.dsv'
[1.380s] INFO:colcon.colcon_core.shell:Creating environment hook '/root/ros-lab-2/install/ros_gz_description/share/ros_gz_description/hook/cmake_prefix_path.sh'
[1.381s] Level 1:colcon.colcon_core.environment:checking '/root/ros-lab-2/install/ros_gz_description/bin'
[1.381s] Level 1:colcon.colcon_core.environment:checking '/root/ros-lab-2/install/ros_gz_description/lib/pkgconfig/ros_gz_description.pc'
[1.382s] Level 1:colcon.colcon_core.environment:checking '/root/ros-lab-2/install/ros_gz_description/lib/python3.12/site-packages'
[1.382s] Level 1:colcon.colcon_core.environment:checking '/root/ros-lab-2/install/ros_gz_description/bin'
[1.383s] INFO:colcon.colcon_core.shell:Creating package script '/root/ros-lab-2/install/ros_gz_description/share/ros_gz_description/package.ps1'
[1.384s] INFO:colcon.colcon_core.shell:Creating package descriptor '/root/ros-lab-2/install/ros_gz_description/share/ros_gz_description/package.dsv'
[1.385s] INFO:colcon.colcon_core.shell:Creating package script '/root/ros-lab-2/install/ros_gz_description/share/ros_gz_description/package.sh'
[1.386s] INFO:colcon.colcon_core.shell:Creating package script '/root/ros-lab-2/install/ros_gz_description/share/ros_gz_description/package.bash'
[1.387s] INFO:colcon.colcon_core.shell:Creating package script '/root/ros-lab-2/install/ros_gz_description/share/ros_gz_description/package.zsh'
[1.388s] Level 1:colcon.colcon_core.environment:create_file_with_runtime_dependencies(/root/ros-lab-2/install/ros_gz_description/share/colcon-core/packages/ros_gz_description)
[1.389s] INFO:colcon.colcon_ros.task.ament_cmake.build:Building ROS package in '/root/ros-lab-2/ros_gz_gazebo' with build type 'ament_cmake'
[1.392s] INFO:colcon.colcon_cmake.task.cmake.build:Building CMake package in '/root/ros-lab-2/ros_gz_gazebo'
[1.392s] INFO:colcon.colcon_core.shell:Skip shell extension 'powershell' for command environment: Not usable outside of PowerShell
[1.392s] DEBUG:colcon.colcon_core.shell:Skip shell extension 'dsv' for command environment
[1.401s] Level 1:colcon.colcon_core.environment:create_environment_scripts_only(ros_gz_app)
[1.402s] Level 1:colcon.colcon_core.environment:checking '/root/ros-lab-2/install/ros_gz_app' for CMake module files
[1.404s] DEBUG:colcon.colcon_core.event_handler.log_command:Invoked command in '/root/ros-lab-2/build/ros_gz_app' returned '0': CMAKE_PREFIX_PATH=${CMAKE_PREFIX_PATH}:/root/ros-lab-2/install/wall_follow:/opt/ros/jazzy PS1=<ROS2-Jazzy>[\u@\h \W]$ /usr/bin/cmake --install /root/ros-lab-2/build/ros_gz_app
[1.405s] Level 1:colcon.colcon_core.environment:checking '/root/ros-lab-2/install/ros_gz_app' for CMake config files
[1.406s] Level 1:colcon.colcon_core.shell:create_environment_hook('ros_gz_app', 'cmake_prefix_path')
[1.406s] INFO:colcon.colcon_core.shell:Creating environment hook '/root/ros-lab-2/install/ros_gz_app/share/ros_gz_app/hook/cmake_prefix_path.ps1'
[1.407s] INFO:colcon.colcon_core.shell:Creating environment descriptor '/root/ros-lab-2/install/ros_gz_app/share/ros_gz_app/hook/cmake_prefix_path.dsv'
[1.408s] INFO:colcon.colcon_core.shell:Creating environment hook '/root/ros-lab-2/install/ros_gz_app/share/ros_gz_app/hook/cmake_prefix_path.sh'
[1.410s] Level 1:colcon.colcon_core.environment:checking '/root/ros-lab-2/install/ros_gz_app/bin'
[1.410s] Level 1:colcon.colcon_core.environment:checking '/root/ros-lab-2/install/ros_gz_app/lib/pkgconfig/ros_gz_app.pc'
[1.411s] Level 1:colcon.colcon_core.environment:checking '/root/ros-lab-2/install/ros_gz_app/lib/python3.12/site-packages'
[1.412s] Level 1:colcon.colcon_core.environment:checking '/root/ros-lab-2/install/ros_gz_app/bin'
[1.412s] INFO:colcon.colcon_core.shell:Creating package script '/root/ros-lab-2/install/ros_gz_app/share/ros_gz_app/package.ps1'
[1.413s] INFO:colcon.colcon_core.shell:Creating package descriptor '/root/ros-lab-2/install/ros_gz_app/share/ros_gz_app/package.dsv'
[1.414s] INFO:colcon.colcon_core.shell:Creating package script '/root/ros-lab-2/install/ros_gz_app/share/ros_gz_app/package.sh'
[1.414s] INFO:colcon.colcon_core.shell:Creating package script '/root/ros-lab-2/install/ros_gz_app/share/ros_gz_app/package.bash'
[1.415s] INFO:colcon.colcon_core.shell:Creating package script '/root/ros-lab-2/install/ros_gz_app/share/ros_gz_app/package.zsh'
[1.415s] Level 1:colcon.colcon_core.environment:create_file_with_runtime_dependencies(/root/ros-lab-2/install/ros_gz_app/share/colcon-core/packages/ros_gz_app)
[1.417s] Level 1:colcon.colcon_core.environment:create_environment_scripts_only(ros_gz_app)
[1.417s] Level 1:colcon.colcon_core.environment:checking '/root/ros-lab-2/install/ros_gz_app' for CMake module files
[1.418s] Level 1:colcon.colcon_core.environment:checking '/root/ros-lab-2/install/ros_gz_app' for CMake config files
[1.418s] Level 1:colcon.colcon_core.shell:create_environment_hook('ros_gz_app', 'cmake_prefix_path')
[1.419s] INFO:colcon.colcon_core.shell:Creating environment hook '/root/ros-lab-2/install/ros_gz_app/share/ros_gz_app/hook/cmake_prefix_path.ps1'
[1.420s] INFO:colcon.colcon_core.shell:Creating environment descriptor '/root/ros-lab-2/install/ros_gz_app/share/ros_gz_app/hook/cmake_prefix_path.dsv'
[1.420s] INFO:colcon.colcon_core.shell:Creating environment hook '/root/ros-lab-2/install/ros_gz_app/share/ros_gz_app/hook/cmake_prefix_path.sh'
[1.422s] Level 1:colcon.colcon_core.environment:checking '/root/ros-lab-2/install/ros_gz_app/bin'
[1.422s] Level 1:colcon.colcon_core.environment:checking '/root/ros-lab-2/install/ros_gz_app/lib/pkgconfig/ros_gz_app.pc'
[1.422s] Level 1:colcon.colcon_core.environment:checking '/root/ros-lab-2/install/ros_gz_app/lib/python3.12/site-packages'
[1.423s] Level 1:colcon.colcon_core.environment:checking '/root/ros-lab-2/install/ros_gz_app/bin'
[1.423s] INFO:colcon.colcon_core.shell:Creating package script '/root/ros-lab-2/install/ros_gz_app/share/ros_gz_app/package.ps1'
[1.425s] INFO:colcon.colcon_core.shell:Creating package descriptor '/root/ros-lab-2/install/ros_gz_app/share/ros_gz_app/package.dsv'
[1.426s] INFO:colcon.colcon_core.shell:Creating package script '/root/ros-lab-2/install/ros_gz_app/share/ros_gz_app/package.sh'
[1.428s] INFO:colcon.colcon_core.shell:Creating package script '/root/ros-lab-2/install/ros_gz_app/share/ros_gz_app/package.bash'
[1.430s] INFO:colcon.colcon_core.shell:Creating package script '/root/ros-lab-2/install/ros_gz_app/share/ros_gz_app/package.zsh'
[1.431s] Level 1:colcon.colcon_core.environment:create_file_with_runtime_dependencies(/root/ros-lab-2/install/ros_gz_app/share/colcon-core/packages/ros_gz_app)
[1.442s] DEBUG:colcon.colcon_core.event_handler.log_command:Invoking command in '/root/ros-lab-2/build/ros_gz_gazebo': CMAKE_PREFIX_PATH=/root/ros-lab-2/install/ros_gz_description:/root/ros-lab-2/install/ros_gz_bringup:/root/ros-lab-2/install/ros_gz_gazebo:/root/ros-lab-2/install/ros_gz_app:/opt/ros/jazzy/opt/gz_sim_vendor:/opt/ros/jazzy/opt/gz_sensors_vendor:/opt/ros/jazzy/opt/gz_physics_vendor:/opt/ros/jazzy/opt/sdformat_vendor:/opt/ros/jazzy/opt/gz_gui_vendor:/opt/ros/jazzy/opt/gz_transport_vendor:/opt/ros/jazzy/opt/gz_rendering_vendor:/opt/ros/jazzy/opt/gz_plugin_vendor:/opt/ros/jazzy/opt/gz_fuel_tools_vendor:/opt/ros/jazzy/opt/gz_msgs_vendor:/opt/ros/jazzy/opt/gz_common_vendor:/opt/ros/jazzy/opt/gz_math_vendor:/opt/ros/jazzy/opt/gz_utils_vendor:/opt/ros/jazzy/opt/gz_tools_vendor:/opt/ros/jazzy/opt/gz_ogre_next_vendor:/opt/ros/jazzy/opt/gz_dartsim_vendor:/opt/ros/jazzy/opt/gz_cmake_vendor:/root/ros-lab-2/install/wall_follow:/opt/ros/jazzy PS1=<ROS2-Jazzy>[\u@\h \W]$ /usr/bin/cmake --build /root/ros-lab-2/build/ros_gz_gazebo -- -j16 -l16
[1.599s] DEBUG:colcon.colcon_core.event_handler.log_command:Invoked command in '/root/ros-lab-2/build/ros_gz_gazebo' returned '0': CMAKE_PREFIX_PATH=/root/ros-lab-2/install/ros_gz_description:/root/ros-lab-2/install/ros_gz_bringup:/root/ros-lab-2/install/ros_gz_gazebo:/root/ros-lab-2/install/ros_gz_app:/opt/ros/jazzy/opt/gz_sim_vendor:/opt/ros/jazzy/opt/gz_sensors_vendor:/opt/ros/jazzy/opt/gz_physics_vendor:/opt/ros/jazzy/opt/sdformat_vendor:/opt/ros/jazzy/opt/gz_gui_vendor:/opt/ros/jazzy/opt/gz_transport_vendor:/opt/ros/jazzy/opt/gz_rendering_vendor:/opt/ros/jazzy/opt/gz_plugin_vendor:/opt/ros/jazzy/opt/gz_fuel_tools_vendor:/opt/ros/jazzy/opt/gz_msgs_vendor:/opt/ros/jazzy/opt/gz_common_vendor:/opt/ros/jazzy/opt/gz_math_vendor:/opt/ros/jazzy/opt/gz_utils_vendor:/opt/ros/jazzy/opt/gz_tools_vendor:/opt/ros/jazzy/opt/gz_ogre_next_vendor:/opt/ros/jazzy/opt/gz_dartsim_vendor:/opt/ros/jazzy/opt/gz_cmake_vendor:/root/ros-lab-2/install/wall_follow:/opt/ros/jazzy PS1=<ROS2-Jazzy>[\u@\h \W]$ /usr/bin/cmake --build /root/ros-lab-2/build/ros_gz_gazebo -- -j16 -l16
[1.602s] DEBUG:colcon.colcon_core.event_handler.log_command:Invoking command in '/root/ros-lab-2/build/ros_gz_gazebo': CMAKE_PREFIX_PATH=/root/ros-lab-2/install/ros_gz_description:/root/ros-lab-2/install/ros_gz_bringup:/root/ros-lab-2/install/ros_gz_gazebo:/root/ros-lab-2/install/ros_gz_app:/opt/ros/jazzy/opt/gz_sim_vendor:/opt/ros/jazzy/opt/gz_sensors_vendor:/opt/ros/jazzy/opt/gz_physics_vendor:/opt/ros/jazzy/opt/sdformat_vendor:/opt/ros/jazzy/opt/gz_gui_vendor:/opt/ros/jazzy/opt/gz_transport_vendor:/opt/ros/jazzy/opt/gz_rendering_vendor:/opt/ros/jazzy/opt/gz_plugin_vendor:/opt/ros/jazzy/opt/gz_fuel_tools_vendor:/opt/ros/jazzy/opt/gz_msgs_vendor:/opt/ros/jazzy/opt/gz_common_vendor:/opt/ros/jazzy/opt/gz_math_vendor:/opt/ros/jazzy/opt/gz_utils_vendor:/opt/ros/jazzy/opt/gz_tools_vendor:/opt/ros/jazzy/opt/gz_ogre_next_vendor:/opt/ros/jazzy/opt/gz_dartsim_vendor:/opt/ros/jazzy/opt/gz_cmake_vendor:/root/ros-lab-2/install/wall_follow:/opt/ros/jazzy PS1=<ROS2-Jazzy>[\u@\h \W]$ /usr/bin/cmake --install /root/ros-lab-2/build/ros_gz_gazebo
[1.643s] Level 1:colcon.colcon_core.environment:create_environment_scripts_only(ros_gz_gazebo)
[1.644s] Level 1:colcon.colcon_core.environment:checking '/root/ros-lab-2/install/ros_gz_gazebo' for CMake module files
[1.645s] DEBUG:colcon.colcon_core.event_handler.log_command:Invoked command in '/root/ros-lab-2/build/ros_gz_gazebo' returned '0': CMAKE_PREFIX_PATH=/root/ros-lab-2/install/ros_gz_description:/root/ros-lab-2/install/ros_gz_bringup:/root/ros-lab-2/install/ros_gz_gazebo:/root/ros-lab-2/install/ros_gz_app:/opt/ros/jazzy/opt/gz_sim_vendor:/opt/ros/jazzy/opt/gz_sensors_vendor:/opt/ros/jazzy/opt/gz_physics_vendor:/opt/ros/jazzy/opt/sdformat_vendor:/opt/ros/jazzy/opt/gz_gui_vendor:/opt/ros/jazzy/opt/gz_transport_vendor:/opt/ros/jazzy/opt/gz_rendering_vendor:/opt/ros/jazzy/opt/gz_plugin_vendor:/opt/ros/jazzy/opt/gz_fuel_tools_vendor:/opt/ros/jazzy/opt/gz_msgs_vendor:/opt/ros/jazzy/opt/gz_common_vendor:/opt/ros/jazzy/opt/gz_math_vendor:/opt/ros/jazzy/opt/gz_utils_vendor:/opt/ros/jazzy/opt/gz_tools_vendor:/opt/ros/jazzy/opt/gz_ogre_next_vendor:/opt/ros/jazzy/opt/gz_dartsim_vendor:/opt/ros/jazzy/opt/gz_cmake_vendor:/root/ros-lab-2/install/wall_follow:/opt/ros/jazzy PS1=<ROS2-Jazzy>[\u@\h \W]$ /usr/bin/cmake --install /root/ros-lab-2/build/ros_gz_gazebo
[1.647s] Level 1:colcon.colcon_core.environment:checking '/root/ros-lab-2/install/ros_gz_gazebo' for CMake config files
[1.647s] Level 1:colcon.colcon_core.shell:create_environment_hook('ros_gz_gazebo', 'cmake_prefix_path')
[1.648s] INFO:colcon.colcon_core.shell:Creating environment hook '/root/ros-lab-2/install/ros_gz_gazebo/share/ros_gz_gazebo/hook/cmake_prefix_path.ps1'
[1.649s] INFO:colcon.colcon_core.shell:Creating environment descriptor '/root/ros-lab-2/install/ros_gz_gazebo/share/ros_gz_gazebo/hook/cmake_prefix_path.dsv'
[1.649s] INFO:colcon.colcon_core.shell:Creating environment hook '/root/ros-lab-2/install/ros_gz_gazebo/share/ros_gz_gazebo/hook/cmake_prefix_path.sh'
[1.651s] Level 1:colcon.colcon_core.environment:checking '/root/ros-lab-2/install/ros_gz_gazebo/lib'
[1.652s] Level 1:colcon.colcon_core.environment:checking '/root/ros-lab-2/install/ros_gz_gazebo/bin'
[1.652s] Level 1:colcon.colcon_core.environment:checking '/root/ros-lab-2/install/ros_gz_gazebo/lib/pkgconfig/ros_gz_gazebo.pc'
[1.652s] Level 1:colcon.colcon_core.environment:checking '/root/ros-lab-2/install/ros_gz_gazebo/lib/python3.12/site-packages'
[1.653s] Level 1:colcon.colcon_core.environment:checking '/root/ros-lab-2/install/ros_gz_gazebo/bin'
[1.653s] INFO:colcon.colcon_core.shell:Creating package script '/root/ros-lab-2/install/ros_gz_gazebo/share/ros_gz_gazebo/package.ps1'
[1.655s] INFO:colcon.colcon_core.shell:Creating package descriptor '/root/ros-lab-2/install/ros_gz_gazebo/share/ros_gz_gazebo/package.dsv'
[1.656s] INFO:colcon.colcon_core.shell:Creating package script '/root/ros-lab-2/install/ros_gz_gazebo/share/ros_gz_gazebo/package.sh'
[1.656s] INFO:colcon.colcon_core.shell:Creating package script '/root/ros-lab-2/install/ros_gz_gazebo/share/ros_gz_gazebo/package.bash'
[1.657s] INFO:colcon.colcon_core.shell:Creating package script '/root/ros-lab-2/install/ros_gz_gazebo/share/ros_gz_gazebo/package.zsh'
[1.658s] Level 1:colcon.colcon_core.environment:create_file_with_runtime_dependencies(/root/ros-lab-2/install/ros_gz_gazebo/share/colcon-core/packages/ros_gz_gazebo)
[1.658s] Level 1:colcon.colcon_core.environment:create_environment_scripts_only(ros_gz_gazebo)
[1.659s] Level 1:colcon.colcon_core.environment:checking '/root/ros-lab-2/install/ros_gz_gazebo' for CMake module files
[1.660s] Level 1:colcon.colcon_core.environment:checking '/root/ros-lab-2/install/ros_gz_gazebo' for CMake config files
[1.660s] Level 1:colcon.colcon_core.shell:create_environment_hook('ros_gz_gazebo', 'cmake_prefix_path')
[1.660s] INFO:colcon.colcon_core.shell:Creating environment hook '/root/ros-lab-2/install/ros_gz_gazebo/share/ros_gz_gazebo/hook/cmake_prefix_path.ps1'
[1.661s] INFO:colcon.colcon_core.shell:Creating environment descriptor '/root/ros-lab-2/install/ros_gz_gazebo/share/ros_gz_gazebo/hook/cmake_prefix_path.dsv'
[1.662s] INFO:colcon.colcon_core.shell:Creating environment hook '/root/ros-lab-2/install/ros_gz_gazebo/share/ros_gz_gazebo/hook/cmake_prefix_path.sh'
[1.663s] Level 1:colcon.colcon_core.environment:checking '/root/ros-lab-2/install/ros_gz_gazebo/lib'
[1.663s] Level 1:colcon.colcon_core.environment:checking '/root/ros-lab-2/install/ros_gz_gazebo/bin'
[1.664s] Level 1:colcon.colcon_core.environment:checking '/root/ros-lab-2/install/ros_gz_gazebo/lib/pkgconfig/ros_gz_gazebo.pc'
[1.665s] Level 1:colcon.colcon_core.environment:checking '/root/ros-lab-2/install/ros_gz_gazebo/lib/python3.12/site-packages'
[1.666s] Level 1:colcon.colcon_core.environment:checking '/root/ros-lab-2/install/ros_gz_gazebo/bin'
[1.666s] INFO:colcon.colcon_core.shell:Creating package script '/root/ros-lab-2/install/ros_gz_gazebo/share/ros_gz_gazebo/package.ps1'
[1.667s] INFO:colcon.colcon_core.shell:Creating package descriptor '/root/ros-lab-2/install/ros_gz_gazebo/share/ros_gz_gazebo/package.dsv'
[1.668s] INFO:colcon.colcon_core.shell:Creating package script '/root/ros-lab-2/install/ros_gz_gazebo/share/ros_gz_gazebo/package.sh'
[1.670s] INFO:colcon.colcon_core.shell:Creating package script '/root/ros-lab-2/install/ros_gz_gazebo/share/ros_gz_gazebo/package.bash'
[1.670s] INFO:colcon.colcon_core.shell:Creating package script '/root/ros-lab-2/install/ros_gz_gazebo/share/ros_gz_gazebo/package.zsh'
[1.671s] Level 1:colcon.colcon_core.environment:create_file_with_runtime_dependencies(/root/ros-lab-2/install/ros_gz_gazebo/share/colcon-core/packages/ros_gz_gazebo)
[1.672s] INFO:colcon.colcon_ros.task.ament_cmake.build:Building ROS package in '/root/ros-lab-2/ros_gz_bringup' with build type 'ament_cmake'
[1.673s] INFO:colcon.colcon_cmake.task.cmake.build:Building CMake package in '/root/ros-lab-2/ros_gz_bringup'
[1.674s] INFO:colcon.colcon_core.shell:Skip shell extension 'powershell' for command environment: Not usable outside of PowerShell
[1.674s] DEBUG:colcon.colcon_core.shell:Skip shell extension 'dsv' for command environment
[1.700s] DEBUG:colcon.colcon_core.event_handler.log_command:Invoking command in '/root/ros-lab-2/build/ros_gz_bringup': CMAKE_PREFIX_PATH=/root/ros-lab-2/install/ros_gz_gazebo:/root/ros-lab-2/install/ros_gz_description:/root/ros-lab-2/install/ros_gz_bringup:/root/ros-lab-2/install/ros_gz_app:/opt/ros/jazzy/opt/gz_sim_vendor:/opt/ros/jazzy/opt/gz_sensors_vendor:/opt/ros/jazzy/opt/gz_physics_vendor:/opt/ros/jazzy/opt/sdformat_vendor:/opt/ros/jazzy/opt/gz_gui_vendor:/opt/ros/jazzy/opt/gz_transport_vendor:/opt/ros/jazzy/opt/gz_rendering_vendor:/opt/ros/jazzy/opt/gz_plugin_vendor:/opt/ros/jazzy/opt/gz_fuel_tools_vendor:/opt/ros/jazzy/opt/gz_msgs_vendor:/opt/ros/jazzy/opt/gz_common_vendor:/opt/ros/jazzy/opt/gz_math_vendor:/opt/ros/jazzy/opt/gz_utils_vendor:/opt/ros/jazzy/opt/gz_tools_vendor:/opt/ros/jazzy/opt/gz_ogre_next_vendor:/opt/ros/jazzy/opt/gz_dartsim_vendor:/opt/ros/jazzy/opt/gz_cmake_vendor:/root/ros-lab-2/install/wall_follow:/opt/ros/jazzy GZ_SIM_PLUGIN_PATH=/root/ros-lab-2/install/ros_gz_gazebo/lib/ros_gz_gazebo PS1=<ROS2-Jazzy>[\u@\h \W]$ /usr/bin/cmake --build /root/ros-lab-2/build/ros_gz_bringup -- -j16 -l16
[1.791s] DEBUG:colcon.colcon_core.event_handler.log_command:Invoked command in '/root/ros-lab-2/build/ros_gz_bringup' returned '0': CMAKE_PREFIX_PATH=/root/ros-lab-2/install/ros_gz_gazebo:/root/ros-lab-2/install/ros_gz_description:/root/ros-lab-2/install/ros_gz_bringup:/root/ros-lab-2/install/ros_gz_app:/opt/ros/jazzy/opt/gz_sim_vendor:/opt/ros/jazzy/opt/gz_sensors_vendor:/opt/ros/jazzy/opt/gz_physics_vendor:/opt/ros/jazzy/opt/sdformat_vendor:/opt/ros/jazzy/opt/gz_gui_vendor:/opt/ros/jazzy/opt/gz_transport_vendor:/opt/ros/jazzy/opt/gz_rendering_vendor:/opt/ros/jazzy/opt/gz_plugin_vendor:/opt/ros/jazzy/opt/gz_fuel_tools_vendor:/opt/ros/jazzy/opt/gz_msgs_vendor:/opt/ros/jazzy/opt/gz_common_vendor:/opt/ros/jazzy/opt/gz_math_vendor:/opt/ros/jazzy/opt/gz_utils_vendor:/opt/ros/jazzy/opt/gz_tools_vendor:/opt/ros/jazzy/opt/gz_ogre_next_vendor:/opt/ros/jazzy/opt/gz_dartsim_vendor:/opt/ros/jazzy/opt/gz_cmake_vendor:/root/ros-lab-2/install/wall_follow:/opt/ros/jazzy GZ_SIM_PLUGIN_PATH=/root/ros-lab-2/install/ros_gz_gazebo/lib/ros_gz_gazebo PS1=<ROS2-Jazzy>[\u@\h \W]$ /usr/bin/cmake --build /root/ros-lab-2/build/ros_gz_bringup -- -j16 -l16
[1.794s] DEBUG:colcon.colcon_core.event_handler.log_command:Invoking command in '/root/ros-lab-2/build/ros_gz_bringup': CMAKE_PREFIX_PATH=/root/ros-lab-2/install/ros_gz_gazebo:/root/ros-lab-2/install/ros_gz_description:/root/ros-lab-2/install/ros_gz_bringup:/root/ros-lab-2/install/ros_gz_app:/opt/ros/jazzy/opt/gz_sim_vendor:/opt/ros/jazzy/opt/gz_sensors_vendor:/opt/ros/jazzy/opt/gz_physics_vendor:/opt/ros/jazzy/opt/sdformat_vendor:/opt/ros/jazzy/opt/gz_gui_vendor:/opt/ros/jazzy/opt/gz_transport_vendor:/opt/ros/jazzy/opt/gz_rendering_vendor:/opt/ros/jazzy/opt/gz_plugin_vendor:/opt/ros/jazzy/opt/gz_fuel_tools_vendor:/opt/ros/jazzy/opt/gz_msgs_vendor:/opt/ros/jazzy/opt/gz_common_vendor:/opt/ros/jazzy/opt/gz_math_vendor:/opt/ros/jazzy/opt/gz_utils_vendor:/opt/ros/jazzy/opt/gz_tools_vendor:/opt/ros/jazzy/opt/gz_ogre_next_vendor:/opt/ros/jazzy/opt/gz_dartsim_vendor:/opt/ros/jazzy/opt/gz_cmake_vendor:/root/ros-lab-2/install/wall_follow:/opt/ros/jazzy GZ_SIM_PLUGIN_PATH=/root/ros-lab-2/install/ros_gz_gazebo/lib/ros_gz_gazebo PS1=<ROS2-Jazzy>[\u@\h \W]$ /usr/bin/cmake --install /root/ros-lab-2/build/ros_gz_bringup
[1.826s] Level 1:colcon.colcon_core.environment:create_environment_scripts_only(ros_gz_bringup)
[1.826s] Level 1:colcon.colcon_core.environment:checking '/root/ros-lab-2/install/ros_gz_bringup' for CMake module files
[1.828s] Level 1:colcon.colcon_core.environment:checking '/root/ros-lab-2/install/ros_gz_bringup' for CMake config files
[1.829s] Level 1:colcon.colcon_core.shell:create_environment_hook('ros_gz_bringup', 'cmake_prefix_path')
[1.829s] INFO:colcon.colcon_core.shell:Creating environment hook '/root/ros-lab-2/install/ros_gz_bringup/share/ros_gz_bringup/hook/cmake_prefix_path.ps1'
[1.831s] INFO:colcon.colcon_core.shell:Creating environment descriptor '/root/ros-lab-2/install/ros_gz_bringup/share/ros_gz_bringup/hook/cmake_prefix_path.dsv'
[1.832s] INFO:colcon.colcon_core.shell:Creating environment hook '/root/ros-lab-2/install/ros_gz_bringup/share/ros_gz_bringup/hook/cmake_prefix_path.sh'
[1.835s] DEBUG:colcon.colcon_core.event_handler.log_command:Invoked command in '/root/ros-lab-2/build/ros_gz_bringup' returned '0': CMAKE_PREFIX_PATH=/root/ros-lab-2/install/ros_gz_gazebo:/root/ros-lab-2/install/ros_gz_description:/root/ros-lab-2/install/ros_gz_bringup:/root/ros-lab-2/install/ros_gz_app:/opt/ros/jazzy/opt/gz_sim_vendor:/opt/ros/jazzy/opt/gz_sensors_vendor:/opt/ros/jazzy/opt/gz_physics_vendor:/opt/ros/jazzy/opt/sdformat_vendor:/opt/ros/jazzy/opt/gz_gui_vendor:/opt/ros/jazzy/opt/gz_transport_vendor:/opt/ros/jazzy/opt/gz_rendering_vendor:/opt/ros/jazzy/opt/gz_plugin_vendor:/opt/ros/jazzy/opt/gz_fuel_tools_vendor:/opt/ros/jazzy/opt/gz_msgs_vendor:/opt/ros/jazzy/opt/gz_common_vendor:/opt/ros/jazzy/opt/gz_math_vendor:/opt/ros/jazzy/opt/gz_utils_vendor:/opt/ros/jazzy/opt/gz_tools_vendor:/opt/ros/jazzy/opt/gz_ogre_next_vendor:/opt/ros/jazzy/opt/gz_dartsim_vendor:/opt/ros/jazzy/opt/gz_cmake_vendor:/root/ros-lab-2/install/wall_follow:/opt/ros/jazzy GZ_SIM_PLUGIN_PATH=/root/ros-lab-2/install/ros_gz_gazebo/lib/ros_gz_gazebo PS1=<ROS2-Jazzy>[\u@\h \W]$ /usr/bin/cmake --install /root/ros-lab-2/build/ros_gz_bringup
[1.835s] Level 1:colcon.colcon_core.environment:checking '/root/ros-lab-2/install/ros_gz_bringup/bin'
[1.835s] Level 1:colcon.colcon_core.environment:checking '/root/ros-lab-2/install/ros_gz_bringup/lib/pkgconfig/ros_gz_bringup.pc'
[1.836s] Level 1:colcon.colcon_core.environment:checking '/root/ros-lab-2/install/ros_gz_bringup/lib/python3.12/site-packages'
[1.836s] Level 1:colcon.colcon_core.environment:checking '/root/ros-lab-2/install/ros_gz_bringup/bin'
[1.837s] INFO:colcon.colcon_core.shell:Creating package script '/root/ros-lab-2/install/ros_gz_bringup/share/ros_gz_bringup/package.ps1'
[1.838s] INFO:colcon.colcon_core.shell:Creating package descriptor '/root/ros-lab-2/install/ros_gz_bringup/share/ros_gz_bringup/package.dsv'
[1.839s] INFO:colcon.colcon_core.shell:Creating package script '/root/ros-lab-2/install/ros_gz_bringup/share/ros_gz_bringup/package.sh'
[1.840s] INFO:colcon.colcon_core.shell:Creating package script '/root/ros-lab-2/install/ros_gz_bringup/share/ros_gz_bringup/package.bash'
[1.841s] INFO:colcon.colcon_core.shell:Creating package script '/root/ros-lab-2/install/ros_gz_bringup/share/ros_gz_bringup/package.zsh'
[1.841s] Level 1:colcon.colcon_core.environment:create_file_with_runtime_dependencies(/root/ros-lab-2/install/ros_gz_bringup/share/colcon-core/packages/ros_gz_bringup)
[1.843s] Level 1:colcon.colcon_core.environment:create_environment_scripts_only(ros_gz_bringup)
[1.843s] Level 1:colcon.colcon_core.environment:checking '/root/ros-lab-2/install/ros_gz_bringup' for CMake module files
[1.844s] Level 1:colcon.colcon_core.environment:checking '/root/ros-lab-2/install/ros_gz_bringup' for CMake config files
[1.845s] Level 1:colcon.colcon_core.shell:create_environment_hook('ros_gz_bringup', 'cmake_prefix_path')
[1.845s] INFO:colcon.colcon_core.shell:Creating environment hook '/root/ros-lab-2/install/ros_gz_bringup/share/ros_gz_bringup/hook/cmake_prefix_path.ps1'
[1.846s] INFO:colcon.colcon_core.shell:Creating environment descriptor '/root/ros-lab-2/install/ros_gz_bringup/share/ros_gz_bringup/hook/cmake_prefix_path.dsv'
[1.847s] INFO:colcon.colcon_core.shell:Creating environment hook '/root/ros-lab-2/install/ros_gz_bringup/share/ros_gz_bringup/hook/cmake_prefix_path.sh'
[1.849s] Level 1:colcon.colcon_core.environment:checking '/root/ros-lab-2/install/ros_gz_bringup/bin'
[1.849s] Level 1:colcon.colcon_core.environment:checking '/root/ros-lab-2/install/ros_gz_bringup/lib/pkgconfig/ros_gz_bringup.pc'
[1.849s] Level 1:colcon.colcon_core.environment:checking '/root/ros-lab-2/install/ros_gz_bringup/lib/python3.12/site-packages'
[1.850s] Level 1:colcon.colcon_core.environment:checking '/root/ros-lab-2/install/ros_gz_bringup/bin'
[1.850s] INFO:colcon.colcon_core.shell:Creating package script '/root/ros-lab-2/install/ros_gz_bringup/share/ros_gz_bringup/package.ps1'
[1.851s] INFO:colcon.colcon_core.shell:Creating package descriptor '/root/ros-lab-2/install/ros_gz_bringup/share/ros_gz_bringup/package.dsv'
[1.852s] INFO:colcon.colcon_core.shell:Creating package script '/root/ros-lab-2/install/ros_gz_bringup/share/ros_gz_bringup/package.sh'
[1.853s] INFO:colcon.colcon_core.shell:Creating package script '/root/ros-lab-2/install/ros_gz_bringup/share/ros_gz_bringup/package.bash'
[1.853s] INFO:colcon.colcon_core.shell:Creating package script '/root/ros-lab-2/install/ros_gz_bringup/share/ros_gz_bringup/package.zsh'
[1.854s] Level 1:colcon.colcon_core.environment:create_file_with_runtime_dependencies(/root/ros-lab-2/install/ros_gz_bringup/share/colcon-core/packages/ros_gz_bringup)
[2.905s] DEBUG:colcon.colcon_core.event_handler.log_command:Invoking command in '/root/ros-lab-2/src/wall_follow': PS1=<ROS2-Jazzy>[\u@\h \W]$ PYTHONPATH=/root/ros-lab-2/build/wall_follow/prefix_override:/usr/lib/python3/dist-packages/colcon_core/task/python/colcon_distutils_commands:/root/ros-lab-2/install/wall_follow/lib/python3.12/site-packages:${PYTHONPATH} /usr/bin/python3 -W ignore:setup.py install is deprecated -W ignore:easy_install command is deprecated setup.py egg_info --egg-base ../../build/wall_follow build --build-base /root/ros-lab-2/build/wall_follow/build install --record /root/ros-lab-2/build/wall_follow/install.log --single-version-externally-managed install_data
[4.622s] Level 1:colcon.colcon_core.environment:checking '/root/ros-lab-2/install/wall_follow' for CMake module files
[4.624s] DEBUG:colcon.colcon_core.event_handler.log_command:Invoked command in '/root/ros-lab-2/src/wall_follow' returned '0': PS1=<ROS2-Jazzy>[\u@\h \W]$ PYTHONPATH=/root/ros-lab-2/build/wall_follow/prefix_override:/usr/lib/python3/dist-packages/colcon_core/task/python/colcon_distutils_commands:/root/ros-lab-2/install/wall_follow/lib/python3.12/site-packages:${PYTHONPATH} /usr/bin/python3 -W ignore:setup.py install is deprecated -W ignore:easy_install command is deprecated setup.py egg_info --egg-base ../../build/wall_follow build --build-base /root/ros-lab-2/build/wall_follow/build install --record /root/ros-lab-2/build/wall_follow/install.log --single-version-externally-managed install_data
[4.625s] Level 1:colcon.colcon_core.environment:checking '/root/ros-lab-2/install/wall_follow' for CMake config files
[4.625s] Level 1:colcon.colcon_core.environment:checking '/root/ros-lab-2/install/wall_follow/lib'
[4.626s] Level 1:colcon.colcon_core.environment:checking '/root/ros-lab-2/install/wall_follow/bin'
[4.626s] Level 1:colcon.colcon_core.environment:checking '/root/ros-lab-2/install/wall_follow/lib/pkgconfig/wall_follow.pc'
[4.626s] Level 1:colcon.colcon_core.environment:checking '/root/ros-lab-2/install/wall_follow/lib/python3.12/site-packages'
[4.627s] Level 1:colcon.colcon_core.shell:create_environment_hook('wall_follow', 'pythonpath')
[4.627s] INFO:colcon.colcon_core.shell:Creating environment hook '/root/ros-lab-2/install/wall_follow/share/wall_follow/hook/pythonpath.ps1'
[4.628s] INFO:colcon.colcon_core.shell:Creating environment descriptor '/root/ros-lab-2/install/wall_follow/share/wall_follow/hook/pythonpath.dsv'
[4.629s] INFO:colcon.colcon_core.shell:Creating environment hook '/root/ros-lab-2/install/wall_follow/share/wall_follow/hook/pythonpath.sh'
[4.630s] Level 1:colcon.colcon_core.environment:checking '/root/ros-lab-2/install/wall_follow/bin'
[4.630s] Level 1:colcon.colcon_core.environment:create_environment_scripts_only(wall_follow)
[4.631s] INFO:colcon.colcon_core.shell:Creating package script '/root/ros-lab-2/install/wall_follow/share/wall_follow/package.ps1'
[4.632s] INFO:colcon.colcon_core.shell:Creating package descriptor '/root/ros-lab-2/install/wall_follow/share/wall_follow/package.dsv'
[4.633s] INFO:colcon.colcon_core.shell:Creating package script '/root/ros-lab-2/install/wall_follow/share/wall_follow/package.sh'
[4.634s] INFO:colcon.colcon_core.shell:Creating package script '/root/ros-lab-2/install/wall_follow/share/wall_follow/package.bash'
[4.635s] INFO:colcon.colcon_core.shell:Creating package script '/root/ros-lab-2/install/wall_follow/share/wall_follow/package.zsh'
[4.636s] Level 1:colcon.colcon_core.environment:create_file_with_runtime_dependencies(/root/ros-lab-2/install/wall_follow/share/colcon-core/packages/wall_follow)
[4.636s] DEBUG:colcon.colcon_parallel_executor.executor.parallel:closing loop
[4.637s] DEBUG:colcon.colcon_parallel_executor.executor.parallel:loop closed
[4.637s] DEBUG:colcon.colcon_parallel_executor.executor.parallel:run_until_complete finished with '0'
[4.637s] DEBUG:colcon.colcon_core.event_reactor:joining thread
[4.655s] INFO:colcon.colcon_core.plugin_system:Skipping extension 'colcon_notification.desktop_notification.notify_send': Could not find 'notify-send'
[4.656s] INFO:colcon.colcon_core.plugin_system:Skipping extension 'colcon_notification.desktop_notification.terminal_notifier': Not used on non-Darwin systems
[4.656s] INFO:colcon.colcon_core.plugin_system:Skipping extension 'colcon_notification.desktop_notification.win32': Not used on non-Windows systems
[4.656s] INFO:colcon.colcon_notification.desktop_notification:Sending desktop notification using 'notify2'
[4.661s] DEBUG:colcon.colcon_notification.desktop_notification.notify2:Failed to initialize notify2: org.freedesktop.DBus.Error.Spawn.ExecFailed: /usr/bin/dbus-launch terminated abnormally without any error message
[4.661s] DEBUG:colcon.colcon_core.event_reactor:joined thread
[4.662s] INFO:colcon.colcon_core.shell:Creating prefix script '/root/ros-lab-2/install/local_setup.ps1'
[4.665s] INFO:colcon.colcon_core.shell:Creating prefix util module '/root/ros-lab-2/install/_local_setup_util_ps1.py'
[4.670s] INFO:colcon.colcon_core.shell:Creating prefix chain script '/root/ros-lab-2/install/setup.ps1'
[4.673s] INFO:colcon.colcon_core.shell:Creating prefix script '/root/ros-lab-2/install/local_setup.sh'
[4.674s] INFO:colcon.colcon_core.shell:Creating prefix util module '/root/ros-lab-2/install/_local_setup_util_sh.py'
[4.675s] INFO:colcon.colcon_core.shell:Creating prefix chain script '/root/ros-lab-2/install/setup.sh'
[4.677s] INFO:colcon.colcon_core.shell:Creating prefix script '/root/ros-lab-2/install/local_setup.bash'
[4.678s] INFO:colcon.colcon_core.shell:Creating prefix chain script '/root/ros-lab-2/install/setup.bash'
[4.680s] INFO:colcon.colcon_core.shell:Creating prefix script '/root/ros-lab-2/install/local_setup.zsh'
[4.681s] INFO:colcon.colcon_core.shell:Creating prefix chain script '/root/ros-lab-2/install/setup.zsh'
