[1.510s] Invoking command in '/root/ros-lab-2/src/wall_follow': PS1=<ROS2-Jazzy>[\u@\h \W]$ PYTHONPATH=/root/ros-lab-2/build/wall_follow/prefix_override:/usr/lib/python3/dist-packages/colcon_core/task/python/colcon_distutils_commands:/root/ros-lab-2/install/wall_follow/lib/python3.12/site-packages:${PYTHONPATH} /usr/bin/python3 -W ignore:setup.py install is deprecated -W ignore:easy_install command is deprecated setup.py egg_info --egg-base ../../build/wall_follow build --build-base /root/ros-lab-2/build/wall_follow/build install --record /root/ros-lab-2/build/wall_follow/install.log --single-version-externally-managed install_data
[1.868s] running egg_info
[1.891s] writing ../../build/wall_follow/wall_follow.egg-info/PKG-INFO
[1.892s] writing dependency_links to ../../build/wall_follow/wall_follow.egg-info/dependency_links.txt
[1.892s] writing entry points to ../../build/wall_follow/wall_follow.egg-info/entry_points.txt
[1.892s] writing requirements to ../../build/wall_follow/wall_follow.egg-info/requires.txt
[1.892s] writing top-level names to ../../build/wall_follow/wall_follow.egg-info/top_level.txt
[1.943s] reading manifest file '../../build/wall_follow/wall_follow.egg-info/SOURCES.txt'
[1.944s] writing manifest file '../../build/wall_follow/wall_follow.egg-info/SOURCES.txt'
[1.945s] running build
[1.945s] running build_py
[1.945s] running install
[1.954s] running install_lib
[1.980s] running install_data
[1.980s] running install_egg_info
[2.006s] removing '/root/ros-lab-2/install/wall_follow/lib/python3.12/site-packages/wall_follow-0.0.0-py3.12.egg-info' (and everything under it)
[2.007s] Copying ../../build/wall_follow/wall_follow.egg-info to /root/ros-lab-2/install/wall_follow/lib/python3.12/site-packages/wall_follow-0.0.0-py3.12.egg-info
[2.008s] running install_scripts
[2.209s] Installing wall_follow script to /root/ros-lab-2/install/wall_follow/lib/wall_follow
[2.209s] writing list of installed files to '/root/ros-lab-2/build/wall_follow/install.log'
[2.248s] Invoked command in '/root/ros-lab-2/src/wall_follow' returned '0': PS1=<ROS2-Jazzy>[\u@\h \W]$ PYTHONPATH=/root/ros-lab-2/build/wall_follow/prefix_override:/usr/lib/python3/dist-packages/colcon_core/task/python/colcon_distutils_commands:/root/ros-lab-2/install/wall_follow/lib/python3.12/site-packages:${PYTHONPATH} /usr/bin/python3 -W ignore:setup.py install is deprecated -W ignore:easy_install command is deprecated setup.py egg_info --egg-base ../../build/wall_follow build --build-base /root/ros-lab-2/build/wall_follow/build install --record /root/ros-lab-2/build/wall_follow/install.log --single-version-externally-managed install_data
