[0.271s] DEBUG:colcon:Command line arguments: ['/usr/bin/colcon', 'build']
[0.272s] DEBUG:colcon:Parsed command line arguments: Namespace(log_base=None, log_level=None, verb_name='build', build_base='build', install_base='install', merge_install=False, symlink_install=False, test_result_base=None, continue_on_error=False, executor='parallel', parallel_workers=16, event_handlers=None, ignore_user_meta=False, metas=['./colcon.meta'], base_paths=['.'], packages_ignore=None, packages_ignore_regex=None, paths=None, packages_up_to=None, packages_up_to_regex=None, packages_above=None, packages_above_and_dependencies=None, packages_above_depth=None, packages_select_by_dep=None, packages_skip_by_dep=None, packages_skip_up_to=None, packages_select_build_failed=False, packages_skip_build_finished=False, packages_select_test_failures=False, packages_skip_test_passed=False, packages_select=None, packages_skip=None, packages_select_regex=None, packages_skip_regex=None, packages_start=None, packages_end=None, allow_overriding=[], cmake_args=None, cmake_target=None, cmake_target_skip_unavailable=False, cmake_clean_cache=False, cmake_clean_first=False, cmake_force_configure=False, ament_cmake_args=None, catkin_cmake_args=None, catkin_skip_building_tests=False, mixin_files=None, mixin=None, verb_parser=<colcon_mixin.mixin.mixin_argument.MixinArgumentDecorator object at 0x7fd200aa2bd0>, verb_extension=<colcon_core.verb.build.BuildVerb object at 0x7fd200c3a990>, main=<bound method BuildVerb.main of <colcon_core.verb.build.BuildVerb object at 0x7fd200c3a990>>, mixin_verb=('build',))
[0.369s] Level 1:colcon.colcon_core.package_discovery:discover_packages(colcon_meta) check parameters
[0.369s] Level 1:colcon.colcon_core.package_discovery:discover_packages(recursive) check parameters
[0.369s] Level 1:colcon.colcon_core.package_discovery:discover_packages(ignore) check parameters
[0.369s] Level 1:colcon.colcon_core.package_discovery:discover_packages(path) check parameters
[0.369s] Level 1:colcon.colcon_core.package_discovery:discover_packages(colcon_meta) discover
[0.369s] Level 1:colcon.colcon_core.package_discovery:discover_packages(recursive) discover
[0.369s] INFO:colcon.colcon_core.package_discovery:Crawling recursively for packages in '/root/ros-lab-2'
[0.370s] Level 1:colcon.colcon_core.package_identification:_identify(.) by extensions ['ignore', 'ignore_ament_install']
[0.370s] Level 1:colcon.colcon_core.package_identification:_identify(.) by extension 'ignore'
[0.370s] Level 1:colcon.colcon_core.package_identification:_identify(.) by extension 'ignore_ament_install'
[0.370s] Level 1:colcon.colcon_core.package_identification:_identify(.) by extensions ['colcon_pkg']
[0.370s] Level 1:colcon.colcon_core.package_identification:_identify(.) by extension 'colcon_pkg'
[0.371s] Level 1:colcon.colcon_core.package_identification:_identify(.) by extensions ['colcon_meta']
[0.371s] Level 1:colcon.colcon_core.package_identification:_identify(.) by extension 'colcon_meta'
[0.371s] Level 1:colcon.colcon_core.package_identification:_identify(.) by extensions ['ros']
[0.371s] Level 1:colcon.colcon_core.package_identification:_identify(.) by extension 'ros'
[0.435s] Level 1:colcon.colcon_core.package_identification:_identify(.) by extensions ['cmake', 'python']
[0.435s] Level 1:colcon.colcon_core.package_identification:_identify(.) by extension 'cmake'
[0.436s] Level 1:colcon.colcon_core.package_identification:_identify(.) by extension 'python'
[0.436s] Level 1:colcon.colcon_core.package_identification:_identify(.) by extensions ['python_setup_py']
[0.436s] Level 1:colcon.colcon_core.package_identification:_identify(.) by extension 'python_setup_py'
[0.436s] Level 1:colcon.colcon_core.package_identification:_identify(build) by extensions ['ignore', 'ignore_ament_install']
[0.436s] Level 1:colcon.colcon_core.package_identification:_identify(build) by extension 'ignore'
[0.436s] Level 1:colcon.colcon_core.package_identification:_identify(build) ignored
[0.437s] Level 1:colcon.colcon_core.package_identification:_identify(figs) by extensions ['ignore', 'ignore_ament_install']
[0.437s] Level 1:colcon.colcon_core.package_identification:_identify(figs) by extension 'ignore'
[0.437s] Level 1:colcon.colcon_core.package_identification:_identify(figs) by extension 'ignore_ament_install'
[0.437s] Level 1:colcon.colcon_core.package_identification:_identify(figs) by extensions ['colcon_pkg']
[0.437s] Level 1:colcon.colcon_core.package_identification:_identify(figs) by extension 'colcon_pkg'
[0.437s] Level 1:colcon.colcon_core.package_identification:_identify(figs) by extensions ['colcon_meta']
[0.437s] Level 1:colcon.colcon_core.package_identification:_identify(figs) by extension 'colcon_meta'
[0.437s] Level 1:colcon.colcon_core.package_identification:_identify(figs) by extensions ['ros']
[0.438s] Level 1:colcon.colcon_core.package_identification:_identify(figs) by extension 'ros'
[0.438s] Level 1:colcon.colcon_core.package_identification:_identify(figs) by extensions ['cmake', 'python']
[0.438s] Level 1:colcon.colcon_core.package_identification:_identify(figs) by extension 'cmake'
[0.438s] Level 1:colcon.colcon_core.package_identification:_identify(figs) by extension 'python'
[0.438s] Level 1:colcon.colcon_core.package_identification:_identify(figs) by extensions ['python_setup_py']
[0.438s] Level 1:colcon.colcon_core.package_identification:_identify(figs) by extension 'python_setup_py'
[0.438s] Level 1:colcon.colcon_core.package_identification:_identify(install) by extensions ['ignore', 'ignore_ament_install']
[0.439s] Level 1:colcon.colcon_core.package_identification:_identify(install) by extension 'ignore'
[0.439s] Level 1:colcon.colcon_core.package_identification:_identify(install) ignored
[0.439s] Level 1:colcon.colcon_core.package_identification:_identify(log) by extensions ['ignore', 'ignore_ament_install']
[0.439s] Level 1:colcon.colcon_core.package_identification:_identify(log) by extension 'ignore'
[0.439s] Level 1:colcon.colcon_core.package_identification:_identify(log) ignored
[0.439s] Level 1:colcon.colcon_core.package_identification:_identify(ros_gz_app) by extensions ['ignore', 'ignore_ament_install']
[0.439s] Level 1:colcon.colcon_core.package_identification:_identify(ros_gz_app) by extension 'ignore'
[0.440s] Level 1:colcon.colcon_core.package_identification:_identify(ros_gz_app) by extension 'ignore_ament_install'
[0.440s] Level 1:colcon.colcon_core.package_identification:_identify(ros_gz_app) by extensions ['colcon_pkg']
[0.440s] Level 1:colcon.colcon_core.package_identification:_identify(ros_gz_app) by extension 'colcon_pkg'
[0.440s] Level 1:colcon.colcon_core.package_identification:_identify(ros_gz_app) by extensions ['colcon_meta']
[0.440s] Level 1:colcon.colcon_core.package_identification:_identify(ros_gz_app) by extension 'colcon_meta'
[0.440s] Level 1:colcon.colcon_core.package_identification:_identify(ros_gz_app) by extensions ['ros']
[0.440s] Level 1:colcon.colcon_core.package_identification:_identify(ros_gz_app) by extension 'ros'
[0.446s] DEBUG:colcon.colcon_core.package_identification:Package 'ros_gz_app' with type 'ros.ament_cmake' and name 'ros_gz_app'
[0.447s] Level 1:colcon.colcon_core.package_identification:_identify(ros_gz_bringup) by extensions ['ignore', 'ignore_ament_install']
[0.447s] Level 1:colcon.colcon_core.package_identification:_identify(ros_gz_bringup) by extension 'ignore'
[0.447s] Level 1:colcon.colcon_core.package_identification:_identify(ros_gz_bringup) by extension 'ignore_ament_install'
[0.447s] Level 1:colcon.colcon_core.package_identification:_identify(ros_gz_bringup) by extensions ['colcon_pkg']
[0.448s] Level 1:colcon.colcon_core.package_identification:_identify(ros_gz_bringup) by extension 'colcon_pkg'
[0.448s] Level 1:colcon.colcon_core.package_identification:_identify(ros_gz_bringup) by extensions ['colcon_meta']
[0.448s] Level 1:colcon.colcon_core.package_identification:_identify(ros_gz_bringup) by extension 'colcon_meta'
[0.448s] Level 1:colcon.colcon_core.package_identification:_identify(ros_gz_bringup) by extensions ['ros']
[0.448s] Level 1:colcon.colcon_core.package_identification:_identify(ros_gz_bringup) by extension 'ros'
[0.450s] DEBUG:colcon.colcon_core.package_identification:Package 'ros_gz_bringup' with type 'ros.ament_cmake' and name 'ros_gz_bringup'
[0.450s] Level 1:colcon.colcon_core.package_identification:_identify(ros_gz_description) by extensions ['ignore', 'ignore_ament_install']
[0.450s] Level 1:colcon.colcon_core.package_identification:_identify(ros_gz_description) by extension 'ignore'
[0.451s] Level 1:colcon.colcon_core.package_identification:_identify(ros_gz_description) by extension 'ignore_ament_install'
[0.451s] Level 1:colcon.colcon_core.package_identification:_identify(ros_gz_description) by extensions ['colcon_pkg']
[0.451s] Level 1:colcon.colcon_core.package_identification:_identify(ros_gz_description) by extension 'colcon_pkg'
[0.451s] Level 1:colcon.colcon_core.package_identification:_identify(ros_gz_description) by extensions ['colcon_meta']
[0.451s] Level 1:colcon.colcon_core.package_identification:_identify(ros_gz_description) by extension 'colcon_meta'
[0.451s] Level 1:colcon.colcon_core.package_identification:_identify(ros_gz_description) by extensions ['ros']
[0.451s] Level 1:colcon.colcon_core.package_identification:_identify(ros_gz_description) by extension 'ros'
[0.453s] DEBUG:colcon.colcon_core.package_identification:Package 'ros_gz_description' with type 'ros.ament_cmake' and name 'ros_gz_description'
[0.453s] Level 1:colcon.colcon_core.package_identification:_identify(ros_gz_gazebo) by extensions ['ignore', 'ignore_ament_install']
[0.453s] Level 1:colcon.colcon_core.package_identification:_identify(ros_gz_gazebo) by extension 'ignore'
[0.453s] Level 1:colcon.colcon_core.package_identification:_identify(ros_gz_gazebo) by extension 'ignore_ament_install'
[0.453s] Level 1:colcon.colcon_core.package_identification:_identify(ros_gz_gazebo) by extensions ['colcon_pkg']
[0.454s] Level 1:colcon.colcon_core.package_identification:_identify(ros_gz_gazebo) by extension 'colcon_pkg'
[0.454s] Level 1:colcon.colcon_core.package_identification:_identify(ros_gz_gazebo) by extensions ['colcon_meta']
[0.454s] Level 1:colcon.colcon_core.package_identification:_identify(ros_gz_gazebo) by extension 'colcon_meta'
[0.454s] Level 1:colcon.colcon_core.package_identification:_identify(ros_gz_gazebo) by extensions ['ros']
[0.454s] Level 1:colcon.colcon_core.package_identification:_identify(ros_gz_gazebo) by extension 'ros'
[0.455s] DEBUG:colcon.colcon_core.package_identification:Package 'ros_gz_gazebo' with type 'ros.ament_cmake' and name 'ros_gz_gazebo'
[0.455s] Level 1:colcon.colcon_core.package_identification:_identify(src) by extensions ['ignore', 'ignore_ament_install']
[0.455s] Level 1:colcon.colcon_core.package_identification:_identify(src) by extension 'ignore'
[0.456s] Level 1:colcon.colcon_core.package_identification:_identify(src) by extension 'ignore_ament_install'
[0.456s] Level 1:colcon.colcon_core.package_identification:_identify(src) by extensions ['colcon_pkg']
[0.456s] Level 1:colcon.colcon_core.package_identification:_identify(src) by extension 'colcon_pkg'
[0.456s] Level 1:colcon.colcon_core.package_identification:_identify(src) by extensions ['colcon_meta']
[0.456s] Level 1:colcon.colcon_core.package_identification:_identify(src) by extension 'colcon_meta'
[0.456s] Level 1:colcon.colcon_core.package_identification:_identify(src) by extensions ['ros']
[0.456s] Level 1:colcon.colcon_core.package_identification:_identify(src) by extension 'ros'
[0.456s] Level 1:colcon.colcon_core.package_identification:_identify(src) by extensions ['cmake', 'python']
[0.456s] Level 1:colcon.colcon_core.package_identification:_identify(src) by extension 'cmake'
[0.456s] Level 1:colcon.colcon_core.package_identification:_identify(src) by extension 'python'
[0.456s] Level 1:colcon.colcon_core.package_identification:_identify(src) by extensions ['python_setup_py']
[0.456s] Level 1:colcon.colcon_core.package_identification:_identify(src) by extension 'python_setup_py'
[0.457s] Level 1:colcon.colcon_core.package_identification:_identify(src/wall_follow) by extensions ['ignore', 'ignore_ament_install']
[0.457s] Level 1:colcon.colcon_core.package_identification:_identify(src/wall_follow) by extension 'ignore'
[0.457s] Level 1:colcon.colcon_core.package_identification:_identify(src/wall_follow) by extension 'ignore_ament_install'
[0.457s] Level 1:colcon.colcon_core.package_identification:_identify(src/wall_follow) by extensions ['colcon_pkg']
[0.457s] Level 1:colcon.colcon_core.package_identification:_identify(src/wall_follow) by extension 'colcon_pkg'
[0.457s] Level 1:colcon.colcon_core.package_identification:_identify(src/wall_follow) by extensions ['colcon_meta']
[0.457s] Level 1:colcon.colcon_core.package_identification:_identify(src/wall_follow) by extension 'colcon_meta'
[0.457s] Level 1:colcon.colcon_core.package_identification:_identify(src/wall_follow) by extensions ['ros']
[0.457s] Level 1:colcon.colcon_core.package_identification:_identify(src/wall_follow) by extension 'ros'
[0.459s] DEBUG:colcon.colcon_core.package_identification:Package 'src/wall_follow' with type 'ros.ament_python' and name 'wall_follow'
[0.459s] Level 1:colcon.colcon_core.package_discovery:discover_packages(recursive) using defaults
[0.459s] Level 1:colcon.colcon_core.package_discovery:discover_packages(ignore) discover
[0.459s] Level 1:colcon.colcon_core.package_discovery:discover_packages(ignore) using defaults
[0.459s] Level 1:colcon.colcon_core.package_discovery:discover_packages(path) discover
[0.459s] Level 1:colcon.colcon_core.package_discovery:discover_packages(path) using defaults
[0.506s] Level 1:colcon.colcon_core.package_discovery:discover_packages(prefix_path) check parameters
[0.506s] Level 1:colcon.colcon_core.package_discovery:discover_packages(prefix_path) discover
[0.512s] DEBUG:colcon.colcon_installed_package_information.package_discovery:Found 5 installed packages in /root/ros-lab-2/install
[0.516s] DEBUG:colcon.colcon_installed_package_information.package_discovery:Found 317 installed packages in /opt/ros/jazzy
[0.518s] Level 1:colcon.colcon_core.package_discovery:discover_packages(prefix_path) using defaults
[0.628s] Level 5:colcon.colcon_core.verb:set package 'ros_gz_app' build argument 'cmake_args' from command line to 'None'
[0.628s] Level 5:colcon.colcon_core.verb:set package 'ros_gz_app' build argument 'cmake_target' from command line to 'None'
[0.628s] Level 5:colcon.colcon_core.verb:set package 'ros_gz_app' build argument 'cmake_target_skip_unavailable' from command line to 'False'
[0.628s] Level 5:colcon.colcon_core.verb:set package 'ros_gz_app' build argument 'cmake_clean_cache' from command line to 'False'
[0.628s] Level 5:colcon.colcon_core.verb:set package 'ros_gz_app' build argument 'cmake_clean_first' from command line to 'False'
[0.628s] Level 5:colcon.colcon_core.verb:set package 'ros_gz_app' build argument 'cmake_force_configure' from command line to 'False'
[0.628s] Level 5:colcon.colcon_core.verb:set package 'ros_gz_app' build argument 'ament_cmake_args' from command line to 'None'
[0.628s] Level 5:colcon.colcon_core.verb:set package 'ros_gz_app' build argument 'catkin_cmake_args' from command line to 'None'
[0.628s] Level 5:colcon.colcon_core.verb:set package 'ros_gz_app' build argument 'catkin_skip_building_tests' from command line to 'False'
[0.628s] DEBUG:colcon.colcon_core.verb:Building package 'ros_gz_app' with the following arguments: {'ament_cmake_args': None, 'build_base': '/root/ros-lab-2/build/ros_gz_app', 'catkin_cmake_args': None, 'catkin_skip_building_tests': False, 'cmake_args': None, 'cmake_clean_cache': False, 'cmake_clean_first': False, 'cmake_force_configure': False, 'cmake_target': None, 'cmake_target_skip_unavailable': False, 'install_base': '/root/ros-lab-2/install/ros_gz_app', 'merge_install': False, 'path': '/root/ros-lab-2/ros_gz_app', 'symlink_install': False, 'test_result_base': None}
[0.629s] Level 5:colcon.colcon_core.verb:set package 'ros_gz_description' build argument 'cmake_args' from command line to 'None'
[0.629s] Level 5:colcon.colcon_core.verb:set package 'ros_gz_description' build argument 'cmake_target' from command line to 'None'
[0.629s] Level 5:colcon.colcon_core.verb:set package 'ros_gz_description' build argument 'cmake_target_skip_unavailable' from command line to 'False'
[0.629s] Level 5:colcon.colcon_core.verb:set package 'ros_gz_description' build argument 'cmake_clean_cache' from command line to 'False'
[0.629s] Level 5:colcon.colcon_core.verb:set package 'ros_gz_description' build argument 'cmake_clean_first' from command line to 'False'
[0.629s] Level 5:colcon.colcon_core.verb:set package 'ros_gz_description' build argument 'cmake_force_configure' from command line to 'False'
[0.629s] Level 5:colcon.colcon_core.verb:set package 'ros_gz_description' build argument 'ament_cmake_args' from command line to 'None'
[0.629s] Level 5:colcon.colcon_core.verb:set package 'ros_gz_description' build argument 'catkin_cmake_args' from command line to 'None'
[0.629s] Level 5:colcon.colcon_core.verb:set package 'ros_gz_description' build argument 'catkin_skip_building_tests' from command line to 'False'
[0.629s] DEBUG:colcon.colcon_core.verb:Building package 'ros_gz_description' with the following arguments: {'ament_cmake_args': None, 'build_base': '/root/ros-lab-2/build/ros_gz_description', 'catkin_cmake_args': None, 'catkin_skip_building_tests': False, 'cmake_args': None, 'cmake_clean_cache': False, 'cmake_clean_first': False, 'cmake_force_configure': False, 'cmake_target': None, 'cmake_target_skip_unavailable': False, 'install_base': '/root/ros-lab-2/install/ros_gz_description', 'merge_install': False, 'path': '/root/ros-lab-2/ros_gz_description', 'symlink_install': False, 'test_result_base': None}
[0.630s] Level 5:colcon.colcon_core.verb:set package 'wall_follow' build argument 'cmake_args' from command line to 'None'
[0.630s] Level 5:colcon.colcon_core.verb:set package 'wall_follow' build argument 'cmake_target' from command line to 'None'
[0.630s] Level 5:colcon.colcon_core.verb:set package 'wall_follow' build argument 'cmake_target_skip_unavailable' from command line to 'False'
[0.630s] Level 5:colcon.colcon_core.verb:set package 'wall_follow' build argument 'cmake_clean_cache' from command line to 'False'
[0.630s] Level 5:colcon.colcon_core.verb:set package 'wall_follow' build argument 'cmake_clean_first' from command line to 'False'
[0.630s] Level 5:colcon.colcon_core.verb:set package 'wall_follow' build argument 'cmake_force_configure' from command line to 'False'
[0.630s] Level 5:colcon.colcon_core.verb:set package 'wall_follow' build argument 'ament_cmake_args' from command line to 'None'
[0.630s] Level 5:colcon.colcon_core.verb:set package 'wall_follow' build argument 'catkin_cmake_args' from command line to 'None'
[0.630s] Level 5:colcon.colcon_core.verb:set package 'wall_follow' build argument 'catkin_skip_building_tests' from command line to 'False'
[0.630s] DEBUG:colcon.colcon_core.verb:Building package 'wall_follow' with the following arguments: {'ament_cmake_args': None, 'build_base': '/root/ros-lab-2/build/wall_follow', 'catkin_cmake_args': None, 'catkin_skip_building_tests': False, 'cmake_args': None, 'cmake_clean_cache': False, 'cmake_clean_first': False, 'cmake_force_configure': False, 'cmake_target': None, 'cmake_target_skip_unavailable': False, 'install_base': '/root/ros-lab-2/install/wall_follow', 'merge_install': False, 'path': '/root/ros-lab-2/src/wall_follow', 'symlink_install': False, 'test_result_base': None}
[0.631s] Level 5:colcon.colcon_core.verb:set package 'ros_gz_gazebo' build argument 'cmake_args' from command line to 'None'
[0.631s] Level 5:colcon.colcon_core.verb:set package 'ros_gz_gazebo' build argument 'cmake_target' from command line to 'None'
[0.631s] Level 5:colcon.colcon_core.verb:set package 'ros_gz_gazebo' build argument 'cmake_target_skip_unavailable' from command line to 'False'
[0.631s] Level 5:colcon.colcon_core.verb:set package 'ros_gz_gazebo' build argument 'cmake_clean_cache' from command line to 'False'
[0.631s] Level 5:colcon.colcon_core.verb:set package 'ros_gz_gazebo' build argument 'cmake_clean_first' from command line to 'False'
[0.631s] Level 5:colcon.colcon_core.verb:set package 'ros_gz_gazebo' build argument 'cmake_force_configure' from command line to 'False'
[0.631s] Level 5:colcon.colcon_core.verb:set package 'ros_gz_gazebo' build argument 'ament_cmake_args' from command line to 'None'
[0.631s] Level 5:colcon.colcon_core.verb:set package 'ros_gz_gazebo' build argument 'catkin_cmake_args' from command line to 'None'
[0.631s] Level 5:colcon.colcon_core.verb:set package 'ros_gz_gazebo' build argument 'catkin_skip_building_tests' from command line to 'False'
[0.631s] DEBUG:colcon.colcon_core.verb:Building package 'ros_gz_gazebo' with the following arguments: {'ament_cmake_args': None, 'build_base': '/root/ros-lab-2/build/ros_gz_gazebo', 'catkin_cmake_args': None, 'catkin_skip_building_tests': False, 'cmake_args': None, 'cmake_clean_cache': False, 'cmake_clean_first': False, 'cmake_force_configure': False, 'cmake_target': None, 'cmake_target_skip_unavailable': False, 'install_base': '/root/ros-lab-2/install/ros_gz_gazebo', 'merge_install': False, 'path': '/root/ros-lab-2/ros_gz_gazebo', 'symlink_install': False, 'test_result_base': None}
[0.633s] Level 5:colcon.colcon_core.verb:set package 'ros_gz_bringup' build argument 'cmake_args' from command line to 'None'
[0.633s] Level 5:colcon.colcon_core.verb:set package 'ros_gz_bringup' build argument 'cmake_target' from command line to 'None'
[0.633s] Level 5:colcon.colcon_core.verb:set package 'ros_gz_bringup' build argument 'cmake_target_skip_unavailable' from command line to 'False'
[0.633s] Level 5:colcon.colcon_core.verb:set package 'ros_gz_bringup' build argument 'cmake_clean_cache' from command line to 'False'
[0.633s] Level 5:colcon.colcon_core.verb:set package 'ros_gz_bringup' build argument 'cmake_clean_first' from command line to 'False'
[0.633s] Level 5:colcon.colcon_core.verb:set package 'ros_gz_bringup' build argument 'cmake_force_configure' from command line to 'False'
[0.633s] Level 5:colcon.colcon_core.verb:set package 'ros_gz_bringup' build argument 'ament_cmake_args' from command line to 'None'
[0.633s] Level 5:colcon.colcon_core.verb:set package 'ros_gz_bringup' build argument 'catkin_cmake_args' from command line to 'None'
[0.633s] Level 5:colcon.colcon_core.verb:set package 'ros_gz_bringup' build argument 'catkin_skip_building_tests' from command line to 'False'
[0.633s] DEBUG:colcon.colcon_core.verb:Building package 'ros_gz_bringup' with the following arguments: {'ament_cmake_args': None, 'build_base': '/root/ros-lab-2/build/ros_gz_bringup', 'catkin_cmake_args': None, 'catkin_skip_building_tests': False, 'cmake_args': None, 'cmake_clean_cache': False, 'cmake_clean_first': False, 'cmake_force_configure': False, 'cmake_target': None, 'cmake_target_skip_unavailable': False, 'install_base': '/root/ros-lab-2/install/ros_gz_bringup', 'merge_install': False, 'path': '/root/ros-lab-2/ros_gz_bringup', 'symlink_install': False, 'test_result_base': None}
[0.634s] INFO:colcon.colcon_core.executor:Executing jobs using 'parallel' executor
[0.636s] DEBUG:colcon.colcon_parallel_executor.executor.parallel:run_until_complete
[0.637s] INFO:colcon.colcon_ros.task.ament_cmake.build:Building ROS package in '/root/ros-lab-2/ros_gz_description' with build type 'ament_cmake'
[0.637s] INFO:colcon.colcon_cmake.task.cmake.build:Building CMake package in '/root/ros-lab-2/ros_gz_description'
[0.646s] INFO:colcon.colcon_core.plugin_system:Skipping extension 'colcon_core.shell.bat': Not used on non-Windows systems
[0.646s] INFO:colcon.colcon_core.shell:Skip shell extension 'powershell' for command environment: Not usable outside of PowerShell
[0.646s] DEBUG:colcon.colcon_core.shell:Skip shell extension 'dsv' for command environment
[0.653s] INFO:colcon.colcon_ros.task.ament_cmake.build:Building ROS package in '/root/ros-lab-2/ros_gz_app' with build type 'ament_cmake'
[0.654s] INFO:colcon.colcon_cmake.task.cmake.build:Building CMake package in '/root/ros-lab-2/ros_gz_app'
[0.654s] INFO:colcon.colcon_core.shell:Skip shell extension 'powershell' for command environment: Not usable outside of PowerShell
[0.654s] DEBUG:colcon.colcon_core.shell:Skip shell extension 'dsv' for command environment
[0.661s] INFO:colcon.colcon_ros.task.ament_python.build:Building ROS package in '/root/ros-lab-2/src/wall_follow' with build type 'ament_python'
[0.662s] Level 1:colcon.colcon_core.shell:create_environment_hook('wall_follow', 'ament_prefix_path')
[0.663s] INFO:colcon.colcon_core.shell:Creating environment hook '/root/ros-lab-2/install/wall_follow/share/wall_follow/hook/ament_prefix_path.ps1'
[0.665s] INFO:colcon.colcon_core.shell:Creating environment descriptor '/root/ros-lab-2/install/wall_follow/share/wall_follow/hook/ament_prefix_path.dsv'
[0.667s] INFO:colcon.colcon_core.shell:Creating environment hook '/root/ros-lab-2/install/wall_follow/share/wall_follow/hook/ament_prefix_path.sh'
[0.668s] INFO:colcon.colcon_core.shell:Skip shell extension 'powershell' for command environment: Not usable outside of PowerShell
[0.668s] DEBUG:colcon.colcon_core.shell:Skip shell extension 'dsv' for command environment
[0.685s] DEBUG:colcon.colcon_core.event_handler.log_command:Invoking command in '/root/ros-lab-2/build/ros_gz_description': CMAKE_PREFIX_PATH=${CMAKE_PREFIX_PATH}:/root/ros-lab-2/install/wall_follow:/opt/ros/jazzy PS1=<ROS2-Jazzy>[\u@\h \W]$ /usr/bin/cmake --build /root/ros-lab-2/build/ros_gz_description -- -j16 -l16
[0.710s] DEBUG:colcon.colcon_core.event_handler.log_command:Invoking command in '/root/ros-lab-2/build/ros_gz_app': CMAKE_PREFIX_PATH=${CMAKE_PREFIX_PATH}:/root/ros-lab-2/install/wall_follow:/opt/ros/jazzy PS1=<ROS2-Jazzy>[\u@\h \W]$ /usr/bin/cmake --build /root/ros-lab-2/build/ros_gz_app -- -j16 -l16
[1.226s] INFO:colcon.colcon_core.task.python.build:Building Python package in '/root/ros-lab-2/src/wall_follow'
[1.227s] INFO:colcon.colcon_core.shell:Skip shell extension 'powershell' for command environment: Not usable outside of PowerShell
[1.227s] DEBUG:colcon.colcon_core.shell:Skip shell extension 'dsv' for command environment
[1.241s] DEBUG:colcon.colcon_core.event_handler.log_command:Invoked command in '/root/ros-lab-2/build/ros_gz_app' returned '0': CMAKE_PREFIX_PATH=${CMAKE_PREFIX_PATH}:/root/ros-lab-2/install/wall_follow:/opt/ros/jazzy PS1=<ROS2-Jazzy>[\u@\h \W]$ /usr/bin/cmake --build /root/ros-lab-2/build/ros_gz_app -- -j16 -l16
[1.265s] DEBUG:colcon.colcon_core.event_handler.log_command:Invoking command in '/root/ros-lab-2/build/ros_gz_app': CMAKE_PREFIX_PATH=${CMAKE_PREFIX_PATH}:/root/ros-lab-2/install/wall_follow:/opt/ros/jazzy PS1=<ROS2-Jazzy>[\u@\h \W]$ /usr/bin/cmake --install /root/ros-lab-2/build/ros_gz_app
[1.265s] DEBUG:colcon.colcon_core.event_handler.log_command:Invoked command in '/root/ros-lab-2/build/ros_gz_description' returned '0': CMAKE_PREFIX_PATH=${CMAKE_PREFIX_PATH}:/root/ros-lab-2/install/wall_follow:/opt/ros/jazzy PS1=<ROS2-Jazzy>[\u@\h \W]$ /usr/bin/cmake --build /root/ros-lab-2/build/ros_gz_description -- -j16 -l16
[1.269s] DEBUG:colcon.colcon_core.event_handler.log_command:Invoking command in '/root/ros-lab-2/build/ros_gz_description': CMAKE_PREFIX_PATH=${CMAKE_PREFIX_PATH}:/root/ros-lab-2/install/wall_follow:/opt/ros/jazzy PS1=<ROS2-Jazzy>[\u@\h \W]$ /usr/bin/cmake --install /root/ros-lab-2/build/ros_gz_description
[1.291s] Level 1:colcon.colcon_core.environment:create_environment_scripts_only(ros_gz_app)
[1.292s] DEBUG:colcon.colcon_core.event_handler.log_command:Invoked command in '/root/ros-lab-2/build/ros_gz_app' returned '0': CMAKE_PREFIX_PATH=${CMAKE_PREFIX_PATH}:/root/ros-lab-2/install/wall_follow:/opt/ros/jazzy PS1=<ROS2-Jazzy>[\u@\h \W]$ /usr/bin/cmake --install /root/ros-lab-2/build/ros_gz_app
[1.305s] Level 1:colcon.colcon_core.environment:checking '/root/ros-lab-2/install/ros_gz_app' for CMake module files
[1.306s] Level 1:colcon.colcon_core.environment:checking '/root/ros-lab-2/install/ros_gz_app' for CMake config files
[1.306s] Level 1:colcon.colcon_core.shell:create_environment_hook('ros_gz_app', 'cmake_prefix_path')
[1.307s] INFO:colcon.colcon_core.shell:Creating environment hook '/root/ros-lab-2/install/ros_gz_app/share/ros_gz_app/hook/cmake_prefix_path.ps1'
[1.308s] INFO:colcon.colcon_core.shell:Creating environment descriptor '/root/ros-lab-2/install/ros_gz_app/share/ros_gz_app/hook/cmake_prefix_path.dsv'
[1.308s] INFO:colcon.colcon_core.shell:Creating environment hook '/root/ros-lab-2/install/ros_gz_app/share/ros_gz_app/hook/cmake_prefix_path.sh'
[1.309s] Level 1:colcon.colcon_core.environment:checking '/root/ros-lab-2/install/ros_gz_app/bin'
[1.309s] Level 1:colcon.colcon_core.environment:checking '/root/ros-lab-2/install/ros_gz_app/lib/pkgconfig/ros_gz_app.pc'
[1.310s] Level 1:colcon.colcon_core.environment:checking '/root/ros-lab-2/install/ros_gz_app/lib/python3.12/site-packages'
[1.310s] Level 1:colcon.colcon_core.environment:checking '/root/ros-lab-2/install/ros_gz_app/bin'
[1.311s] INFO:colcon.colcon_core.shell:Creating package script '/root/ros-lab-2/install/ros_gz_app/share/ros_gz_app/package.ps1'
[1.312s] INFO:colcon.colcon_core.shell:Creating package descriptor '/root/ros-lab-2/install/ros_gz_app/share/ros_gz_app/package.dsv'
[1.314s] INFO:colcon.colcon_core.shell:Creating package script '/root/ros-lab-2/install/ros_gz_app/share/ros_gz_app/package.sh'
[1.315s] INFO:colcon.colcon_core.shell:Creating package script '/root/ros-lab-2/install/ros_gz_app/share/ros_gz_app/package.bash'
[1.316s] INFO:colcon.colcon_core.shell:Creating package script '/root/ros-lab-2/install/ros_gz_app/share/ros_gz_app/package.zsh'
[1.317s] Level 1:colcon.colcon_core.environment:create_file_with_runtime_dependencies(/root/ros-lab-2/install/ros_gz_app/share/colcon-core/packages/ros_gz_app)
[1.318s] Level 1:colcon.colcon_core.environment:create_environment_scripts_only(ros_gz_app)
[1.319s] Level 1:colcon.colcon_core.environment:checking '/root/ros-lab-2/install/ros_gz_app' for CMake module files
[1.320s] Level 1:colcon.colcon_core.environment:checking '/root/ros-lab-2/install/ros_gz_app' for CMake config files
[1.320s] Level 1:colcon.colcon_core.shell:create_environment_hook('ros_gz_app', 'cmake_prefix_path')
[1.321s] INFO:colcon.colcon_core.shell:Creating environment hook '/root/ros-lab-2/install/ros_gz_app/share/ros_gz_app/hook/cmake_prefix_path.ps1'
[1.322s] INFO:colcon.colcon_core.shell:Creating environment descriptor '/root/ros-lab-2/install/ros_gz_app/share/ros_gz_app/hook/cmake_prefix_path.dsv'
[1.322s] INFO:colcon.colcon_core.shell:Creating environment hook '/root/ros-lab-2/install/ros_gz_app/share/ros_gz_app/hook/cmake_prefix_path.sh'
[1.323s] Level 1:colcon.colcon_core.environment:checking '/root/ros-lab-2/install/ros_gz_app/bin'
[1.323s] Level 1:colcon.colcon_core.environment:checking '/root/ros-lab-2/install/ros_gz_app/lib/pkgconfig/ros_gz_app.pc'
[1.323s] Level 1:colcon.colcon_core.environment:checking '/root/ros-lab-2/install/ros_gz_app/lib/python3.12/site-packages'
[1.324s] Level 1:colcon.colcon_core.environment:checking '/root/ros-lab-2/install/ros_gz_app/bin'
[1.324s] INFO:colcon.colcon_core.shell:Creating package script '/root/ros-lab-2/install/ros_gz_app/share/ros_gz_app/package.ps1'
[1.325s] INFO:colcon.colcon_core.shell:Creating package descriptor '/root/ros-lab-2/install/ros_gz_app/share/ros_gz_app/package.dsv'
[1.326s] INFO:colcon.colcon_core.shell:Creating package script '/root/ros-lab-2/install/ros_gz_app/share/ros_gz_app/package.sh'
[1.328s] INFO:colcon.colcon_core.shell:Creating package script '/root/ros-lab-2/install/ros_gz_app/share/ros_gz_app/package.bash'
[1.329s] INFO:colcon.colcon_core.shell:Creating package script '/root/ros-lab-2/install/ros_gz_app/share/ros_gz_app/package.zsh'
[1.330s] Level 1:colcon.colcon_core.environment:create_file_with_runtime_dependencies(/root/ros-lab-2/install/ros_gz_app/share/colcon-core/packages/ros_gz_app)
[1.334s] Level 1:colcon.colcon_core.environment:create_environment_scripts_only(ros_gz_description)
[1.335s] Level 1:colcon.colcon_core.environment:checking '/root/ros-lab-2/install/ros_gz_description' for CMake module files
[1.337s] DEBUG:colcon.colcon_core.event_handler.log_command:Invoked command in '/root/ros-lab-2/build/ros_gz_description' returned '0': CMAKE_PREFIX_PATH=${CMAKE_PREFIX_PATH}:/root/ros-lab-2/install/wall_follow:/opt/ros/jazzy PS1=<ROS2-Jazzy>[\u@\h \W]$ /usr/bin/cmake --install /root/ros-lab-2/build/ros_gz_description
[1.338s] Level 1:colcon.colcon_core.environment:checking '/root/ros-lab-2/install/ros_gz_description' for CMake config files
[1.338s] Level 1:colcon.colcon_core.shell:create_environment_hook('ros_gz_description', 'cmake_prefix_path')
[1.338s] INFO:colcon.colcon_core.shell:Creating environment hook '/root/ros-lab-2/install/ros_gz_description/share/ros_gz_description/hook/cmake_prefix_path.ps1'
[1.340s] INFO:colcon.colcon_core.shell:Creating environment descriptor '/root/ros-lab-2/install/ros_gz_description/share/ros_gz_description/hook/cmake_prefix_path.dsv'
[1.341s] INFO:colcon.colcon_core.shell:Creating environment hook '/root/ros-lab-2/install/ros_gz_description/share/ros_gz_description/hook/cmake_prefix_path.sh'
[1.342s] Level 1:colcon.colcon_core.environment:checking '/root/ros-lab-2/install/ros_gz_description/bin'
[1.342s] Level 1:colcon.colcon_core.environment:checking '/root/ros-lab-2/install/ros_gz_description/lib/pkgconfig/ros_gz_description.pc'
[1.343s] Level 1:colcon.colcon_core.environment:checking '/root/ros-lab-2/install/ros_gz_description/lib/python3.12/site-packages'
[1.343s] Level 1:colcon.colcon_core.environment:checking '/root/ros-lab-2/install/ros_gz_description/bin'
[1.344s] INFO:colcon.colcon_core.shell:Creating package script '/root/ros-lab-2/install/ros_gz_description/share/ros_gz_description/package.ps1'
[1.345s] INFO:colcon.colcon_core.shell:Creating package descriptor '/root/ros-lab-2/install/ros_gz_description/share/ros_gz_description/package.dsv'
[1.346s] INFO:colcon.colcon_core.shell:Creating package script '/root/ros-lab-2/install/ros_gz_description/share/ros_gz_description/package.sh'
[1.347s] INFO:colcon.colcon_core.shell:Creating package script '/root/ros-lab-2/install/ros_gz_description/share/ros_gz_description/package.bash'
[1.348s] INFO:colcon.colcon_core.shell:Creating package script '/root/ros-lab-2/install/ros_gz_description/share/ros_gz_description/package.zsh'
[1.349s] Level 1:colcon.colcon_core.environment:create_file_with_runtime_dependencies(/root/ros-lab-2/install/ros_gz_description/share/colcon-core/packages/ros_gz_description)
[1.350s] Level 1:colcon.colcon_core.environment:create_environment_scripts_only(ros_gz_description)
[1.350s] Level 1:colcon.colcon_core.environment:checking '/root/ros-lab-2/install/ros_gz_description' for CMake module files
[1.351s] Level 1:colcon.colcon_core.environment:checking '/root/ros-lab-2/install/ros_gz_description' for CMake config files
[1.351s] Level 1:colcon.colcon_core.shell:create_environment_hook('ros_gz_description', 'cmake_prefix_path')
[1.351s] INFO:colcon.colcon_core.shell:Creating environment hook '/root/ros-lab-2/install/ros_gz_description/share/ros_gz_description/hook/cmake_prefix_path.ps1'
[1.352s] INFO:colcon.colcon_core.shell:Creating environment descriptor '/root/ros-lab-2/install/ros_gz_description/share/ros_gz_description/hook/cmake_prefix_path.dsv'
[1.353s] INFO:colcon.colcon_core.shell:Creating environment hook '/root/ros-lab-2/install/ros_gz_description/share/ros_gz_description/hook/cmake_prefix_path.sh'
[1.354s] Level 1:colcon.colcon_core.environment:checking '/root/ros-lab-2/install/ros_gz_description/bin'
[1.354s] Level 1:colcon.colcon_core.environment:checking '/root/ros-lab-2/install/ros_gz_description/lib/pkgconfig/ros_gz_description.pc'
[1.354s] Level 1:colcon.colcon_core.environment:checking '/root/ros-lab-2/install/ros_gz_description/lib/python3.12/site-packages'
[1.354s] Level 1:colcon.colcon_core.environment:checking '/root/ros-lab-2/install/ros_gz_description/bin'
[1.355s] INFO:colcon.colcon_core.shell:Creating package script '/root/ros-lab-2/install/ros_gz_description/share/ros_gz_description/package.ps1'
[1.356s] INFO:colcon.colcon_core.shell:Creating package descriptor '/root/ros-lab-2/install/ros_gz_description/share/ros_gz_description/package.dsv'
[1.357s] INFO:colcon.colcon_core.shell:Creating package script '/root/ros-lab-2/install/ros_gz_description/share/ros_gz_description/package.sh'
[1.358s] INFO:colcon.colcon_core.shell:Creating package script '/root/ros-lab-2/install/ros_gz_description/share/ros_gz_description/package.bash'
[1.359s] INFO:colcon.colcon_core.shell:Creating package script '/root/ros-lab-2/install/ros_gz_description/share/ros_gz_description/package.zsh'
[1.360s] Level 1:colcon.colcon_core.environment:create_file_with_runtime_dependencies(/root/ros-lab-2/install/ros_gz_description/share/colcon-core/packages/ros_gz_description)
[1.361s] INFO:colcon.colcon_ros.task.ament_cmake.build:Building ROS package in '/root/ros-lab-2/ros_gz_gazebo' with build type 'ament_cmake'
[1.361s] INFO:colcon.colcon_cmake.task.cmake.build:Building CMake package in '/root/ros-lab-2/ros_gz_gazebo'
[1.362s] INFO:colcon.colcon_core.shell:Skip shell extension 'powershell' for command environment: Not usable outside of PowerShell
[1.362s] DEBUG:colcon.colcon_core.shell:Skip shell extension 'dsv' for command environment
[1.386s] DEBUG:colcon.colcon_core.event_handler.log_command:Invoking command in '/root/ros-lab-2/build/ros_gz_gazebo': CMAKE_PREFIX_PATH=/root/ros-lab-2/install/ros_gz_description:/root/ros-lab-2/install/ros_gz_bringup:/root/ros-lab-2/install/ros_gz_gazebo:/root/ros-lab-2/install/ros_gz_app:/opt/ros/jazzy/opt/gz_sim_vendor:/opt/ros/jazzy/opt/gz_sensors_vendor:/opt/ros/jazzy/opt/gz_physics_vendor:/opt/ros/jazzy/opt/sdformat_vendor:/opt/ros/jazzy/opt/gz_gui_vendor:/opt/ros/jazzy/opt/gz_transport_vendor:/opt/ros/jazzy/opt/gz_rendering_vendor:/opt/ros/jazzy/opt/gz_plugin_vendor:/opt/ros/jazzy/opt/gz_fuel_tools_vendor:/opt/ros/jazzy/opt/gz_msgs_vendor:/opt/ros/jazzy/opt/gz_common_vendor:/opt/ros/jazzy/opt/gz_math_vendor:/opt/ros/jazzy/opt/gz_utils_vendor:/opt/ros/jazzy/opt/gz_tools_vendor:/opt/ros/jazzy/opt/gz_ogre_next_vendor:/opt/ros/jazzy/opt/gz_dartsim_vendor:/opt/ros/jazzy/opt/gz_cmake_vendor:/root/ros-lab-2/install/wall_follow:/opt/ros/jazzy PS1=<ROS2-Jazzy>[\u@\h \W]$ /usr/bin/cmake --build /root/ros-lab-2/build/ros_gz_gazebo -- -j16 -l16
[1.522s] DEBUG:colcon.colcon_core.event_handler.log_command:Invoked command in '/root/ros-lab-2/build/ros_gz_gazebo' returned '0': CMAKE_PREFIX_PATH=/root/ros-lab-2/install/ros_gz_description:/root/ros-lab-2/install/ros_gz_bringup:/root/ros-lab-2/install/ros_gz_gazebo:/root/ros-lab-2/install/ros_gz_app:/opt/ros/jazzy/opt/gz_sim_vendor:/opt/ros/jazzy/opt/gz_sensors_vendor:/opt/ros/jazzy/opt/gz_physics_vendor:/opt/ros/jazzy/opt/sdformat_vendor:/opt/ros/jazzy/opt/gz_gui_vendor:/opt/ros/jazzy/opt/gz_transport_vendor:/opt/ros/jazzy/opt/gz_rendering_vendor:/opt/ros/jazzy/opt/gz_plugin_vendor:/opt/ros/jazzy/opt/gz_fuel_tools_vendor:/opt/ros/jazzy/opt/gz_msgs_vendor:/opt/ros/jazzy/opt/gz_common_vendor:/opt/ros/jazzy/opt/gz_math_vendor:/opt/ros/jazzy/opt/gz_utils_vendor:/opt/ros/jazzy/opt/gz_tools_vendor:/opt/ros/jazzy/opt/gz_ogre_next_vendor:/opt/ros/jazzy/opt/gz_dartsim_vendor:/opt/ros/jazzy/opt/gz_cmake_vendor:/root/ros-lab-2/install/wall_follow:/opt/ros/jazzy PS1=<ROS2-Jazzy>[\u@\h \W]$ /usr/bin/cmake --build /root/ros-lab-2/build/ros_gz_gazebo -- -j16 -l16
[1.525s] DEBUG:colcon.colcon_core.event_handler.log_command:Invoking command in '/root/ros-lab-2/build/ros_gz_gazebo': CMAKE_PREFIX_PATH=/root/ros-lab-2/install/ros_gz_description:/root/ros-lab-2/install/ros_gz_bringup:/root/ros-lab-2/install/ros_gz_gazebo:/root/ros-lab-2/install/ros_gz_app:/opt/ros/jazzy/opt/gz_sim_vendor:/opt/ros/jazzy/opt/gz_sensors_vendor:/opt/ros/jazzy/opt/gz_physics_vendor:/opt/ros/jazzy/opt/sdformat_vendor:/opt/ros/jazzy/opt/gz_gui_vendor:/opt/ros/jazzy/opt/gz_transport_vendor:/opt/ros/jazzy/opt/gz_rendering_vendor:/opt/ros/jazzy/opt/gz_plugin_vendor:/opt/ros/jazzy/opt/gz_fuel_tools_vendor:/opt/ros/jazzy/opt/gz_msgs_vendor:/opt/ros/jazzy/opt/gz_common_vendor:/opt/ros/jazzy/opt/gz_math_vendor:/opt/ros/jazzy/opt/gz_utils_vendor:/opt/ros/jazzy/opt/gz_tools_vendor:/opt/ros/jazzy/opt/gz_ogre_next_vendor:/opt/ros/jazzy/opt/gz_dartsim_vendor:/opt/ros/jazzy/opt/gz_cmake_vendor:/root/ros-lab-2/install/wall_follow:/opt/ros/jazzy PS1=<ROS2-Jazzy>[\u@\h \W]$ /usr/bin/cmake --install /root/ros-lab-2/build/ros_gz_gazebo
[1.556s] Level 1:colcon.colcon_core.environment:create_environment_scripts_only(ros_gz_gazebo)
[1.557s] DEBUG:colcon.colcon_core.event_handler.log_command:Invoked command in '/root/ros-lab-2/build/ros_gz_gazebo' returned '0': CMAKE_PREFIX_PATH=/root/ros-lab-2/install/ros_gz_description:/root/ros-lab-2/install/ros_gz_bringup:/root/ros-lab-2/install/ros_gz_gazebo:/root/ros-lab-2/install/ros_gz_app:/opt/ros/jazzy/opt/gz_sim_vendor:/opt/ros/jazzy/opt/gz_sensors_vendor:/opt/ros/jazzy/opt/gz_physics_vendor:/opt/ros/jazzy/opt/sdformat_vendor:/opt/ros/jazzy/opt/gz_gui_vendor:/opt/ros/jazzy/opt/gz_transport_vendor:/opt/ros/jazzy/opt/gz_rendering_vendor:/opt/ros/jazzy/opt/gz_plugin_vendor:/opt/ros/jazzy/opt/gz_fuel_tools_vendor:/opt/ros/jazzy/opt/gz_msgs_vendor:/opt/ros/jazzy/opt/gz_common_vendor:/opt/ros/jazzy/opt/gz_math_vendor:/opt/ros/jazzy/opt/gz_utils_vendor:/opt/ros/jazzy/opt/gz_tools_vendor:/opt/ros/jazzy/opt/gz_ogre_next_vendor:/opt/ros/jazzy/opt/gz_dartsim_vendor:/opt/ros/jazzy/opt/gz_cmake_vendor:/root/ros-lab-2/install/wall_follow:/opt/ros/jazzy PS1=<ROS2-Jazzy>[\u@\h \W]$ /usr/bin/cmake --install /root/ros-lab-2/build/ros_gz_gazebo
[1.558s] Level 1:colcon.colcon_core.environment:checking '/root/ros-lab-2/install/ros_gz_gazebo' for CMake module files
[1.559s] Level 1:colcon.colcon_core.environment:checking '/root/ros-lab-2/install/ros_gz_gazebo' for CMake config files
[1.559s] Level 1:colcon.colcon_core.shell:create_environment_hook('ros_gz_gazebo', 'cmake_prefix_path')
[1.560s] INFO:colcon.colcon_core.shell:Creating environment hook '/root/ros-lab-2/install/ros_gz_gazebo/share/ros_gz_gazebo/hook/cmake_prefix_path.ps1'
[1.561s] INFO:colcon.colcon_core.shell:Creating environment descriptor '/root/ros-lab-2/install/ros_gz_gazebo/share/ros_gz_gazebo/hook/cmake_prefix_path.dsv'
[1.562s] INFO:colcon.colcon_core.shell:Creating environment hook '/root/ros-lab-2/install/ros_gz_gazebo/share/ros_gz_gazebo/hook/cmake_prefix_path.sh'
[1.563s] Level 1:colcon.colcon_core.environment:checking '/root/ros-lab-2/install/ros_gz_gazebo/lib'
[1.563s] Level 1:colcon.colcon_core.environment:checking '/root/ros-lab-2/install/ros_gz_gazebo/bin'
[1.563s] Level 1:colcon.colcon_core.environment:checking '/root/ros-lab-2/install/ros_gz_gazebo/lib/pkgconfig/ros_gz_gazebo.pc'
[1.564s] Level 1:colcon.colcon_core.environment:checking '/root/ros-lab-2/install/ros_gz_gazebo/lib/python3.12/site-packages'
[1.564s] Level 1:colcon.colcon_core.environment:checking '/root/ros-lab-2/install/ros_gz_gazebo/bin'
[1.565s] INFO:colcon.colcon_core.shell:Creating package script '/root/ros-lab-2/install/ros_gz_gazebo/share/ros_gz_gazebo/package.ps1'
[1.565s] INFO:colcon.colcon_core.shell:Creating package descriptor '/root/ros-lab-2/install/ros_gz_gazebo/share/ros_gz_gazebo/package.dsv'
[1.566s] INFO:colcon.colcon_core.shell:Creating package script '/root/ros-lab-2/install/ros_gz_gazebo/share/ros_gz_gazebo/package.sh'
[1.567s] INFO:colcon.colcon_core.shell:Creating package script '/root/ros-lab-2/install/ros_gz_gazebo/share/ros_gz_gazebo/package.bash'
[1.567s] INFO:colcon.colcon_core.shell:Creating package script '/root/ros-lab-2/install/ros_gz_gazebo/share/ros_gz_gazebo/package.zsh'
[1.568s] Level 1:colcon.colcon_core.environment:create_file_with_runtime_dependencies(/root/ros-lab-2/install/ros_gz_gazebo/share/colcon-core/packages/ros_gz_gazebo)
[1.569s] Level 1:colcon.colcon_core.environment:create_environment_scripts_only(ros_gz_gazebo)
[1.569s] Level 1:colcon.colcon_core.environment:checking '/root/ros-lab-2/install/ros_gz_gazebo' for CMake module files
[1.570s] Level 1:colcon.colcon_core.environment:checking '/root/ros-lab-2/install/ros_gz_gazebo' for CMake config files
[1.570s] Level 1:colcon.colcon_core.shell:create_environment_hook('ros_gz_gazebo', 'cmake_prefix_path')
[1.570s] INFO:colcon.colcon_core.shell:Creating environment hook '/root/ros-lab-2/install/ros_gz_gazebo/share/ros_gz_gazebo/hook/cmake_prefix_path.ps1'
[1.571s] INFO:colcon.colcon_core.shell:Creating environment descriptor '/root/ros-lab-2/install/ros_gz_gazebo/share/ros_gz_gazebo/hook/cmake_prefix_path.dsv'
[1.571s] INFO:colcon.colcon_core.shell:Creating environment hook '/root/ros-lab-2/install/ros_gz_gazebo/share/ros_gz_gazebo/hook/cmake_prefix_path.sh'
[1.572s] Level 1:colcon.colcon_core.environment:checking '/root/ros-lab-2/install/ros_gz_gazebo/lib'
[1.573s] Level 1:colcon.colcon_core.environment:checking '/root/ros-lab-2/install/ros_gz_gazebo/bin'
[1.573s] Level 1:colcon.colcon_core.environment:checking '/root/ros-lab-2/install/ros_gz_gazebo/lib/pkgconfig/ros_gz_gazebo.pc'
[1.573s] Level 1:colcon.colcon_core.environment:checking '/root/ros-lab-2/install/ros_gz_gazebo/lib/python3.12/site-packages'
[1.574s] Level 1:colcon.colcon_core.environment:checking '/root/ros-lab-2/install/ros_gz_gazebo/bin'
[1.574s] INFO:colcon.colcon_core.shell:Creating package script '/root/ros-lab-2/install/ros_gz_gazebo/share/ros_gz_gazebo/package.ps1'
[1.576s] INFO:colcon.colcon_core.shell:Creating package descriptor '/root/ros-lab-2/install/ros_gz_gazebo/share/ros_gz_gazebo/package.dsv'
[1.577s] INFO:colcon.colcon_core.shell:Creating package script '/root/ros-lab-2/install/ros_gz_gazebo/share/ros_gz_gazebo/package.sh'
[1.578s] INFO:colcon.colcon_core.shell:Creating package script '/root/ros-lab-2/install/ros_gz_gazebo/share/ros_gz_gazebo/package.bash'
[1.578s] INFO:colcon.colcon_core.shell:Creating package script '/root/ros-lab-2/install/ros_gz_gazebo/share/ros_gz_gazebo/package.zsh'
[1.579s] Level 1:colcon.colcon_core.environment:create_file_with_runtime_dependencies(/root/ros-lab-2/install/ros_gz_gazebo/share/colcon-core/packages/ros_gz_gazebo)
[1.581s] INFO:colcon.colcon_ros.task.ament_cmake.build:Building ROS package in '/root/ros-lab-2/ros_gz_bringup' with build type 'ament_cmake'
[1.582s] INFO:colcon.colcon_cmake.task.cmake.build:Building CMake package in '/root/ros-lab-2/ros_gz_bringup'
[1.582s] INFO:colcon.colcon_core.shell:Skip shell extension 'powershell' for command environment: Not usable outside of PowerShell
[1.582s] DEBUG:colcon.colcon_core.shell:Skip shell extension 'dsv' for command environment
[1.607s] DEBUG:colcon.colcon_core.event_handler.log_command:Invoking command in '/root/ros-lab-2/build/ros_gz_bringup': CMAKE_PREFIX_PATH=/root/ros-lab-2/install/ros_gz_gazebo:/root/ros-lab-2/install/ros_gz_description:/root/ros-lab-2/install/ros_gz_bringup:/root/ros-lab-2/install/ros_gz_app:/opt/ros/jazzy/opt/gz_sim_vendor:/opt/ros/jazzy/opt/gz_sensors_vendor:/opt/ros/jazzy/opt/gz_physics_vendor:/opt/ros/jazzy/opt/sdformat_vendor:/opt/ros/jazzy/opt/gz_gui_vendor:/opt/ros/jazzy/opt/gz_transport_vendor:/opt/ros/jazzy/opt/gz_rendering_vendor:/opt/ros/jazzy/opt/gz_plugin_vendor:/opt/ros/jazzy/opt/gz_fuel_tools_vendor:/opt/ros/jazzy/opt/gz_msgs_vendor:/opt/ros/jazzy/opt/gz_common_vendor:/opt/ros/jazzy/opt/gz_math_vendor:/opt/ros/jazzy/opt/gz_utils_vendor:/opt/ros/jazzy/opt/gz_tools_vendor:/opt/ros/jazzy/opt/gz_ogre_next_vendor:/opt/ros/jazzy/opt/gz_dartsim_vendor:/opt/ros/jazzy/opt/gz_cmake_vendor:/root/ros-lab-2/install/wall_follow:/opt/ros/jazzy GZ_SIM_PLUGIN_PATH=/root/ros-lab-2/install/ros_gz_gazebo/lib/ros_gz_gazebo PS1=<ROS2-Jazzy>[\u@\h \W]$ /usr/bin/cmake --build /root/ros-lab-2/build/ros_gz_bringup -- -j16 -l16
[1.682s] DEBUG:colcon.colcon_core.event_handler.log_command:Invoked command in '/root/ros-lab-2/build/ros_gz_bringup' returned '0': CMAKE_PREFIX_PATH=/root/ros-lab-2/install/ros_gz_gazebo:/root/ros-lab-2/install/ros_gz_description:/root/ros-lab-2/install/ros_gz_bringup:/root/ros-lab-2/install/ros_gz_app:/opt/ros/jazzy/opt/gz_sim_vendor:/opt/ros/jazzy/opt/gz_sensors_vendor:/opt/ros/jazzy/opt/gz_physics_vendor:/opt/ros/jazzy/opt/sdformat_vendor:/opt/ros/jazzy/opt/gz_gui_vendor:/opt/ros/jazzy/opt/gz_transport_vendor:/opt/ros/jazzy/opt/gz_rendering_vendor:/opt/ros/jazzy/opt/gz_plugin_vendor:/opt/ros/jazzy/opt/gz_fuel_tools_vendor:/opt/ros/jazzy/opt/gz_msgs_vendor:/opt/ros/jazzy/opt/gz_common_vendor:/opt/ros/jazzy/opt/gz_math_vendor:/opt/ros/jazzy/opt/gz_utils_vendor:/opt/ros/jazzy/opt/gz_tools_vendor:/opt/ros/jazzy/opt/gz_ogre_next_vendor:/opt/ros/jazzy/opt/gz_dartsim_vendor:/opt/ros/jazzy/opt/gz_cmake_vendor:/root/ros-lab-2/install/wall_follow:/opt/ros/jazzy GZ_SIM_PLUGIN_PATH=/root/ros-lab-2/install/ros_gz_gazebo/lib/ros_gz_gazebo PS1=<ROS2-Jazzy>[\u@\h \W]$ /usr/bin/cmake --build /root/ros-lab-2/build/ros_gz_bringup -- -j16 -l16
[1.685s] DEBUG:colcon.colcon_core.event_handler.log_command:Invoking command in '/root/ros-lab-2/build/ros_gz_bringup': CMAKE_PREFIX_PATH=/root/ros-lab-2/install/ros_gz_gazebo:/root/ros-lab-2/install/ros_gz_description:/root/ros-lab-2/install/ros_gz_bringup:/root/ros-lab-2/install/ros_gz_app:/opt/ros/jazzy/opt/gz_sim_vendor:/opt/ros/jazzy/opt/gz_sensors_vendor:/opt/ros/jazzy/opt/gz_physics_vendor:/opt/ros/jazzy/opt/sdformat_vendor:/opt/ros/jazzy/opt/gz_gui_vendor:/opt/ros/jazzy/opt/gz_transport_vendor:/opt/ros/jazzy/opt/gz_rendering_vendor:/opt/ros/jazzy/opt/gz_plugin_vendor:/opt/ros/jazzy/opt/gz_fuel_tools_vendor:/opt/ros/jazzy/opt/gz_msgs_vendor:/opt/ros/jazzy/opt/gz_common_vendor:/opt/ros/jazzy/opt/gz_math_vendor:/opt/ros/jazzy/opt/gz_utils_vendor:/opt/ros/jazzy/opt/gz_tools_vendor:/opt/ros/jazzy/opt/gz_ogre_next_vendor:/opt/ros/jazzy/opt/gz_dartsim_vendor:/opt/ros/jazzy/opt/gz_cmake_vendor:/root/ros-lab-2/install/wall_follow:/opt/ros/jazzy GZ_SIM_PLUGIN_PATH=/root/ros-lab-2/install/ros_gz_gazebo/lib/ros_gz_gazebo PS1=<ROS2-Jazzy>[\u@\h \W]$ /usr/bin/cmake --install /root/ros-lab-2/build/ros_gz_bringup
[1.709s] Level 1:colcon.colcon_core.environment:create_environment_scripts_only(ros_gz_bringup)
[1.710s] DEBUG:colcon.colcon_core.event_handler.log_command:Invoked command in '/root/ros-lab-2/build/ros_gz_bringup' returned '0': CMAKE_PREFIX_PATH=/root/ros-lab-2/install/ros_gz_gazebo:/root/ros-lab-2/install/ros_gz_description:/root/ros-lab-2/install/ros_gz_bringup:/root/ros-lab-2/install/ros_gz_app:/opt/ros/jazzy/opt/gz_sim_vendor:/opt/ros/jazzy/opt/gz_sensors_vendor:/opt/ros/jazzy/opt/gz_physics_vendor:/opt/ros/jazzy/opt/sdformat_vendor:/opt/ros/jazzy/opt/gz_gui_vendor:/opt/ros/jazzy/opt/gz_transport_vendor:/opt/ros/jazzy/opt/gz_rendering_vendor:/opt/ros/jazzy/opt/gz_plugin_vendor:/opt/ros/jazzy/opt/gz_fuel_tools_vendor:/opt/ros/jazzy/opt/gz_msgs_vendor:/opt/ros/jazzy/opt/gz_common_vendor:/opt/ros/jazzy/opt/gz_math_vendor:/opt/ros/jazzy/opt/gz_utils_vendor:/opt/ros/jazzy/opt/gz_tools_vendor:/opt/ros/jazzy/opt/gz_ogre_next_vendor:/opt/ros/jazzy/opt/gz_dartsim_vendor:/opt/ros/jazzy/opt/gz_cmake_vendor:/root/ros-lab-2/install/wall_follow:/opt/ros/jazzy GZ_SIM_PLUGIN_PATH=/root/ros-lab-2/install/ros_gz_gazebo/lib/ros_gz_gazebo PS1=<ROS2-Jazzy>[\u@\h \W]$ /usr/bin/cmake --install /root/ros-lab-2/build/ros_gz_bringup
[1.711s] Level 1:colcon.colcon_core.environment:checking '/root/ros-lab-2/install/ros_gz_bringup' for CMake module files
[1.713s] Level 1:colcon.colcon_core.environment:checking '/root/ros-lab-2/install/ros_gz_bringup' for CMake config files
[1.713s] Level 1:colcon.colcon_core.shell:create_environment_hook('ros_gz_bringup', 'cmake_prefix_path')
[1.714s] INFO:colcon.colcon_core.shell:Creating environment hook '/root/ros-lab-2/install/ros_gz_bringup/share/ros_gz_bringup/hook/cmake_prefix_path.ps1'
[1.715s] INFO:colcon.colcon_core.shell:Creating environment descriptor '/root/ros-lab-2/install/ros_gz_bringup/share/ros_gz_bringup/hook/cmake_prefix_path.dsv'
[1.716s] INFO:colcon.colcon_core.shell:Creating environment hook '/root/ros-lab-2/install/ros_gz_bringup/share/ros_gz_bringup/hook/cmake_prefix_path.sh'
[1.717s] Level 1:colcon.colcon_core.environment:checking '/root/ros-lab-2/install/ros_gz_bringup/bin'
[1.717s] Level 1:colcon.colcon_core.environment:checking '/root/ros-lab-2/install/ros_gz_bringup/lib/pkgconfig/ros_gz_bringup.pc'
[1.718s] Level 1:colcon.colcon_core.environment:checking '/root/ros-lab-2/install/ros_gz_bringup/lib/python3.12/site-packages'
[1.718s] Level 1:colcon.colcon_core.environment:checking '/root/ros-lab-2/install/ros_gz_bringup/bin'
[1.718s] INFO:colcon.colcon_core.shell:Creating package script '/root/ros-lab-2/install/ros_gz_bringup/share/ros_gz_bringup/package.ps1'
[1.719s] INFO:colcon.colcon_core.shell:Creating package descriptor '/root/ros-lab-2/install/ros_gz_bringup/share/ros_gz_bringup/package.dsv'
[1.720s] INFO:colcon.colcon_core.shell:Creating package script '/root/ros-lab-2/install/ros_gz_bringup/share/ros_gz_bringup/package.sh'
[1.720s] INFO:colcon.colcon_core.shell:Creating package script '/root/ros-lab-2/install/ros_gz_bringup/share/ros_gz_bringup/package.bash'
[1.721s] INFO:colcon.colcon_core.shell:Creating package script '/root/ros-lab-2/install/ros_gz_bringup/share/ros_gz_bringup/package.zsh'
[1.721s] Level 1:colcon.colcon_core.environment:create_file_with_runtime_dependencies(/root/ros-lab-2/install/ros_gz_bringup/share/colcon-core/packages/ros_gz_bringup)
[1.723s] Level 1:colcon.colcon_core.environment:create_environment_scripts_only(ros_gz_bringup)
[1.723s] Level 1:colcon.colcon_core.environment:checking '/root/ros-lab-2/install/ros_gz_bringup' for CMake module files
[1.729s] Level 1:colcon.colcon_core.environment:checking '/root/ros-lab-2/install/ros_gz_bringup' for CMake config files
[1.730s] Level 1:colcon.colcon_core.shell:create_environment_hook('ros_gz_bringup', 'cmake_prefix_path')
[1.730s] INFO:colcon.colcon_core.shell:Creating environment hook '/root/ros-lab-2/install/ros_gz_bringup/share/ros_gz_bringup/hook/cmake_prefix_path.ps1'
[1.731s] INFO:colcon.colcon_core.shell:Creating environment descriptor '/root/ros-lab-2/install/ros_gz_bringup/share/ros_gz_bringup/hook/cmake_prefix_path.dsv'
[1.732s] INFO:colcon.colcon_core.shell:Creating environment hook '/root/ros-lab-2/install/ros_gz_bringup/share/ros_gz_bringup/hook/cmake_prefix_path.sh'
[1.733s] Level 1:colcon.colcon_core.environment:checking '/root/ros-lab-2/install/ros_gz_bringup/bin'
[1.733s] Level 1:colcon.colcon_core.environment:checking '/root/ros-lab-2/install/ros_gz_bringup/lib/pkgconfig/ros_gz_bringup.pc'
[1.733s] Level 1:colcon.colcon_core.environment:checking '/root/ros-lab-2/install/ros_gz_bringup/lib/python3.12/site-packages'
[1.734s] Level 1:colcon.colcon_core.environment:checking '/root/ros-lab-2/install/ros_gz_bringup/bin'
[1.734s] INFO:colcon.colcon_core.shell:Creating package script '/root/ros-lab-2/install/ros_gz_bringup/share/ros_gz_bringup/package.ps1'
[1.735s] INFO:colcon.colcon_core.shell:Creating package descriptor '/root/ros-lab-2/install/ros_gz_bringup/share/ros_gz_bringup/package.dsv'
[1.737s] INFO:colcon.colcon_core.shell:Creating package script '/root/ros-lab-2/install/ros_gz_bringup/share/ros_gz_bringup/package.sh'
[1.738s] INFO:colcon.colcon_core.shell:Creating package script '/root/ros-lab-2/install/ros_gz_bringup/share/ros_gz_bringup/package.bash'
[1.739s] INFO:colcon.colcon_core.shell:Creating package script '/root/ros-lab-2/install/ros_gz_bringup/share/ros_gz_bringup/package.zsh'
[1.740s] Level 1:colcon.colcon_core.environment:create_file_with_runtime_dependencies(/root/ros-lab-2/install/ros_gz_bringup/share/colcon-core/packages/ros_gz_bringup)
[2.689s] DEBUG:colcon.colcon_core.event_handler.log_command:Invoking command in '/root/ros-lab-2/src/wall_follow': PS1=<ROS2-Jazzy>[\u@\h \W]$ PYTHONPATH=/root/ros-lab-2/build/wall_follow/prefix_override:/usr/lib/python3/dist-packages/colcon_core/task/python/colcon_distutils_commands:/root/ros-lab-2/install/wall_follow/lib/python3.12/site-packages:${PYTHONPATH} /usr/bin/python3 -W ignore:setup.py install is deprecated -W ignore:easy_install command is deprecated setup.py egg_info --egg-base ../../build/wall_follow build --build-base /root/ros-lab-2/build/wall_follow/build install --record /root/ros-lab-2/build/wall_follow/install.log --single-version-externally-managed install_data
[4.048s] Level 1:colcon.colcon_core.environment:checking '/root/ros-lab-2/install/wall_follow' for CMake module files
[4.049s] Level 1:colcon.colcon_core.environment:checking '/root/ros-lab-2/install/wall_follow' for CMake config files
[4.050s] Level 1:colcon.colcon_core.environment:checking '/root/ros-lab-2/install/wall_follow/lib'
[4.051s] Level 1:colcon.colcon_core.environment:checking '/root/ros-lab-2/install/wall_follow/bin'
[4.051s] Level 1:colcon.colcon_core.environment:checking '/root/ros-lab-2/install/wall_follow/lib/pkgconfig/wall_follow.pc'
[4.052s] Level 1:colcon.colcon_core.environment:checking '/root/ros-lab-2/install/wall_follow/lib/python3.12/site-packages'
[4.052s] Level 1:colcon.colcon_core.shell:create_environment_hook('wall_follow', 'pythonpath')
[4.053s] INFO:colcon.colcon_core.shell:Creating environment hook '/root/ros-lab-2/install/wall_follow/share/wall_follow/hook/pythonpath.ps1'
[4.054s] INFO:colcon.colcon_core.shell:Creating environment descriptor '/root/ros-lab-2/install/wall_follow/share/wall_follow/hook/pythonpath.dsv'
[4.055s] INFO:colcon.colcon_core.shell:Creating environment hook '/root/ros-lab-2/install/wall_follow/share/wall_follow/hook/pythonpath.sh'
[4.056s] Level 1:colcon.colcon_core.environment:checking '/root/ros-lab-2/install/wall_follow/bin'
[4.056s] Level 1:colcon.colcon_core.environment:create_environment_scripts_only(wall_follow)
[4.056s] INFO:colcon.colcon_core.shell:Creating package script '/root/ros-lab-2/install/wall_follow/share/wall_follow/package.ps1'
[4.060s] INFO:colcon.colcon_core.shell:Creating package descriptor '/root/ros-lab-2/install/wall_follow/share/wall_follow/package.dsv'
[4.061s] DEBUG:colcon.colcon_core.event_handler.log_command:Invoked command in '/root/ros-lab-2/src/wall_follow' returned '0': PS1=<ROS2-Jazzy>[\u@\h \W]$ PYTHONPATH=/root/ros-lab-2/build/wall_follow/prefix_override:/usr/lib/python3/dist-packages/colcon_core/task/python/colcon_distutils_commands:/root/ros-lab-2/install/wall_follow/lib/python3.12/site-packages:${PYTHONPATH} /usr/bin/python3 -W ignore:setup.py install is deprecated -W ignore:easy_install command is deprecated setup.py egg_info --egg-base ../../build/wall_follow build --build-base /root/ros-lab-2/build/wall_follow/build install --record /root/ros-lab-2/build/wall_follow/install.log --single-version-externally-managed install_data
[4.063s] INFO:colcon.colcon_core.shell:Creating package script '/root/ros-lab-2/install/wall_follow/share/wall_follow/package.sh'
[4.064s] INFO:colcon.colcon_core.shell:Creating package script '/root/ros-lab-2/install/wall_follow/share/wall_follow/package.bash'
[4.066s] INFO:colcon.colcon_core.shell:Creating package script '/root/ros-lab-2/install/wall_follow/share/wall_follow/package.zsh'
[4.067s] Level 1:colcon.colcon_core.environment:create_file_with_runtime_dependencies(/root/ros-lab-2/install/wall_follow/share/colcon-core/packages/wall_follow)
[4.068s] DEBUG:colcon.colcon_parallel_executor.executor.parallel:closing loop
[4.070s] DEBUG:colcon.colcon_parallel_executor.executor.parallel:loop closed
[4.070s] DEBUG:colcon.colcon_parallel_executor.executor.parallel:run_until_complete finished with '0'
[4.070s] DEBUG:colcon.colcon_core.event_reactor:joining thread
[4.082s] INFO:colcon.colcon_core.plugin_system:Skipping extension 'colcon_notification.desktop_notification.notify_send': Could not find 'notify-send'
[4.082s] INFO:colcon.colcon_core.plugin_system:Skipping extension 'colcon_notification.desktop_notification.terminal_notifier': Not used on non-Darwin systems
[4.082s] INFO:colcon.colcon_core.plugin_system:Skipping extension 'colcon_notification.desktop_notification.win32': Not used on non-Windows systems
[4.082s] INFO:colcon.colcon_notification.desktop_notification:Sending desktop notification using 'notify2'
[4.086s] DEBUG:colcon.colcon_notification.desktop_notification.notify2:Failed to initialize notify2: org.freedesktop.DBus.Error.Spawn.ExecFailed: /usr/bin/dbus-launch terminated abnormally without any error message
[4.086s] DEBUG:colcon.colcon_core.event_reactor:joined thread
[4.087s] INFO:colcon.colcon_core.shell:Creating prefix script '/root/ros-lab-2/install/local_setup.ps1'
[4.089s] INFO:colcon.colcon_core.shell:Creating prefix util module '/root/ros-lab-2/install/_local_setup_util_ps1.py'
[4.092s] INFO:colcon.colcon_core.shell:Creating prefix chain script '/root/ros-lab-2/install/setup.ps1'
[4.097s] INFO:colcon.colcon_core.shell:Creating prefix script '/root/ros-lab-2/install/local_setup.sh'
[4.098s] INFO:colcon.colcon_core.shell:Creating prefix util module '/root/ros-lab-2/install/_local_setup_util_sh.py'
[4.099s] INFO:colcon.colcon_core.shell:Creating prefix chain script '/root/ros-lab-2/install/setup.sh'
[4.101s] INFO:colcon.colcon_core.shell:Creating prefix script '/root/ros-lab-2/install/local_setup.bash'
[4.102s] INFO:colcon.colcon_core.shell:Creating prefix chain script '/root/ros-lab-2/install/setup.bash'
[4.105s] INFO:colcon.colcon_core.shell:Creating prefix script '/root/ros-lab-2/install/local_setup.zsh'
[4.106s] INFO:colcon.colcon_core.shell:Creating prefix chain script '/root/ros-lab-2/install/setup.zsh'
