[0.049s] Invoking command in '/root/ros-lab-2/build/ros_gz_app': CMAKE_PREFIX_PATH=${CMAKE_PREFIX_PATH}:/root/ros-lab-2/install/wall_follow:/opt/ros/jazzy PS1=<ROS2-Jazzy>[\u@\h \W]$ /usr/bin/cmake --build /root/ros-lab-2/build/ros_gz_app -- -j16 -l16
[0.724s] Invoked command in '/root/ros-lab-2/build/ros_gz_app' returned '0': CMAKE_PREFIX_PATH=${CMAKE_PREFIX_PATH}:/root/ros-lab-2/install/wall_follow:/opt/ros/jazzy PS1=<ROS2-Jazzy>[\u@\h \W]$ /usr/bin/cmake --build /root/ros-lab-2/build/ros_gz_app -- -j16 -l16
[0.756s] Invoking command in '/root/ros-lab-2/build/ros_gz_app': CMAKE_PREFIX_PATH=${CMAKE_PREFIX_PATH}:/root/ros-lab-2/install/wall_follow:/opt/ros/jazzy PS1=<ROS2-Jazzy>[\u@\h \W]$ /usr/bin/cmake --install /root/ros-lab-2/build/ros_gz_app
[0.778s] -- Install configuration: ""
[0.778s] -- Up-to-date: /root/ros-lab-2/install/ros_gz_app/share/ament_index/resource_index/package_run_dependencies/ros_gz_app
[0.779s] -- Up-to-date: /root/ros-lab-2/install/ros_gz_app/share/ament_index/resource_index/parent_prefix_path/ros_gz_app
[0.780s] -- Up-to-date: /root/ros-lab-2/install/ros_gz_app/share/ros_gz_app/environment/ament_prefix_path.sh
[0.788s] -- Up-to-date: /root/ros-lab-2/install/ros_gz_app/share/ros_gz_app/environment/ament_prefix_path.dsv
[0.788s] -- Up-to-date: /root/ros-lab-2/install/ros_gz_app/share/ros_gz_app/environment/path.sh
[0.792s] -- Up-to-date: /root/ros-lab-2/install/ros_gz_app/share/ros_gz_app/environment/path.dsv
[0.793s] -- Up-to-date: /root/ros-lab-2/install/ros_gz_app/share/ros_gz_app/local_setup.bash
[0.793s] -- Up-to-date: /root/ros-lab-2/install/ros_gz_app/share/ros_gz_app/local_setup.sh
[0.793s] -- Up-to-date: /root/ros-lab-2/install/ros_gz_app/share/ros_gz_app/local_setup.zsh
[0.793s] -- Up-to-date: /root/ros-lab-2/install/ros_gz_app/share/ros_gz_app/local_setup.dsv
[0.794s] -- Installing: /root/ros-lab-2/install/ros_gz_app/share/ros_gz_app/package.dsv
[0.794s] -- Up-to-date: /root/ros-lab-2/install/ros_gz_app/share/ament_index/resource_index/packages/ros_gz_app
[0.797s] -- Up-to-date: /root/ros-lab-2/install/ros_gz_app/share/ros_gz_app/cmake/ros_gz_appConfig.cmake
[0.798s] -- Up-to-date: /root/ros-lab-2/install/ros_gz_app/share/ros_gz_app/cmake/ros_gz_appConfig-version.cmake
[0.798s] -- Up-to-date: /root/ros-lab-2/install/ros_gz_app/share/ros_gz_app/package.xml
[0.852s] Invoked command in '/root/ros-lab-2/build/ros_gz_app' returned '0': CMAKE_PREFIX_PATH=${CMAKE_PREFIX_PATH}:/root/ros-lab-2/install/wall_follow:/opt/ros/jazzy PS1=<ROS2-Jazzy>[\u@\h \W]$ /usr/bin/cmake --install /root/ros-lab-2/build/ros_gz_app
