[0.278s] DEBUG:colcon:Command line arguments: ['/usr/bin/colcon', 'build']
[0.278s] DEBUG:colcon:Parsed command line arguments: Namespace(log_base=None, log_level=None, verb_name='build', build_base='build', install_base='install', merge_install=False, symlink_install=False, test_result_base=None, continue_on_error=False, executor='parallel', parallel_workers=16, event_handlers=None, ignore_user_meta=False, metas=['./colcon.meta'], base_paths=['.'], packages_ignore=None, packages_ignore_regex=None, paths=None, packages_up_to=None, packages_up_to_regex=None, packages_above=None, packages_above_and_dependencies=None, packages_above_depth=None, packages_select_by_dep=None, packages_skip_by_dep=None, packages_skip_up_to=None, packages_select_build_failed=False, packages_skip_build_finished=False, packages_select_test_failures=False, packages_skip_test_passed=False, packages_select=None, packages_skip=None, packages_select_regex=None, packages_skip_regex=None, packages_start=None, packages_end=None, allow_overriding=[], cmake_args=None, cmake_target=None, cmake_target_skip_unavailable=False, cmake_clean_cache=False, cmake_clean_first=False, cmake_force_configure=False, ament_cmake_args=None, catkin_cmake_args=None, catkin_skip_building_tests=False, mixin_files=None, mixin=None, verb_parser=<colcon_mixin.mixin.mixin_argument.MixinArgumentDecorator object at 0x7fb206469ee0>, verb_extension=<colcon_core.verb.build.BuildVerb object at 0x7fb206417860>, main=<bound method BuildVerb.main of <colcon_core.verb.build.BuildVerb object at 0x7fb206417860>>, mixin_verb=('build',))
[0.383s] Level 1:colcon.colcon_core.package_discovery:discover_packages(colcon_meta) check parameters
[0.383s] Level 1:colcon.colcon_core.package_discovery:discover_packages(recursive) check parameters
[0.383s] Level 1:colcon.colcon_core.package_discovery:discover_packages(ignore) check parameters
[0.383s] Level 1:colcon.colcon_core.package_discovery:discover_packages(path) check parameters
[0.383s] Level 1:colcon.colcon_core.package_discovery:discover_packages(colcon_meta) discover
[0.383s] Level 1:colcon.colcon_core.package_discovery:discover_packages(recursive) discover
[0.383s] INFO:colcon.colcon_core.package_discovery:Crawling recursively for packages in '/root/ros-lab-2'
[0.383s] Level 1:colcon.colcon_core.package_identification:_identify(.) by extensions ['ignore', 'ignore_ament_install']
[0.384s] Level 1:colcon.colcon_core.package_identification:_identify(.) by extension 'ignore'
[0.384s] Level 1:colcon.colcon_core.package_identification:_identify(.) by extension 'ignore_ament_install'
[0.384s] Level 1:colcon.colcon_core.package_identification:_identify(.) by extensions ['colcon_pkg']
[0.384s] Level 1:colcon.colcon_core.package_identification:_identify(.) by extension 'colcon_pkg'
[0.384s] Level 1:colcon.colcon_core.package_identification:_identify(.) by extensions ['colcon_meta']
[0.384s] Level 1:colcon.colcon_core.package_identification:_identify(.) by extension 'colcon_meta'
[0.384s] Level 1:colcon.colcon_core.package_identification:_identify(.) by extensions ['ros']
[0.384s] Level 1:colcon.colcon_core.package_identification:_identify(.) by extension 'ros'
[0.462s] Level 1:colcon.colcon_core.package_identification:_identify(.) by extensions ['cmake', 'python']
[0.463s] Level 1:colcon.colcon_core.package_identification:_identify(.) by extension 'cmake'
[0.463s] Level 1:colcon.colcon_core.package_identification:_identify(.) by extension 'python'
[0.463s] Level 1:colcon.colcon_core.package_identification:_identify(.) by extensions ['python_setup_py']
[0.463s] Level 1:colcon.colcon_core.package_identification:_identify(.) by extension 'python_setup_py'
[0.463s] Level 1:colcon.colcon_core.package_identification:_identify(build) by extensions ['ignore', 'ignore_ament_install']
[0.464s] Level 1:colcon.colcon_core.package_identification:_identify(build) by extension 'ignore'
[0.464s] Level 1:colcon.colcon_core.package_identification:_identify(build) ignored
[0.464s] Level 1:colcon.colcon_core.package_identification:_identify(figs) by extensions ['ignore', 'ignore_ament_install']
[0.465s] Level 1:colcon.colcon_core.package_identification:_identify(figs) by extension 'ignore'
[0.465s] Level 1:colcon.colcon_core.package_identification:_identify(figs) by extension 'ignore_ament_install'
[0.465s] Level 1:colcon.colcon_core.package_identification:_identify(figs) by extensions ['colcon_pkg']
[0.465s] Level 1:colcon.colcon_core.package_identification:_identify(figs) by extension 'colcon_pkg'
[0.465s] Level 1:colcon.colcon_core.package_identification:_identify(figs) by extensions ['colcon_meta']
[0.466s] Level 1:colcon.colcon_core.package_identification:_identify(figs) by extension 'colcon_meta'
[0.466s] Level 1:colcon.colcon_core.package_identification:_identify(figs) by extensions ['ros']
[0.466s] Level 1:colcon.colcon_core.package_identification:_identify(figs) by extension 'ros'
[0.466s] Level 1:colcon.colcon_core.package_identification:_identify(figs) by extensions ['cmake', 'python']
[0.466s] Level 1:colcon.colcon_core.package_identification:_identify(figs) by extension 'cmake'
[0.466s] Level 1:colcon.colcon_core.package_identification:_identify(figs) by extension 'python'
[0.466s] Level 1:colcon.colcon_core.package_identification:_identify(figs) by extensions ['python_setup_py']
[0.466s] Level 1:colcon.colcon_core.package_identification:_identify(figs) by extension 'python_setup_py'
[0.467s] Level 1:colcon.colcon_core.package_identification:_identify(install) by extensions ['ignore', 'ignore_ament_install']
[0.467s] Level 1:colcon.colcon_core.package_identification:_identify(install) by extension 'ignore'
[0.467s] Level 1:colcon.colcon_core.package_identification:_identify(install) ignored
[0.467s] Level 1:colcon.colcon_core.package_identification:_identify(log) by extensions ['ignore', 'ignore_ament_install']
[0.468s] Level 1:colcon.colcon_core.package_identification:_identify(log) by extension 'ignore'
[0.468s] Level 1:colcon.colcon_core.package_identification:_identify(log) ignored
[0.468s] Level 1:colcon.colcon_core.package_identification:_identify(ros_gz_app) by extensions ['ignore', 'ignore_ament_install']
[0.468s] Level 1:colcon.colcon_core.package_identification:_identify(ros_gz_app) by extension 'ignore'
[0.468s] Level 1:colcon.colcon_core.package_identification:_identify(ros_gz_app) by extension 'ignore_ament_install'
[0.468s] Level 1:colcon.colcon_core.package_identification:_identify(ros_gz_app) by extensions ['colcon_pkg']
[0.468s] Level 1:colcon.colcon_core.package_identification:_identify(ros_gz_app) by extension 'colcon_pkg'
[0.468s] Level 1:colcon.colcon_core.package_identification:_identify(ros_gz_app) by extensions ['colcon_meta']
[0.469s] Level 1:colcon.colcon_core.package_identification:_identify(ros_gz_app) by extension 'colcon_meta'
[0.469s] Level 1:colcon.colcon_core.package_identification:_identify(ros_gz_app) by extensions ['ros']
[0.469s] Level 1:colcon.colcon_core.package_identification:_identify(ros_gz_app) by extension 'ros'
[0.474s] DEBUG:colcon.colcon_core.package_identification:Package 'ros_gz_app' with type 'ros.ament_cmake' and name 'ros_gz_app'
[0.474s] Level 1:colcon.colcon_core.package_identification:_identify(ros_gz_bringup) by extensions ['ignore', 'ignore_ament_install']
[0.475s] Level 1:colcon.colcon_core.package_identification:_identify(ros_gz_bringup) by extension 'ignore'
[0.475s] Level 1:colcon.colcon_core.package_identification:_identify(ros_gz_bringup) by extension 'ignore_ament_install'
[0.475s] Level 1:colcon.colcon_core.package_identification:_identify(ros_gz_bringup) by extensions ['colcon_pkg']
[0.475s] Level 1:colcon.colcon_core.package_identification:_identify(ros_gz_bringup) by extension 'colcon_pkg'
[0.475s] Level 1:colcon.colcon_core.package_identification:_identify(ros_gz_bringup) by extensions ['colcon_meta']
[0.475s] Level 1:colcon.colcon_core.package_identification:_identify(ros_gz_bringup) by extension 'colcon_meta'
[0.475s] Level 1:colcon.colcon_core.package_identification:_identify(ros_gz_bringup) by extensions ['ros']
[0.475s] Level 1:colcon.colcon_core.package_identification:_identify(ros_gz_bringup) by extension 'ros'
[0.477s] DEBUG:colcon.colcon_core.package_identification:Package 'ros_gz_bringup' with type 'ros.ament_cmake' and name 'ros_gz_bringup'
[0.478s] Level 1:colcon.colcon_core.package_identification:_identify(ros_gz_description) by extensions ['ignore', 'ignore_ament_install']
[0.478s] Level 1:colcon.colcon_core.package_identification:_identify(ros_gz_description) by extension 'ignore'
[0.478s] Level 1:colcon.colcon_core.package_identification:_identify(ros_gz_description) by extension 'ignore_ament_install'
[0.478s] Level 1:colcon.colcon_core.package_identification:_identify(ros_gz_description) by extensions ['colcon_pkg']
[0.478s] Level 1:colcon.colcon_core.package_identification:_identify(ros_gz_description) by extension 'colcon_pkg'
[0.478s] Level 1:colcon.colcon_core.package_identification:_identify(ros_gz_description) by extensions ['colcon_meta']
[0.478s] Level 1:colcon.colcon_core.package_identification:_identify(ros_gz_description) by extension 'colcon_meta'
[0.478s] Level 1:colcon.colcon_core.package_identification:_identify(ros_gz_description) by extensions ['ros']
[0.479s] Level 1:colcon.colcon_core.package_identification:_identify(ros_gz_description) by extension 'ros'
[0.479s] DEBUG:colcon.colcon_core.package_identification:Package 'ros_gz_description' with type 'ros.ament_cmake' and name 'ros_gz_description'
[0.480s] Level 1:colcon.colcon_core.package_identification:_identify(ros_gz_gazebo) by extensions ['ignore', 'ignore_ament_install']
[0.480s] Level 1:colcon.colcon_core.package_identification:_identify(ros_gz_gazebo) by extension 'ignore'
[0.480s] Level 1:colcon.colcon_core.package_identification:_identify(ros_gz_gazebo) by extension 'ignore_ament_install'
[0.480s] Level 1:colcon.colcon_core.package_identification:_identify(ros_gz_gazebo) by extensions ['colcon_pkg']
[0.480s] Level 1:colcon.colcon_core.package_identification:_identify(ros_gz_gazebo) by extension 'colcon_pkg'
[0.480s] Level 1:colcon.colcon_core.package_identification:_identify(ros_gz_gazebo) by extensions ['colcon_meta']
[0.480s] Level 1:colcon.colcon_core.package_identification:_identify(ros_gz_gazebo) by extension 'colcon_meta'
[0.480s] Level 1:colcon.colcon_core.package_identification:_identify(ros_gz_gazebo) by extensions ['ros']
[0.480s] Level 1:colcon.colcon_core.package_identification:_identify(ros_gz_gazebo) by extension 'ros'
[0.482s] DEBUG:colcon.colcon_core.package_identification:Package 'ros_gz_gazebo' with type 'ros.ament_cmake' and name 'ros_gz_gazebo'
[0.482s] Level 1:colcon.colcon_core.package_identification:_identify(src) by extensions ['ignore', 'ignore_ament_install']
[0.482s] Level 1:colcon.colcon_core.package_identification:_identify(src) by extension 'ignore'
[0.483s] Level 1:colcon.colcon_core.package_identification:_identify(src) by extension 'ignore_ament_install'
[0.483s] Level 1:colcon.colcon_core.package_identification:_identify(src) by extensions ['colcon_pkg']
[0.483s] Level 1:colcon.colcon_core.package_identification:_identify(src) by extension 'colcon_pkg'
[0.483s] Level 1:colcon.colcon_core.package_identification:_identify(src) by extensions ['colcon_meta']
[0.483s] Level 1:colcon.colcon_core.package_identification:_identify(src) by extension 'colcon_meta'
[0.483s] Level 1:colcon.colcon_core.package_identification:_identify(src) by extensions ['ros']
[0.483s] Level 1:colcon.colcon_core.package_identification:_identify(src) by extension 'ros'
[0.483s] Level 1:colcon.colcon_core.package_identification:_identify(src) by extensions ['cmake', 'python']
[0.483s] Level 1:colcon.colcon_core.package_identification:_identify(src) by extension 'cmake'
[0.483s] Level 1:colcon.colcon_core.package_identification:_identify(src) by extension 'python'
[0.483s] Level 1:colcon.colcon_core.package_identification:_identify(src) by extensions ['python_setup_py']
[0.484s] Level 1:colcon.colcon_core.package_identification:_identify(src) by extension 'python_setup_py'
[0.484s] Level 1:colcon.colcon_core.package_identification:_identify(src/wall_follow) by extensions ['ignore', 'ignore_ament_install']
[0.484s] Level 1:colcon.colcon_core.package_identification:_identify(src/wall_follow) by extension 'ignore'
[0.484s] Level 1:colcon.colcon_core.package_identification:_identify(src/wall_follow) by extension 'ignore_ament_install'
[0.485s] Level 1:colcon.colcon_core.package_identification:_identify(src/wall_follow) by extensions ['colcon_pkg']
[0.485s] Level 1:colcon.colcon_core.package_identification:_identify(src/wall_follow) by extension 'colcon_pkg'
[0.485s] Level 1:colcon.colcon_core.package_identification:_identify(src/wall_follow) by extensions ['colcon_meta']
[0.486s] Level 1:colcon.colcon_core.package_identification:_identify(src/wall_follow) by extension 'colcon_meta'
[0.486s] Level 1:colcon.colcon_core.package_identification:_identify(src/wall_follow) by extensions ['ros']
[0.486s] Level 1:colcon.colcon_core.package_identification:_identify(src/wall_follow) by extension 'ros'
[0.487s] DEBUG:colcon.colcon_core.package_identification:Package 'src/wall_follow' with type 'ros.ament_python' and name 'wall_follow'
[0.487s] Level 1:colcon.colcon_core.package_discovery:discover_packages(recursive) using defaults
[0.487s] Level 1:colcon.colcon_core.package_discovery:discover_packages(ignore) discover
[0.487s] Level 1:colcon.colcon_core.package_discovery:discover_packages(ignore) using defaults
[0.487s] Level 1:colcon.colcon_core.package_discovery:discover_packages(path) discover
[0.488s] Level 1:colcon.colcon_core.package_discovery:discover_packages(path) using defaults
[0.541s] Level 1:colcon.colcon_core.package_discovery:discover_packages(prefix_path) check parameters
[0.542s] Level 1:colcon.colcon_core.package_discovery:discover_packages(prefix_path) discover
[0.547s] DEBUG:colcon.colcon_installed_package_information.package_discovery:Found 5 installed packages in /root/ros-lab-2/install
[0.553s] DEBUG:colcon.colcon_installed_package_information.package_discovery:Found 317 installed packages in /opt/ros/jazzy
[0.557s] Level 1:colcon.colcon_core.package_discovery:discover_packages(prefix_path) using defaults
[0.680s] Level 5:colcon.colcon_core.verb:set package 'ros_gz_app' build argument 'cmake_args' from command line to 'None'
[0.680s] Level 5:colcon.colcon_core.verb:set package 'ros_gz_app' build argument 'cmake_target' from command line to 'None'
[0.680s] Level 5:colcon.colcon_core.verb:set package 'ros_gz_app' build argument 'cmake_target_skip_unavailable' from command line to 'False'
[0.680s] Level 5:colcon.colcon_core.verb:set package 'ros_gz_app' build argument 'cmake_clean_cache' from command line to 'False'
[0.680s] Level 5:colcon.colcon_core.verb:set package 'ros_gz_app' build argument 'cmake_clean_first' from command line to 'False'
[0.680s] Level 5:colcon.colcon_core.verb:set package 'ros_gz_app' build argument 'cmake_force_configure' from command line to 'False'
[0.680s] Level 5:colcon.colcon_core.verb:set package 'ros_gz_app' build argument 'ament_cmake_args' from command line to 'None'
[0.680s] Level 5:colcon.colcon_core.verb:set package 'ros_gz_app' build argument 'catkin_cmake_args' from command line to 'None'
[0.680s] Level 5:colcon.colcon_core.verb:set package 'ros_gz_app' build argument 'catkin_skip_building_tests' from command line to 'False'
[0.681s] DEBUG:colcon.colcon_core.verb:Building package 'ros_gz_app' with the following arguments: {'ament_cmake_args': None, 'build_base': '/root/ros-lab-2/build/ros_gz_app', 'catkin_cmake_args': None, 'catkin_skip_building_tests': False, 'cmake_args': None, 'cmake_clean_cache': False, 'cmake_clean_first': False, 'cmake_force_configure': False, 'cmake_target': None, 'cmake_target_skip_unavailable': False, 'install_base': '/root/ros-lab-2/install/ros_gz_app', 'merge_install': False, 'path': '/root/ros-lab-2/ros_gz_app', 'symlink_install': False, 'test_result_base': None}
[0.681s] Level 5:colcon.colcon_core.verb:set package 'ros_gz_description' build argument 'cmake_args' from command line to 'None'
[0.681s] Level 5:colcon.colcon_core.verb:set package 'ros_gz_description' build argument 'cmake_target' from command line to 'None'
[0.681s] Level 5:colcon.colcon_core.verb:set package 'ros_gz_description' build argument 'cmake_target_skip_unavailable' from command line to 'False'
[0.681s] Level 5:colcon.colcon_core.verb:set package 'ros_gz_description' build argument 'cmake_clean_cache' from command line to 'False'
[0.681s] Level 5:colcon.colcon_core.verb:set package 'ros_gz_description' build argument 'cmake_clean_first' from command line to 'False'
[0.682s] Level 5:colcon.colcon_core.verb:set package 'ros_gz_description' build argument 'cmake_force_configure' from command line to 'False'
[0.682s] Level 5:colcon.colcon_core.verb:set package 'ros_gz_description' build argument 'ament_cmake_args' from command line to 'None'
[0.682s] Level 5:colcon.colcon_core.verb:set package 'ros_gz_description' build argument 'catkin_cmake_args' from command line to 'None'
[0.682s] Level 5:colcon.colcon_core.verb:set package 'ros_gz_description' build argument 'catkin_skip_building_tests' from command line to 'False'
[0.682s] DEBUG:colcon.colcon_core.verb:Building package 'ros_gz_description' with the following arguments: {'ament_cmake_args': None, 'build_base': '/root/ros-lab-2/build/ros_gz_description', 'catkin_cmake_args': None, 'catkin_skip_building_tests': False, 'cmake_args': None, 'cmake_clean_cache': False, 'cmake_clean_first': False, 'cmake_force_configure': False, 'cmake_target': None, 'cmake_target_skip_unavailable': False, 'install_base': '/root/ros-lab-2/install/ros_gz_description', 'merge_install': False, 'path': '/root/ros-lab-2/ros_gz_description', 'symlink_install': False, 'test_result_base': None}
[0.682s] Level 5:colcon.colcon_core.verb:set package 'wall_follow' build argument 'cmake_args' from command line to 'None'
[0.682s] Level 5:colcon.colcon_core.verb:set package 'wall_follow' build argument 'cmake_target' from command line to 'None'
[0.683s] Level 5:colcon.colcon_core.verb:set package 'wall_follow' build argument 'cmake_target_skip_unavailable' from command line to 'False'
[0.683s] Level 5:colcon.colcon_core.verb:set package 'wall_follow' build argument 'cmake_clean_cache' from command line to 'False'
[0.683s] Level 5:colcon.colcon_core.verb:set package 'wall_follow' build argument 'cmake_clean_first' from command line to 'False'
[0.683s] Level 5:colcon.colcon_core.verb:set package 'wall_follow' build argument 'cmake_force_configure' from command line to 'False'
[0.683s] Level 5:colcon.colcon_core.verb:set package 'wall_follow' build argument 'ament_cmake_args' from command line to 'None'
[0.683s] Level 5:colcon.colcon_core.verb:set package 'wall_follow' build argument 'catkin_cmake_args' from command line to 'None'
[0.683s] Level 5:colcon.colcon_core.verb:set package 'wall_follow' build argument 'catkin_skip_building_tests' from command line to 'False'
[0.683s] DEBUG:colcon.colcon_core.verb:Building package 'wall_follow' with the following arguments: {'ament_cmake_args': None, 'build_base': '/root/ros-lab-2/build/wall_follow', 'catkin_cmake_args': None, 'catkin_skip_building_tests': False, 'cmake_args': None, 'cmake_clean_cache': False, 'cmake_clean_first': False, 'cmake_force_configure': False, 'cmake_target': None, 'cmake_target_skip_unavailable': False, 'install_base': '/root/ros-lab-2/install/wall_follow', 'merge_install': False, 'path': '/root/ros-lab-2/src/wall_follow', 'symlink_install': False, 'test_result_base': None}
[0.683s] Level 5:colcon.colcon_core.verb:set package 'ros_gz_gazebo' build argument 'cmake_args' from command line to 'None'
[0.683s] Level 5:colcon.colcon_core.verb:set package 'ros_gz_gazebo' build argument 'cmake_target' from command line to 'None'
[0.683s] Level 5:colcon.colcon_core.verb:set package 'ros_gz_gazebo' build argument 'cmake_target_skip_unavailable' from command line to 'False'
[0.683s] Level 5:colcon.colcon_core.verb:set package 'ros_gz_gazebo' build argument 'cmake_clean_cache' from command line to 'False'
[0.683s] Level 5:colcon.colcon_core.verb:set package 'ros_gz_gazebo' build argument 'cmake_clean_first' from command line to 'False'
[0.683s] Level 5:colcon.colcon_core.verb:set package 'ros_gz_gazebo' build argument 'cmake_force_configure' from command line to 'False'
[0.684s] Level 5:colcon.colcon_core.verb:set package 'ros_gz_gazebo' build argument 'ament_cmake_args' from command line to 'None'
[0.684s] Level 5:colcon.colcon_core.verb:set package 'ros_gz_gazebo' build argument 'catkin_cmake_args' from command line to 'None'
[0.684s] Level 5:colcon.colcon_core.verb:set package 'ros_gz_gazebo' build argument 'catkin_skip_building_tests' from command line to 'False'
[0.684s] DEBUG:colcon.colcon_core.verb:Building package 'ros_gz_gazebo' with the following arguments: {'ament_cmake_args': None, 'build_base': '/root/ros-lab-2/build/ros_gz_gazebo', 'catkin_cmake_args': None, 'catkin_skip_building_tests': False, 'cmake_args': None, 'cmake_clean_cache': False, 'cmake_clean_first': False, 'cmake_force_configure': False, 'cmake_target': None, 'cmake_target_skip_unavailable': False, 'install_base': '/root/ros-lab-2/install/ros_gz_gazebo', 'merge_install': False, 'path': '/root/ros-lab-2/ros_gz_gazebo', 'symlink_install': False, 'test_result_base': None}
[0.684s] Level 5:colcon.colcon_core.verb:set package 'ros_gz_bringup' build argument 'cmake_args' from command line to 'None'
[0.685s] Level 5:colcon.colcon_core.verb:set package 'ros_gz_bringup' build argument 'cmake_target' from command line to 'None'
[0.685s] Level 5:colcon.colcon_core.verb:set package 'ros_gz_bringup' build argument 'cmake_target_skip_unavailable' from command line to 'False'
[0.685s] Level 5:colcon.colcon_core.verb:set package 'ros_gz_bringup' build argument 'cmake_clean_cache' from command line to 'False'
[0.685s] Level 5:colcon.colcon_core.verb:set package 'ros_gz_bringup' build argument 'cmake_clean_first' from command line to 'False'
[0.685s] Level 5:colcon.colcon_core.verb:set package 'ros_gz_bringup' build argument 'cmake_force_configure' from command line to 'False'
[0.685s] Level 5:colcon.colcon_core.verb:set package 'ros_gz_bringup' build argument 'ament_cmake_args' from command line to 'None'
[0.685s] Level 5:colcon.colcon_core.verb:set package 'ros_gz_bringup' build argument 'catkin_cmake_args' from command line to 'None'
[0.685s] Level 5:colcon.colcon_core.verb:set package 'ros_gz_bringup' build argument 'catkin_skip_building_tests' from command line to 'False'
[0.685s] DEBUG:colcon.colcon_core.verb:Building package 'ros_gz_bringup' with the following arguments: {'ament_cmake_args': None, 'build_base': '/root/ros-lab-2/build/ros_gz_bringup', 'catkin_cmake_args': None, 'catkin_skip_building_tests': False, 'cmake_args': None, 'cmake_clean_cache': False, 'cmake_clean_first': False, 'cmake_force_configure': False, 'cmake_target': None, 'cmake_target_skip_unavailable': False, 'install_base': '/root/ros-lab-2/install/ros_gz_bringup', 'merge_install': False, 'path': '/root/ros-lab-2/ros_gz_bringup', 'symlink_install': False, 'test_result_base': None}
[0.685s] INFO:colcon.colcon_core.executor:Executing jobs using 'parallel' executor
[0.688s] DEBUG:colcon.colcon_parallel_executor.executor.parallel:run_until_complete
[0.688s] INFO:colcon.colcon_ros.task.ament_cmake.build:Building ROS package in '/root/ros-lab-2/ros_gz_description' with build type 'ament_cmake'
[0.689s] INFO:colcon.colcon_cmake.task.cmake.build:Building CMake package in '/root/ros-lab-2/ros_gz_description'
[0.698s] INFO:colcon.colcon_core.plugin_system:Skipping extension 'colcon_core.shell.bat': Not used on non-Windows systems
[0.698s] INFO:colcon.colcon_core.shell:Skip shell extension 'powershell' for command environment: Not usable outside of PowerShell
[0.699s] DEBUG:colcon.colcon_core.shell:Skip shell extension 'dsv' for command environment
[0.706s] INFO:colcon.colcon_ros.task.ament_cmake.build:Building ROS package in '/root/ros-lab-2/ros_gz_app' with build type 'ament_cmake'
[0.707s] INFO:colcon.colcon_cmake.task.cmake.build:Building CMake package in '/root/ros-lab-2/ros_gz_app'
[0.707s] INFO:colcon.colcon_core.shell:Skip shell extension 'powershell' for command environment: Not usable outside of PowerShell
[0.707s] DEBUG:colcon.colcon_core.shell:Skip shell extension 'dsv' for command environment
[0.716s] INFO:colcon.colcon_ros.task.ament_python.build:Building ROS package in '/root/ros-lab-2/src/wall_follow' with build type 'ament_python'
[0.717s] Level 1:colcon.colcon_core.shell:create_environment_hook('wall_follow', 'ament_prefix_path')
[0.717s] INFO:colcon.colcon_core.shell:Creating environment hook '/root/ros-lab-2/install/wall_follow/share/wall_follow/hook/ament_prefix_path.ps1'
[0.719s] INFO:colcon.colcon_core.shell:Creating environment descriptor '/root/ros-lab-2/install/wall_follow/share/wall_follow/hook/ament_prefix_path.dsv'
[0.720s] INFO:colcon.colcon_core.shell:Creating environment hook '/root/ros-lab-2/install/wall_follow/share/wall_follow/hook/ament_prefix_path.sh'
[0.724s] INFO:colcon.colcon_core.shell:Skip shell extension 'powershell' for command environment: Not usable outside of PowerShell
[0.724s] DEBUG:colcon.colcon_core.shell:Skip shell extension 'dsv' for command environment
[0.748s] DEBUG:colcon.colcon_core.event_handler.log_command:Invoking command in '/root/ros-lab-2/build/ros_gz_description': CMAKE_PREFIX_PATH=${CMAKE_PREFIX_PATH}:/root/ros-lab-2/install/wall_follow:/opt/ros/jazzy PS1=<ROS2-Jazzy>[\u@\h \W]$ /usr/bin/cmake --build /root/ros-lab-2/build/ros_gz_description -- -j16 -l16
[0.766s] DEBUG:colcon.colcon_core.event_handler.log_command:Invoking command in '/root/ros-lab-2/build/ros_gz_app': CMAKE_PREFIX_PATH=${CMAKE_PREFIX_PATH}:/root/ros-lab-2/install/wall_follow:/opt/ros/jazzy PS1=<ROS2-Jazzy>[\u@\h \W]$ /usr/bin/cmake --build /root/ros-lab-2/build/ros_gz_app -- -j16 -l16
[1.288s] INFO:colcon.colcon_core.task.python.build:Building Python package in '/root/ros-lab-2/src/wall_follow'
[1.288s] INFO:colcon.colcon_core.shell:Skip shell extension 'powershell' for command environment: Not usable outside of PowerShell
[1.288s] DEBUG:colcon.colcon_core.shell:Skip shell extension 'dsv' for command environment
[1.302s] DEBUG:colcon.colcon_core.event_handler.log_command:Invoked command in '/root/ros-lab-2/build/ros_gz_description' returned '0': CMAKE_PREFIX_PATH=${CMAKE_PREFIX_PATH}:/root/ros-lab-2/install/wall_follow:/opt/ros/jazzy PS1=<ROS2-Jazzy>[\u@\h \W]$ /usr/bin/cmake --build /root/ros-lab-2/build/ros_gz_description -- -j16 -l16
[1.324s] DEBUG:colcon.colcon_core.event_handler.log_command:Invoking command in '/root/ros-lab-2/build/ros_gz_description': CMAKE_PREFIX_PATH=${CMAKE_PREFIX_PATH}:/root/ros-lab-2/install/wall_follow:/opt/ros/jazzy PS1=<ROS2-Jazzy>[\u@\h \W]$ /usr/bin/cmake --install /root/ros-lab-2/build/ros_gz_description
[1.338s] DEBUG:colcon.colcon_core.event_handler.log_command:Invoked command in '/root/ros-lab-2/build/ros_gz_app' returned '0': CMAKE_PREFIX_PATH=${CMAKE_PREFIX_PATH}:/root/ros-lab-2/install/wall_follow:/opt/ros/jazzy PS1=<ROS2-Jazzy>[\u@\h \W]$ /usr/bin/cmake --build /root/ros-lab-2/build/ros_gz_app -- -j16 -l16
[1.340s] DEBUG:colcon.colcon_core.event_handler.log_command:Invoking command in '/root/ros-lab-2/build/ros_gz_app': CMAKE_PREFIX_PATH=${CMAKE_PREFIX_PATH}:/root/ros-lab-2/install/wall_follow:/opt/ros/jazzy PS1=<ROS2-Jazzy>[\u@\h \W]$ /usr/bin/cmake --install /root/ros-lab-2/build/ros_gz_app
[1.376s] Level 1:colcon.colcon_core.environment:create_environment_scripts_only(ros_gz_description)
[1.385s] DEBUG:colcon.colcon_core.event_handler.log_command:Invoked command in '/root/ros-lab-2/build/ros_gz_description' returned '0': CMAKE_PREFIX_PATH=${CMAKE_PREFIX_PATH}:/root/ros-lab-2/install/wall_follow:/opt/ros/jazzy PS1=<ROS2-Jazzy>[\u@\h \W]$ /usr/bin/cmake --install /root/ros-lab-2/build/ros_gz_description
[1.387s] Level 1:colcon.colcon_core.environment:checking '/root/ros-lab-2/install/ros_gz_description' for CMake module files
[1.389s] Level 1:colcon.colcon_core.environment:checking '/root/ros-lab-2/install/ros_gz_description' for CMake config files
[1.389s] Level 1:colcon.colcon_core.shell:create_environment_hook('ros_gz_description', 'cmake_prefix_path')
[1.390s] INFO:colcon.colcon_core.shell:Creating environment hook '/root/ros-lab-2/install/ros_gz_description/share/ros_gz_description/hook/cmake_prefix_path.ps1'
[1.391s] INFO:colcon.colcon_core.shell:Creating environment descriptor '/root/ros-lab-2/install/ros_gz_description/share/ros_gz_description/hook/cmake_prefix_path.dsv'
[1.395s] INFO:colcon.colcon_core.shell:Creating environment hook '/root/ros-lab-2/install/ros_gz_description/share/ros_gz_description/hook/cmake_prefix_path.sh'
[1.398s] Level 1:colcon.colcon_core.environment:checking '/root/ros-lab-2/install/ros_gz_description/bin'
[1.399s] Level 1:colcon.colcon_core.environment:checking '/root/ros-lab-2/install/ros_gz_description/lib/pkgconfig/ros_gz_description.pc'
[1.399s] Level 1:colcon.colcon_core.environment:checking '/root/ros-lab-2/install/ros_gz_description/lib/python3.12/site-packages'
[1.400s] Level 1:colcon.colcon_core.environment:checking '/root/ros-lab-2/install/ros_gz_description/bin'
[1.400s] INFO:colcon.colcon_core.shell:Creating package script '/root/ros-lab-2/install/ros_gz_description/share/ros_gz_description/package.ps1'
[1.402s] INFO:colcon.colcon_core.shell:Creating package descriptor '/root/ros-lab-2/install/ros_gz_description/share/ros_gz_description/package.dsv'
[1.403s] INFO:colcon.colcon_core.shell:Creating package script '/root/ros-lab-2/install/ros_gz_description/share/ros_gz_description/package.sh'
[1.405s] INFO:colcon.colcon_core.shell:Creating package script '/root/ros-lab-2/install/ros_gz_description/share/ros_gz_description/package.bash'
[1.408s] INFO:colcon.colcon_core.shell:Creating package script '/root/ros-lab-2/install/ros_gz_description/share/ros_gz_description/package.zsh'
[1.409s] Level 1:colcon.colcon_core.environment:create_file_with_runtime_dependencies(/root/ros-lab-2/install/ros_gz_description/share/colcon-core/packages/ros_gz_description)
[1.411s] Level 1:colcon.colcon_core.environment:create_environment_scripts_only(ros_gz_description)
[1.411s] Level 1:colcon.colcon_core.environment:checking '/root/ros-lab-2/install/ros_gz_description' for CMake module files
[1.412s] Level 1:colcon.colcon_core.environment:checking '/root/ros-lab-2/install/ros_gz_description' for CMake config files
[1.413s] Level 1:colcon.colcon_core.shell:create_environment_hook('ros_gz_description', 'cmake_prefix_path')
[1.413s] INFO:colcon.colcon_core.shell:Creating environment hook '/root/ros-lab-2/install/ros_gz_description/share/ros_gz_description/hook/cmake_prefix_path.ps1'
[1.414s] INFO:colcon.colcon_core.shell:Creating environment descriptor '/root/ros-lab-2/install/ros_gz_description/share/ros_gz_description/hook/cmake_prefix_path.dsv'
[1.415s] INFO:colcon.colcon_core.shell:Creating environment hook '/root/ros-lab-2/install/ros_gz_description/share/ros_gz_description/hook/cmake_prefix_path.sh'
[1.416s] Level 1:colcon.colcon_core.environment:checking '/root/ros-lab-2/install/ros_gz_description/bin'
[1.416s] Level 1:colcon.colcon_core.environment:checking '/root/ros-lab-2/install/ros_gz_description/lib/pkgconfig/ros_gz_description.pc'
[1.416s] Level 1:colcon.colcon_core.environment:checking '/root/ros-lab-2/install/ros_gz_description/lib/python3.12/site-packages'
[1.416s] Level 1:colcon.colcon_core.environment:checking '/root/ros-lab-2/install/ros_gz_description/bin'
[1.417s] INFO:colcon.colcon_core.shell:Creating package script '/root/ros-lab-2/install/ros_gz_description/share/ros_gz_description/package.ps1'
[1.417s] INFO:colcon.colcon_core.shell:Creating package descriptor '/root/ros-lab-2/install/ros_gz_description/share/ros_gz_description/package.dsv'
[1.418s] INFO:colcon.colcon_core.shell:Creating package script '/root/ros-lab-2/install/ros_gz_description/share/ros_gz_description/package.sh'
[1.419s] INFO:colcon.colcon_core.shell:Creating package script '/root/ros-lab-2/install/ros_gz_description/share/ros_gz_description/package.bash'
[1.420s] INFO:colcon.colcon_core.shell:Creating package script '/root/ros-lab-2/install/ros_gz_description/share/ros_gz_description/package.zsh'
[1.420s] Level 1:colcon.colcon_core.environment:create_file_with_runtime_dependencies(/root/ros-lab-2/install/ros_gz_description/share/colcon-core/packages/ros_gz_description)
[1.422s] INFO:colcon.colcon_ros.task.ament_cmake.build:Building ROS package in '/root/ros-lab-2/ros_gz_gazebo' with build type 'ament_cmake'
[1.422s] INFO:colcon.colcon_cmake.task.cmake.build:Building CMake package in '/root/ros-lab-2/ros_gz_gazebo'
[1.423s] INFO:colcon.colcon_core.shell:Skip shell extension 'powershell' for command environment: Not usable outside of PowerShell
[1.423s] DEBUG:colcon.colcon_core.shell:Skip shell extension 'dsv' for command environment
[1.433s] Level 1:colcon.colcon_core.environment:create_environment_scripts_only(ros_gz_app)
[1.434s] DEBUG:colcon.colcon_core.event_handler.log_command:Invoked command in '/root/ros-lab-2/build/ros_gz_app' returned '0': CMAKE_PREFIX_PATH=${CMAKE_PREFIX_PATH}:/root/ros-lab-2/install/wall_follow:/opt/ros/jazzy PS1=<ROS2-Jazzy>[\u@\h \W]$ /usr/bin/cmake --install /root/ros-lab-2/build/ros_gz_app
[1.438s] Level 1:colcon.colcon_core.environment:checking '/root/ros-lab-2/install/ros_gz_app' for CMake module files
[1.440s] Level 1:colcon.colcon_core.environment:checking '/root/ros-lab-2/install/ros_gz_app' for CMake config files
[1.440s] Level 1:colcon.colcon_core.shell:create_environment_hook('ros_gz_app', 'cmake_prefix_path')
[1.441s] INFO:colcon.colcon_core.shell:Creating environment hook '/root/ros-lab-2/install/ros_gz_app/share/ros_gz_app/hook/cmake_prefix_path.ps1'
[1.442s] INFO:colcon.colcon_core.shell:Creating environment descriptor '/root/ros-lab-2/install/ros_gz_app/share/ros_gz_app/hook/cmake_prefix_path.dsv'
[1.443s] INFO:colcon.colcon_core.shell:Creating environment hook '/root/ros-lab-2/install/ros_gz_app/share/ros_gz_app/hook/cmake_prefix_path.sh'
[1.445s] Level 1:colcon.colcon_core.environment:checking '/root/ros-lab-2/install/ros_gz_app/bin'
[1.445s] Level 1:colcon.colcon_core.environment:checking '/root/ros-lab-2/install/ros_gz_app/lib/pkgconfig/ros_gz_app.pc'
[1.446s] Level 1:colcon.colcon_core.environment:checking '/root/ros-lab-2/install/ros_gz_app/lib/python3.12/site-packages'
[1.447s] Level 1:colcon.colcon_core.environment:checking '/root/ros-lab-2/install/ros_gz_app/bin'
[1.447s] INFO:colcon.colcon_core.shell:Creating package script '/root/ros-lab-2/install/ros_gz_app/share/ros_gz_app/package.ps1'
[1.454s] INFO:colcon.colcon_core.shell:Creating package descriptor '/root/ros-lab-2/install/ros_gz_app/share/ros_gz_app/package.dsv'
[1.455s] INFO:colcon.colcon_core.shell:Creating package script '/root/ros-lab-2/install/ros_gz_app/share/ros_gz_app/package.sh'
[1.456s] INFO:colcon.colcon_core.shell:Creating package script '/root/ros-lab-2/install/ros_gz_app/share/ros_gz_app/package.bash'
[1.457s] INFO:colcon.colcon_core.shell:Creating package script '/root/ros-lab-2/install/ros_gz_app/share/ros_gz_app/package.zsh'
[1.457s] Level 1:colcon.colcon_core.environment:create_file_with_runtime_dependencies(/root/ros-lab-2/install/ros_gz_app/share/colcon-core/packages/ros_gz_app)
[1.458s] Level 1:colcon.colcon_core.environment:create_environment_scripts_only(ros_gz_app)
[1.459s] Level 1:colcon.colcon_core.environment:checking '/root/ros-lab-2/install/ros_gz_app' for CMake module files
[1.460s] Level 1:colcon.colcon_core.environment:checking '/root/ros-lab-2/install/ros_gz_app' for CMake config files
[1.461s] Level 1:colcon.colcon_core.shell:create_environment_hook('ros_gz_app', 'cmake_prefix_path')
[1.461s] INFO:colcon.colcon_core.shell:Creating environment hook '/root/ros-lab-2/install/ros_gz_app/share/ros_gz_app/hook/cmake_prefix_path.ps1'
[1.462s] INFO:colcon.colcon_core.shell:Creating environment descriptor '/root/ros-lab-2/install/ros_gz_app/share/ros_gz_app/hook/cmake_prefix_path.dsv'
[1.463s] INFO:colcon.colcon_core.shell:Creating environment hook '/root/ros-lab-2/install/ros_gz_app/share/ros_gz_app/hook/cmake_prefix_path.sh'
[1.464s] Level 1:colcon.colcon_core.environment:checking '/root/ros-lab-2/install/ros_gz_app/bin'
[1.464s] Level 1:colcon.colcon_core.environment:checking '/root/ros-lab-2/install/ros_gz_app/lib/pkgconfig/ros_gz_app.pc'
[1.464s] Level 1:colcon.colcon_core.environment:checking '/root/ros-lab-2/install/ros_gz_app/lib/python3.12/site-packages'
[1.465s] Level 1:colcon.colcon_core.environment:checking '/root/ros-lab-2/install/ros_gz_app/bin'
[1.466s] INFO:colcon.colcon_core.shell:Creating package script '/root/ros-lab-2/install/ros_gz_app/share/ros_gz_app/package.ps1'
[1.467s] INFO:colcon.colcon_core.shell:Creating package descriptor '/root/ros-lab-2/install/ros_gz_app/share/ros_gz_app/package.dsv'
[1.468s] INFO:colcon.colcon_core.shell:Creating package script '/root/ros-lab-2/install/ros_gz_app/share/ros_gz_app/package.sh'
[1.469s] INFO:colcon.colcon_core.shell:Creating package script '/root/ros-lab-2/install/ros_gz_app/share/ros_gz_app/package.bash'
[1.470s] INFO:colcon.colcon_core.shell:Creating package script '/root/ros-lab-2/install/ros_gz_app/share/ros_gz_app/package.zsh'
[1.470s] Level 1:colcon.colcon_core.environment:create_file_with_runtime_dependencies(/root/ros-lab-2/install/ros_gz_app/share/colcon-core/packages/ros_gz_app)
[1.482s] DEBUG:colcon.colcon_core.event_handler.log_command:Invoking command in '/root/ros-lab-2/build/ros_gz_gazebo': CMAKE_PREFIX_PATH=/root/ros-lab-2/install/ros_gz_description:/root/ros-lab-2/install/ros_gz_bringup:/root/ros-lab-2/install/ros_gz_gazebo:/root/ros-lab-2/install/ros_gz_app:/opt/ros/jazzy/opt/gz_sim_vendor:/opt/ros/jazzy/opt/gz_sensors_vendor:/opt/ros/jazzy/opt/gz_physics_vendor:/opt/ros/jazzy/opt/sdformat_vendor:/opt/ros/jazzy/opt/gz_gui_vendor:/opt/ros/jazzy/opt/gz_transport_vendor:/opt/ros/jazzy/opt/gz_rendering_vendor:/opt/ros/jazzy/opt/gz_plugin_vendor:/opt/ros/jazzy/opt/gz_fuel_tools_vendor:/opt/ros/jazzy/opt/gz_msgs_vendor:/opt/ros/jazzy/opt/gz_common_vendor:/opt/ros/jazzy/opt/gz_math_vendor:/opt/ros/jazzy/opt/gz_utils_vendor:/opt/ros/jazzy/opt/gz_tools_vendor:/opt/ros/jazzy/opt/gz_ogre_next_vendor:/opt/ros/jazzy/opt/gz_dartsim_vendor:/opt/ros/jazzy/opt/gz_cmake_vendor:/root/ros-lab-2/install/wall_follow:/opt/ros/jazzy PS1=<ROS2-Jazzy>[\u@\h \W]$ /usr/bin/cmake --build /root/ros-lab-2/build/ros_gz_gazebo -- -j16 -l16
[1.642s] DEBUG:colcon.colcon_core.event_handler.log_command:Invoked command in '/root/ros-lab-2/build/ros_gz_gazebo' returned '0': CMAKE_PREFIX_PATH=/root/ros-lab-2/install/ros_gz_description:/root/ros-lab-2/install/ros_gz_bringup:/root/ros-lab-2/install/ros_gz_gazebo:/root/ros-lab-2/install/ros_gz_app:/opt/ros/jazzy/opt/gz_sim_vendor:/opt/ros/jazzy/opt/gz_sensors_vendor:/opt/ros/jazzy/opt/gz_physics_vendor:/opt/ros/jazzy/opt/sdformat_vendor:/opt/ros/jazzy/opt/gz_gui_vendor:/opt/ros/jazzy/opt/gz_transport_vendor:/opt/ros/jazzy/opt/gz_rendering_vendor:/opt/ros/jazzy/opt/gz_plugin_vendor:/opt/ros/jazzy/opt/gz_fuel_tools_vendor:/opt/ros/jazzy/opt/gz_msgs_vendor:/opt/ros/jazzy/opt/gz_common_vendor:/opt/ros/jazzy/opt/gz_math_vendor:/opt/ros/jazzy/opt/gz_utils_vendor:/opt/ros/jazzy/opt/gz_tools_vendor:/opt/ros/jazzy/opt/gz_ogre_next_vendor:/opt/ros/jazzy/opt/gz_dartsim_vendor:/opt/ros/jazzy/opt/gz_cmake_vendor:/root/ros-lab-2/install/wall_follow:/opt/ros/jazzy PS1=<ROS2-Jazzy>[\u@\h \W]$ /usr/bin/cmake --build /root/ros-lab-2/build/ros_gz_gazebo -- -j16 -l16
[1.643s] DEBUG:colcon.colcon_core.event_handler.log_command:Invoking command in '/root/ros-lab-2/build/ros_gz_gazebo': CMAKE_PREFIX_PATH=/root/ros-lab-2/install/ros_gz_description:/root/ros-lab-2/install/ros_gz_bringup:/root/ros-lab-2/install/ros_gz_gazebo:/root/ros-lab-2/install/ros_gz_app:/opt/ros/jazzy/opt/gz_sim_vendor:/opt/ros/jazzy/opt/gz_sensors_vendor:/opt/ros/jazzy/opt/gz_physics_vendor:/opt/ros/jazzy/opt/sdformat_vendor:/opt/ros/jazzy/opt/gz_gui_vendor:/opt/ros/jazzy/opt/gz_transport_vendor:/opt/ros/jazzy/opt/gz_rendering_vendor:/opt/ros/jazzy/opt/gz_plugin_vendor:/opt/ros/jazzy/opt/gz_fuel_tools_vendor:/opt/ros/jazzy/opt/gz_msgs_vendor:/opt/ros/jazzy/opt/gz_common_vendor:/opt/ros/jazzy/opt/gz_math_vendor:/opt/ros/jazzy/opt/gz_utils_vendor:/opt/ros/jazzy/opt/gz_tools_vendor:/opt/ros/jazzy/opt/gz_ogre_next_vendor:/opt/ros/jazzy/opt/gz_dartsim_vendor:/opt/ros/jazzy/opt/gz_cmake_vendor:/root/ros-lab-2/install/wall_follow:/opt/ros/jazzy PS1=<ROS2-Jazzy>[\u@\h \W]$ /usr/bin/cmake --install /root/ros-lab-2/build/ros_gz_gazebo
[1.677s] Level 1:colcon.colcon_core.environment:create_environment_scripts_only(ros_gz_gazebo)
[1.678s] Level 1:colcon.colcon_core.environment:checking '/root/ros-lab-2/install/ros_gz_gazebo' for CMake module files
[1.678s] DEBUG:colcon.colcon_core.event_handler.log_command:Invoked command in '/root/ros-lab-2/build/ros_gz_gazebo' returned '0': CMAKE_PREFIX_PATH=/root/ros-lab-2/install/ros_gz_description:/root/ros-lab-2/install/ros_gz_bringup:/root/ros-lab-2/install/ros_gz_gazebo:/root/ros-lab-2/install/ros_gz_app:/opt/ros/jazzy/opt/gz_sim_vendor:/opt/ros/jazzy/opt/gz_sensors_vendor:/opt/ros/jazzy/opt/gz_physics_vendor:/opt/ros/jazzy/opt/sdformat_vendor:/opt/ros/jazzy/opt/gz_gui_vendor:/opt/ros/jazzy/opt/gz_transport_vendor:/opt/ros/jazzy/opt/gz_rendering_vendor:/opt/ros/jazzy/opt/gz_plugin_vendor:/opt/ros/jazzy/opt/gz_fuel_tools_vendor:/opt/ros/jazzy/opt/gz_msgs_vendor:/opt/ros/jazzy/opt/gz_common_vendor:/opt/ros/jazzy/opt/gz_math_vendor:/opt/ros/jazzy/opt/gz_utils_vendor:/opt/ros/jazzy/opt/gz_tools_vendor:/opt/ros/jazzy/opt/gz_ogre_next_vendor:/opt/ros/jazzy/opt/gz_dartsim_vendor:/opt/ros/jazzy/opt/gz_cmake_vendor:/root/ros-lab-2/install/wall_follow:/opt/ros/jazzy PS1=<ROS2-Jazzy>[\u@\h \W]$ /usr/bin/cmake --install /root/ros-lab-2/build/ros_gz_gazebo
[1.680s] Level 1:colcon.colcon_core.environment:checking '/root/ros-lab-2/install/ros_gz_gazebo' for CMake config files
[1.681s] Level 1:colcon.colcon_core.shell:create_environment_hook('ros_gz_gazebo', 'cmake_prefix_path')
[1.682s] INFO:colcon.colcon_core.shell:Creating environment hook '/root/ros-lab-2/install/ros_gz_gazebo/share/ros_gz_gazebo/hook/cmake_prefix_path.ps1'
[1.683s] INFO:colcon.colcon_core.shell:Creating environment descriptor '/root/ros-lab-2/install/ros_gz_gazebo/share/ros_gz_gazebo/hook/cmake_prefix_path.dsv'
[1.684s] INFO:colcon.colcon_core.shell:Creating environment hook '/root/ros-lab-2/install/ros_gz_gazebo/share/ros_gz_gazebo/hook/cmake_prefix_path.sh'
[1.686s] Level 1:colcon.colcon_core.environment:checking '/root/ros-lab-2/install/ros_gz_gazebo/lib'
[1.687s] Level 1:colcon.colcon_core.environment:checking '/root/ros-lab-2/install/ros_gz_gazebo/bin'
[1.687s] Level 1:colcon.colcon_core.environment:checking '/root/ros-lab-2/install/ros_gz_gazebo/lib/pkgconfig/ros_gz_gazebo.pc'
[1.688s] Level 1:colcon.colcon_core.environment:checking '/root/ros-lab-2/install/ros_gz_gazebo/lib/python3.12/site-packages'
[1.688s] Level 1:colcon.colcon_core.environment:checking '/root/ros-lab-2/install/ros_gz_gazebo/bin'
[1.689s] INFO:colcon.colcon_core.shell:Creating package script '/root/ros-lab-2/install/ros_gz_gazebo/share/ros_gz_gazebo/package.ps1'
[1.690s] INFO:colcon.colcon_core.shell:Creating package descriptor '/root/ros-lab-2/install/ros_gz_gazebo/share/ros_gz_gazebo/package.dsv'
[1.691s] INFO:colcon.colcon_core.shell:Creating package script '/root/ros-lab-2/install/ros_gz_gazebo/share/ros_gz_gazebo/package.sh'
[1.692s] INFO:colcon.colcon_core.shell:Creating package script '/root/ros-lab-2/install/ros_gz_gazebo/share/ros_gz_gazebo/package.bash'
[1.693s] INFO:colcon.colcon_core.shell:Creating package script '/root/ros-lab-2/install/ros_gz_gazebo/share/ros_gz_gazebo/package.zsh'
[1.693s] Level 1:colcon.colcon_core.environment:create_file_with_runtime_dependencies(/root/ros-lab-2/install/ros_gz_gazebo/share/colcon-core/packages/ros_gz_gazebo)
[1.694s] Level 1:colcon.colcon_core.environment:create_environment_scripts_only(ros_gz_gazebo)
[1.695s] Level 1:colcon.colcon_core.environment:checking '/root/ros-lab-2/install/ros_gz_gazebo' for CMake module files
[1.698s] Level 1:colcon.colcon_core.environment:checking '/root/ros-lab-2/install/ros_gz_gazebo' for CMake config files
[1.699s] Level 1:colcon.colcon_core.shell:create_environment_hook('ros_gz_gazebo', 'cmake_prefix_path')
[1.699s] INFO:colcon.colcon_core.shell:Creating environment hook '/root/ros-lab-2/install/ros_gz_gazebo/share/ros_gz_gazebo/hook/cmake_prefix_path.ps1'
[1.701s] INFO:colcon.colcon_core.shell:Creating environment descriptor '/root/ros-lab-2/install/ros_gz_gazebo/share/ros_gz_gazebo/hook/cmake_prefix_path.dsv'
[1.702s] INFO:colcon.colcon_core.shell:Creating environment hook '/root/ros-lab-2/install/ros_gz_gazebo/share/ros_gz_gazebo/hook/cmake_prefix_path.sh'
[1.703s] Level 1:colcon.colcon_core.environment:checking '/root/ros-lab-2/install/ros_gz_gazebo/lib'
[1.703s] Level 1:colcon.colcon_core.environment:checking '/root/ros-lab-2/install/ros_gz_gazebo/bin'
[1.704s] Level 1:colcon.colcon_core.environment:checking '/root/ros-lab-2/install/ros_gz_gazebo/lib/pkgconfig/ros_gz_gazebo.pc'
[1.704s] Level 1:colcon.colcon_core.environment:checking '/root/ros-lab-2/install/ros_gz_gazebo/lib/python3.12/site-packages'
[1.705s] Level 1:colcon.colcon_core.environment:checking '/root/ros-lab-2/install/ros_gz_gazebo/bin'
[1.705s] INFO:colcon.colcon_core.shell:Creating package script '/root/ros-lab-2/install/ros_gz_gazebo/share/ros_gz_gazebo/package.ps1'
[1.706s] INFO:colcon.colcon_core.shell:Creating package descriptor '/root/ros-lab-2/install/ros_gz_gazebo/share/ros_gz_gazebo/package.dsv'
[1.708s] INFO:colcon.colcon_core.shell:Creating package script '/root/ros-lab-2/install/ros_gz_gazebo/share/ros_gz_gazebo/package.sh'
[1.709s] INFO:colcon.colcon_core.shell:Creating package script '/root/ros-lab-2/install/ros_gz_gazebo/share/ros_gz_gazebo/package.bash'
[1.710s] INFO:colcon.colcon_core.shell:Creating package script '/root/ros-lab-2/install/ros_gz_gazebo/share/ros_gz_gazebo/package.zsh'
[1.710s] Level 1:colcon.colcon_core.environment:create_file_with_runtime_dependencies(/root/ros-lab-2/install/ros_gz_gazebo/share/colcon-core/packages/ros_gz_gazebo)
[1.711s] INFO:colcon.colcon_ros.task.ament_cmake.build:Building ROS package in '/root/ros-lab-2/ros_gz_bringup' with build type 'ament_cmake'
[1.711s] INFO:colcon.colcon_cmake.task.cmake.build:Building CMake package in '/root/ros-lab-2/ros_gz_bringup'
[1.712s] INFO:colcon.colcon_core.shell:Skip shell extension 'powershell' for command environment: Not usable outside of PowerShell
[1.712s] DEBUG:colcon.colcon_core.shell:Skip shell extension 'dsv' for command environment
[1.739s] DEBUG:colcon.colcon_core.event_handler.log_command:Invoking command in '/root/ros-lab-2/build/ros_gz_bringup': CMAKE_PREFIX_PATH=/root/ros-lab-2/install/ros_gz_gazebo:/root/ros-lab-2/install/ros_gz_description:/root/ros-lab-2/install/ros_gz_bringup:/root/ros-lab-2/install/ros_gz_app:/opt/ros/jazzy/opt/gz_sim_vendor:/opt/ros/jazzy/opt/gz_sensors_vendor:/opt/ros/jazzy/opt/gz_physics_vendor:/opt/ros/jazzy/opt/sdformat_vendor:/opt/ros/jazzy/opt/gz_gui_vendor:/opt/ros/jazzy/opt/gz_transport_vendor:/opt/ros/jazzy/opt/gz_rendering_vendor:/opt/ros/jazzy/opt/gz_plugin_vendor:/opt/ros/jazzy/opt/gz_fuel_tools_vendor:/opt/ros/jazzy/opt/gz_msgs_vendor:/opt/ros/jazzy/opt/gz_common_vendor:/opt/ros/jazzy/opt/gz_math_vendor:/opt/ros/jazzy/opt/gz_utils_vendor:/opt/ros/jazzy/opt/gz_tools_vendor:/opt/ros/jazzy/opt/gz_ogre_next_vendor:/opt/ros/jazzy/opt/gz_dartsim_vendor:/opt/ros/jazzy/opt/gz_cmake_vendor:/root/ros-lab-2/install/wall_follow:/opt/ros/jazzy GZ_SIM_PLUGIN_PATH=/root/ros-lab-2/install/ros_gz_gazebo/lib/ros_gz_gazebo PS1=<ROS2-Jazzy>[\u@\h \W]$ /usr/bin/cmake --build /root/ros-lab-2/build/ros_gz_bringup -- -j16 -l16
[1.826s] DEBUG:colcon.colcon_core.event_handler.log_command:Invoked command in '/root/ros-lab-2/build/ros_gz_bringup' returned '0': CMAKE_PREFIX_PATH=/root/ros-lab-2/install/ros_gz_gazebo:/root/ros-lab-2/install/ros_gz_description:/root/ros-lab-2/install/ros_gz_bringup:/root/ros-lab-2/install/ros_gz_app:/opt/ros/jazzy/opt/gz_sim_vendor:/opt/ros/jazzy/opt/gz_sensors_vendor:/opt/ros/jazzy/opt/gz_physics_vendor:/opt/ros/jazzy/opt/sdformat_vendor:/opt/ros/jazzy/opt/gz_gui_vendor:/opt/ros/jazzy/opt/gz_transport_vendor:/opt/ros/jazzy/opt/gz_rendering_vendor:/opt/ros/jazzy/opt/gz_plugin_vendor:/opt/ros/jazzy/opt/gz_fuel_tools_vendor:/opt/ros/jazzy/opt/gz_msgs_vendor:/opt/ros/jazzy/opt/gz_common_vendor:/opt/ros/jazzy/opt/gz_math_vendor:/opt/ros/jazzy/opt/gz_utils_vendor:/opt/ros/jazzy/opt/gz_tools_vendor:/opt/ros/jazzy/opt/gz_ogre_next_vendor:/opt/ros/jazzy/opt/gz_dartsim_vendor:/opt/ros/jazzy/opt/gz_cmake_vendor:/root/ros-lab-2/install/wall_follow:/opt/ros/jazzy GZ_SIM_PLUGIN_PATH=/root/ros-lab-2/install/ros_gz_gazebo/lib/ros_gz_gazebo PS1=<ROS2-Jazzy>[\u@\h \W]$ /usr/bin/cmake --build /root/ros-lab-2/build/ros_gz_bringup -- -j16 -l16
[1.828s] DEBUG:colcon.colcon_core.event_handler.log_command:Invoking command in '/root/ros-lab-2/build/ros_gz_bringup': CMAKE_PREFIX_PATH=/root/ros-lab-2/install/ros_gz_gazebo:/root/ros-lab-2/install/ros_gz_description:/root/ros-lab-2/install/ros_gz_bringup:/root/ros-lab-2/install/ros_gz_app:/opt/ros/jazzy/opt/gz_sim_vendor:/opt/ros/jazzy/opt/gz_sensors_vendor:/opt/ros/jazzy/opt/gz_physics_vendor:/opt/ros/jazzy/opt/sdformat_vendor:/opt/ros/jazzy/opt/gz_gui_vendor:/opt/ros/jazzy/opt/gz_transport_vendor:/opt/ros/jazzy/opt/gz_rendering_vendor:/opt/ros/jazzy/opt/gz_plugin_vendor:/opt/ros/jazzy/opt/gz_fuel_tools_vendor:/opt/ros/jazzy/opt/gz_msgs_vendor:/opt/ros/jazzy/opt/gz_common_vendor:/opt/ros/jazzy/opt/gz_math_vendor:/opt/ros/jazzy/opt/gz_utils_vendor:/opt/ros/jazzy/opt/gz_tools_vendor:/opt/ros/jazzy/opt/gz_ogre_next_vendor:/opt/ros/jazzy/opt/gz_dartsim_vendor:/opt/ros/jazzy/opt/gz_cmake_vendor:/root/ros-lab-2/install/wall_follow:/opt/ros/jazzy GZ_SIM_PLUGIN_PATH=/root/ros-lab-2/install/ros_gz_gazebo/lib/ros_gz_gazebo PS1=<ROS2-Jazzy>[\u@\h \W]$ /usr/bin/cmake --install /root/ros-lab-2/build/ros_gz_bringup
[1.855s] Level 1:colcon.colcon_core.environment:create_environment_scripts_only(ros_gz_bringup)
[1.856s] Level 1:colcon.colcon_core.environment:checking '/root/ros-lab-2/install/ros_gz_bringup' for CMake module files
[1.857s] Level 1:colcon.colcon_core.environment:checking '/root/ros-lab-2/install/ros_gz_bringup' for CMake config files
[1.858s] Level 1:colcon.colcon_core.shell:create_environment_hook('ros_gz_bringup', 'cmake_prefix_path')
[1.858s] INFO:colcon.colcon_core.shell:Creating environment hook '/root/ros-lab-2/install/ros_gz_bringup/share/ros_gz_bringup/hook/cmake_prefix_path.ps1'
[1.862s] DEBUG:colcon.colcon_core.event_handler.log_command:Invoked command in '/root/ros-lab-2/build/ros_gz_bringup' returned '0': CMAKE_PREFIX_PATH=/root/ros-lab-2/install/ros_gz_gazebo:/root/ros-lab-2/install/ros_gz_description:/root/ros-lab-2/install/ros_gz_bringup:/root/ros-lab-2/install/ros_gz_app:/opt/ros/jazzy/opt/gz_sim_vendor:/opt/ros/jazzy/opt/gz_sensors_vendor:/opt/ros/jazzy/opt/gz_physics_vendor:/opt/ros/jazzy/opt/sdformat_vendor:/opt/ros/jazzy/opt/gz_gui_vendor:/opt/ros/jazzy/opt/gz_transport_vendor:/opt/ros/jazzy/opt/gz_rendering_vendor:/opt/ros/jazzy/opt/gz_plugin_vendor:/opt/ros/jazzy/opt/gz_fuel_tools_vendor:/opt/ros/jazzy/opt/gz_msgs_vendor:/opt/ros/jazzy/opt/gz_common_vendor:/opt/ros/jazzy/opt/gz_math_vendor:/opt/ros/jazzy/opt/gz_utils_vendor:/opt/ros/jazzy/opt/gz_tools_vendor:/opt/ros/jazzy/opt/gz_ogre_next_vendor:/opt/ros/jazzy/opt/gz_dartsim_vendor:/opt/ros/jazzy/opt/gz_cmake_vendor:/root/ros-lab-2/install/wall_follow:/opt/ros/jazzy GZ_SIM_PLUGIN_PATH=/root/ros-lab-2/install/ros_gz_gazebo/lib/ros_gz_gazebo PS1=<ROS2-Jazzy>[\u@\h \W]$ /usr/bin/cmake --install /root/ros-lab-2/build/ros_gz_bringup
[1.863s] INFO:colcon.colcon_core.shell:Creating environment descriptor '/root/ros-lab-2/install/ros_gz_bringup/share/ros_gz_bringup/hook/cmake_prefix_path.dsv'
[1.864s] INFO:colcon.colcon_core.shell:Creating environment hook '/root/ros-lab-2/install/ros_gz_bringup/share/ros_gz_bringup/hook/cmake_prefix_path.sh'
[1.865s] Level 1:colcon.colcon_core.environment:checking '/root/ros-lab-2/install/ros_gz_bringup/bin'
[1.866s] Level 1:colcon.colcon_core.environment:checking '/root/ros-lab-2/install/ros_gz_bringup/lib/pkgconfig/ros_gz_bringup.pc'
[1.866s] Level 1:colcon.colcon_core.environment:checking '/root/ros-lab-2/install/ros_gz_bringup/lib/python3.12/site-packages'
[1.867s] Level 1:colcon.colcon_core.environment:checking '/root/ros-lab-2/install/ros_gz_bringup/bin'
[1.868s] INFO:colcon.colcon_core.shell:Creating package script '/root/ros-lab-2/install/ros_gz_bringup/share/ros_gz_bringup/package.ps1'
[1.870s] INFO:colcon.colcon_core.shell:Creating package descriptor '/root/ros-lab-2/install/ros_gz_bringup/share/ros_gz_bringup/package.dsv'
[1.871s] INFO:colcon.colcon_core.shell:Creating package script '/root/ros-lab-2/install/ros_gz_bringup/share/ros_gz_bringup/package.sh'
[1.872s] INFO:colcon.colcon_core.shell:Creating package script '/root/ros-lab-2/install/ros_gz_bringup/share/ros_gz_bringup/package.bash'
[1.872s] INFO:colcon.colcon_core.shell:Creating package script '/root/ros-lab-2/install/ros_gz_bringup/share/ros_gz_bringup/package.zsh'
[1.873s] Level 1:colcon.colcon_core.environment:create_file_with_runtime_dependencies(/root/ros-lab-2/install/ros_gz_bringup/share/colcon-core/packages/ros_gz_bringup)
[1.874s] Level 1:colcon.colcon_core.environment:create_environment_scripts_only(ros_gz_bringup)
[1.874s] Level 1:colcon.colcon_core.environment:checking '/root/ros-lab-2/install/ros_gz_bringup' for CMake module files
[1.875s] Level 1:colcon.colcon_core.environment:checking '/root/ros-lab-2/install/ros_gz_bringup' for CMake config files
[1.876s] Level 1:colcon.colcon_core.shell:create_environment_hook('ros_gz_bringup', 'cmake_prefix_path')
[1.876s] INFO:colcon.colcon_core.shell:Creating environment hook '/root/ros-lab-2/install/ros_gz_bringup/share/ros_gz_bringup/hook/cmake_prefix_path.ps1'
[1.878s] INFO:colcon.colcon_core.shell:Creating environment descriptor '/root/ros-lab-2/install/ros_gz_bringup/share/ros_gz_bringup/hook/cmake_prefix_path.dsv'
[1.879s] INFO:colcon.colcon_core.shell:Creating environment hook '/root/ros-lab-2/install/ros_gz_bringup/share/ros_gz_bringup/hook/cmake_prefix_path.sh'
[1.881s] Level 1:colcon.colcon_core.environment:checking '/root/ros-lab-2/install/ros_gz_bringup/bin'
[1.881s] Level 1:colcon.colcon_core.environment:checking '/root/ros-lab-2/install/ros_gz_bringup/lib/pkgconfig/ros_gz_bringup.pc'
[1.882s] Level 1:colcon.colcon_core.environment:checking '/root/ros-lab-2/install/ros_gz_bringup/lib/python3.12/site-packages'
[1.882s] Level 1:colcon.colcon_core.environment:checking '/root/ros-lab-2/install/ros_gz_bringup/bin'
[1.883s] INFO:colcon.colcon_core.shell:Creating package script '/root/ros-lab-2/install/ros_gz_bringup/share/ros_gz_bringup/package.ps1'
[1.884s] INFO:colcon.colcon_core.shell:Creating package descriptor '/root/ros-lab-2/install/ros_gz_bringup/share/ros_gz_bringup/package.dsv'
[1.885s] INFO:colcon.colcon_core.shell:Creating package script '/root/ros-lab-2/install/ros_gz_bringup/share/ros_gz_bringup/package.sh'
[1.886s] INFO:colcon.colcon_core.shell:Creating package script '/root/ros-lab-2/install/ros_gz_bringup/share/ros_gz_bringup/package.bash'
[1.891s] INFO:colcon.colcon_core.shell:Creating package script '/root/ros-lab-2/install/ros_gz_bringup/share/ros_gz_bringup/package.zsh'
[1.893s] Level 1:colcon.colcon_core.environment:create_file_with_runtime_dependencies(/root/ros-lab-2/install/ros_gz_bringup/share/colcon-core/packages/ros_gz_bringup)
[2.828s] DEBUG:colcon.colcon_core.event_handler.log_command:Invoking command in '/root/ros-lab-2/src/wall_follow': PS1=<ROS2-Jazzy>[\u@\h \W]$ PYTHONPATH=/root/ros-lab-2/build/wall_follow/prefix_override:/usr/lib/python3/dist-packages/colcon_core/task/python/colcon_distutils_commands:/root/ros-lab-2/install/wall_follow/lib/python3.12/site-packages:${PYTHONPATH} /usr/bin/python3 -W ignore:setup.py install is deprecated -W ignore:easy_install command is deprecated setup.py egg_info --egg-base ../../build/wall_follow build --build-base /root/ros-lab-2/build/wall_follow/build install --record /root/ros-lab-2/build/wall_follow/install.log --single-version-externally-managed install_data
[4.306s] Level 1:colcon.colcon_core.environment:checking '/root/ros-lab-2/install/wall_follow' for CMake module files
[4.307s] Level 1:colcon.colcon_core.environment:checking '/root/ros-lab-2/install/wall_follow' for CMake config files
[4.309s] Level 1:colcon.colcon_core.environment:checking '/root/ros-lab-2/install/wall_follow/lib'
[4.309s] Level 1:colcon.colcon_core.environment:checking '/root/ros-lab-2/install/wall_follow/bin'
[4.309s] Level 1:colcon.colcon_core.environment:checking '/root/ros-lab-2/install/wall_follow/lib/pkgconfig/wall_follow.pc'
[4.309s] Level 1:colcon.colcon_core.environment:checking '/root/ros-lab-2/install/wall_follow/lib/python3.12/site-packages'
[4.310s] Level 1:colcon.colcon_core.shell:create_environment_hook('wall_follow', 'pythonpath')
[4.310s] INFO:colcon.colcon_core.shell:Creating environment hook '/root/ros-lab-2/install/wall_follow/share/wall_follow/hook/pythonpath.ps1'
[4.311s] INFO:colcon.colcon_core.shell:Creating environment descriptor '/root/ros-lab-2/install/wall_follow/share/wall_follow/hook/pythonpath.dsv'
[4.312s] INFO:colcon.colcon_core.shell:Creating environment hook '/root/ros-lab-2/install/wall_follow/share/wall_follow/hook/pythonpath.sh'
[4.313s] Level 1:colcon.colcon_core.environment:checking '/root/ros-lab-2/install/wall_follow/bin'
[4.313s] Level 1:colcon.colcon_core.environment:create_environment_scripts_only(wall_follow)
[4.313s] INFO:colcon.colcon_core.shell:Creating package script '/root/ros-lab-2/install/wall_follow/share/wall_follow/package.ps1'
[4.314s] INFO:colcon.colcon_core.shell:Creating package descriptor '/root/ros-lab-2/install/wall_follow/share/wall_follow/package.dsv'
[4.315s] INFO:colcon.colcon_core.shell:Creating package script '/root/ros-lab-2/install/wall_follow/share/wall_follow/package.sh'
[4.316s] INFO:colcon.colcon_core.shell:Creating package script '/root/ros-lab-2/install/wall_follow/share/wall_follow/package.bash'
[4.317s] INFO:colcon.colcon_core.shell:Creating package script '/root/ros-lab-2/install/wall_follow/share/wall_follow/package.zsh'
[4.317s] Level 1:colcon.colcon_core.environment:create_file_with_runtime_dependencies(/root/ros-lab-2/install/wall_follow/share/colcon-core/packages/wall_follow)
[4.318s] DEBUG:colcon.colcon_parallel_executor.executor.parallel:closing loop
[4.319s] DEBUG:colcon.colcon_core.event_handler.log_command:Invoked command in '/root/ros-lab-2/src/wall_follow' returned '0': PS1=<ROS2-Jazzy>[\u@\h \W]$ PYTHONPATH=/root/ros-lab-2/build/wall_follow/prefix_override:/usr/lib/python3/dist-packages/colcon_core/task/python/colcon_distutils_commands:/root/ros-lab-2/install/wall_follow/lib/python3.12/site-packages:${PYTHONPATH} /usr/bin/python3 -W ignore:setup.py install is deprecated -W ignore:easy_install command is deprecated setup.py egg_info --egg-base ../../build/wall_follow build --build-base /root/ros-lab-2/build/wall_follow/build install --record /root/ros-lab-2/build/wall_follow/install.log --single-version-externally-managed install_data
[4.321s] DEBUG:colcon.colcon_parallel_executor.executor.parallel:loop closed
[4.321s] DEBUG:colcon.colcon_parallel_executor.executor.parallel:run_until_complete finished with '0'
[4.321s] DEBUG:colcon.colcon_core.event_reactor:joining thread
[4.335s] INFO:colcon.colcon_core.plugin_system:Skipping extension 'colcon_notification.desktop_notification.notify_send': Could not find 'notify-send'
[4.335s] INFO:colcon.colcon_core.plugin_system:Skipping extension 'colcon_notification.desktop_notification.terminal_notifier': Not used on non-Darwin systems
[4.335s] INFO:colcon.colcon_core.plugin_system:Skipping extension 'colcon_notification.desktop_notification.win32': Not used on non-Windows systems
[4.335s] INFO:colcon.colcon_notification.desktop_notification:Sending desktop notification using 'notify2'
[4.341s] DEBUG:colcon.colcon_notification.desktop_notification.notify2:Failed to initialize notify2: org.freedesktop.DBus.Error.Spawn.ExecFailed: /usr/bin/dbus-launch terminated abnormally without any error message
[4.341s] DEBUG:colcon.colcon_core.event_reactor:joined thread
[4.342s] INFO:colcon.colcon_core.shell:Creating prefix script '/root/ros-lab-2/install/local_setup.ps1'
[4.344s] INFO:colcon.colcon_core.shell:Creating prefix util module '/root/ros-lab-2/install/_local_setup_util_ps1.py'
[4.349s] INFO:colcon.colcon_core.shell:Creating prefix chain script '/root/ros-lab-2/install/setup.ps1'
[4.353s] INFO:colcon.colcon_core.shell:Creating prefix script '/root/ros-lab-2/install/local_setup.sh'
[4.354s] INFO:colcon.colcon_core.shell:Creating prefix util module '/root/ros-lab-2/install/_local_setup_util_sh.py'
[4.356s] INFO:colcon.colcon_core.shell:Creating prefix chain script '/root/ros-lab-2/install/setup.sh'
[4.358s] INFO:colcon.colcon_core.shell:Creating prefix script '/root/ros-lab-2/install/local_setup.bash'
[4.359s] INFO:colcon.colcon_core.shell:Creating prefix chain script '/root/ros-lab-2/install/setup.bash'
[4.362s] INFO:colcon.colcon_core.shell:Creating prefix script '/root/ros-lab-2/install/local_setup.zsh'
[4.363s] INFO:colcon.colcon_core.shell:Creating prefix chain script '/root/ros-lab-2/install/setup.zsh'
