[0.029s] Invoking command in '/root/ros-lab-2/build/ros_gz_description': CMAKE_PREFIX_PATH=${CMAKE_PREFIX_PATH}:/opt/ros/jazzy PS1=<ROS2-Jazzy>[\u@\h \W]$ /usr/bin/cmake /root/ros-lab-2/ros_gz_description -DBUILD_TESTING=ON -DCMAKE_INSTALL_PREFIX=/root/ros-lab-2/install/ros_gz_description
[1.137s] -- The C compiler identification is GNU 13.3.0
[1.546s] -- The CXX compiler identification is GNU 13.3.0
[1.585s] -- Detecting C compiler ABI info
[1.764s] -- Detecting C compiler ABI info - done
[1.776s] -- Check for working C compiler: /usr/bin/cc - skipped
[1.778s] -- Detecting C compile features
[1.778s] -- Detecting C compile features - done
[1.799s] -- Detecting CXX compiler ABI info
[1.940s] -- Detecting CXX compiler ABI info - done
[1.953s] -- Check for working CXX compiler: /usr/bin/c++ - skipped
[1.953s] -- Detecting CXX compile features
[1.954s] -- Detecting CXX compile features - done
[1.984s] -- Found ament_cmake: 2.5.3 (/opt/ros/jazzy/share/ament_cmake/cmake)
[2.266s] -- Found Python3: /usr/bin/python3 (found version "3.12.3") found components: Interpreter 
[2.753s] -- Configuring done (2.2s)
[2.760s] -- Generating done (0.0s)
[2.762s] -- Build files have been written to: /root/ros-lab-2/build/ros_gz_description
[2.771s] Invoked command in '/root/ros-lab-2/build/ros_gz_description' returned '0': CMAKE_PREFIX_PATH=${CMAKE_PREFIX_PATH}:/opt/ros/jazzy PS1=<ROS2-Jazzy>[\u@\h \W]$ /usr/bin/cmake /root/ros-lab-2/ros_gz_description -DBUILD_TESTING=ON -DCMAKE_INSTALL_PREFIX=/root/ros-lab-2/install/ros_gz_description
[2.772s] Invoking command in '/root/ros-lab-2/build/ros_gz_description': CMAKE_PREFIX_PATH=${CMAKE_PREFIX_PATH}:/opt/ros/jazzy PS1=<ROS2-Jazzy>[\u@\h \W]$ /usr/bin/cmake --build /root/ros-lab-2/build/ros_gz_description -- -j16 -l16
[2.830s] Invoked command in '/root/ros-lab-2/build/ros_gz_description' returned '0': CMAKE_PREFIX_PATH=${CMAKE_PREFIX_PATH}:/opt/ros/jazzy PS1=<ROS2-Jazzy>[\u@\h \W]$ /usr/bin/cmake --build /root/ros-lab-2/build/ros_gz_description -- -j16 -l16
[2.832s] Invoking command in '/root/ros-lab-2/build/ros_gz_description': CMAKE_PREFIX_PATH=${CMAKE_PREFIX_PATH}:/opt/ros/jazzy PS1=<ROS2-Jazzy>[\u@\h \W]$ /usr/bin/cmake --install /root/ros-lab-2/build/ros_gz_description
[2.842s] -- Install configuration: ""
[2.842s] -- Installing: /root/ros-lab-2/install/ros_gz_description/share/ros_gz_description/models
[2.843s] -- Installing: /root/ros-lab-2/install/ros_gz_description/share/ros_gz_description/models/diff_drive
[2.844s] -- Installing: /root/ros-lab-2/install/ros_gz_description/share/ros_gz_description/models/diff_drive/model.sdf
[2.844s] -- Installing: /root/ros-lab-2/install/ros_gz_description/share/ros_gz_description/models/diff_drive/model.config
[2.844s] -- Installing: /root/ros-lab-2/install/ros_gz_description/share/ros_gz_description/environment/ros_gz_description.dsv
[2.844s] -- Installing: /root/ros-lab-2/install/ros_gz_description/share/ros_gz_description/environment/ros_gz_description.sh
[2.845s] -- Installing: /root/ros-lab-2/install/ros_gz_description/share/ament_index/resource_index/package_run_dependencies/ros_gz_description
[2.845s] -- Installing: /root/ros-lab-2/install/ros_gz_description/share/ament_index/resource_index/parent_prefix_path/ros_gz_description
[2.845s] -- Installing: /root/ros-lab-2/install/ros_gz_description/share/ros_gz_description/environment/ament_prefix_path.sh
[2.845s] -- Installing: /root/ros-lab-2/install/ros_gz_description/share/ros_gz_description/environment/ament_prefix_path.dsv
[2.846s] -- Installing: /root/ros-lab-2/install/ros_gz_description/share/ros_gz_description/environment/path.sh
[2.846s] -- Installing: /root/ros-lab-2/install/ros_gz_description/share/ros_gz_description/environment/path.dsv
[2.846s] -- Installing: /root/ros-lab-2/install/ros_gz_description/share/ros_gz_description/local_setup.bash
[2.846s] -- Installing: /root/ros-lab-2/install/ros_gz_description/share/ros_gz_description/local_setup.sh
[2.847s] -- Installing: /root/ros-lab-2/install/ros_gz_description/share/ros_gz_description/local_setup.zsh
[2.847s] -- Installing: /root/ros-lab-2/install/ros_gz_description/share/ros_gz_description/local_setup.dsv
[2.847s] -- Installing: /root/ros-lab-2/install/ros_gz_description/share/ros_gz_description/package.dsv
[2.848s] -- Installing: /root/ros-lab-2/install/ros_gz_description/share/ament_index/resource_index/packages/ros_gz_description
[2.848s] -- Installing: /root/ros-lab-2/install/ros_gz_description/share/ros_gz_description/cmake/ros_gz_descriptionConfig.cmake
[2.848s] -- Installing: /root/ros-lab-2/install/ros_gz_description/share/ros_gz_description/cmake/ros_gz_descriptionConfig-version.cmake
[2.848s] -- Installing: /root/ros-lab-2/install/ros_gz_description/share/ros_gz_description/package.xml
[2.851s] Invoked command in '/root/ros-lab-2/build/ros_gz_description' returned '0': CMAKE_PREFIX_PATH=${CMAKE_PREFIX_PATH}:/opt/ros/jazzy PS1=<ROS2-Jazzy>[\u@\h \W]$ /usr/bin/cmake --install /root/ros-lab-2/build/ros_gz_description
