[0.239s] DEBUG:colcon:Command line arguments: ['/usr/bin/colcon', 'build']
[0.240s] DEBUG:colcon:Parsed command line arguments: Namespace(log_base=None, log_level=None, verb_name='build', build_base='build', install_base='install', merge_install=False, symlink_install=False, test_result_base=None, continue_on_error=False, executor='parallel', parallel_workers=16, event_handlers=None, ignore_user_meta=False, metas=['./colcon.meta'], base_paths=['.'], packages_ignore=None, packages_ignore_regex=None, paths=None, packages_up_to=None, packages_up_to_regex=None, packages_above=None, packages_above_and_dependencies=None, packages_above_depth=None, packages_select_by_dep=None, packages_skip_by_dep=None, packages_skip_up_to=None, packages_select_build_failed=False, packages_skip_build_finished=False, packages_select_test_failures=False, packages_skip_test_passed=False, packages_select=None, packages_skip=None, packages_select_regex=None, packages_skip_regex=None, packages_start=None, packages_end=None, allow_overriding=[], cmake_args=None, cmake_target=None, cmake_target_skip_unavailable=False, cmake_clean_cache=False, cmake_clean_first=False, cmake_force_configure=False, ament_cmake_args=None, catkin_cmake_args=None, catkin_skip_building_tests=False, mixin_files=None, mixin=None, verb_parser=<colcon_mixin.mixin.mixin_argument.MixinArgumentDecorator object at 0x7f051c2e2ed0>, verb_extension=<colcon_core.verb.build.BuildVerb object at 0x7f051c47ee10>, main=<bound method BuildVerb.main of <colcon_core.verb.build.BuildVerb object at 0x7f051c47ee10>>, mixin_verb=('build',))
[0.331s] Level 1:colcon.colcon_core.package_discovery:discover_packages(colcon_meta) check parameters
[0.332s] Level 1:colcon.colcon_core.package_discovery:discover_packages(recursive) check parameters
[0.332s] Level 1:colcon.colcon_core.package_discovery:discover_packages(ignore) check parameters
[0.332s] Level 1:colcon.colcon_core.package_discovery:discover_packages(path) check parameters
[0.332s] Level 1:colcon.colcon_core.package_discovery:discover_packages(colcon_meta) discover
[0.332s] Level 1:colcon.colcon_core.package_discovery:discover_packages(recursive) discover
[0.332s] INFO:colcon.colcon_core.package_discovery:Crawling recursively for packages in '/root/ros-lab-2'
[0.332s] Level 1:colcon.colcon_core.package_identification:_identify(.) by extensions ['ignore', 'ignore_ament_install']
[0.333s] Level 1:colcon.colcon_core.package_identification:_identify(.) by extension 'ignore'
[0.333s] Level 1:colcon.colcon_core.package_identification:_identify(.) by extension 'ignore_ament_install'
[0.333s] Level 1:colcon.colcon_core.package_identification:_identify(.) by extensions ['colcon_pkg']
[0.333s] Level 1:colcon.colcon_core.package_identification:_identify(.) by extension 'colcon_pkg'
[0.333s] Level 1:colcon.colcon_core.package_identification:_identify(.) by extensions ['colcon_meta']
[0.333s] Level 1:colcon.colcon_core.package_identification:_identify(.) by extension 'colcon_meta'
[0.333s] Level 1:colcon.colcon_core.package_identification:_identify(.) by extensions ['ros']
[0.333s] Level 1:colcon.colcon_core.package_identification:_identify(.) by extension 'ros'
[0.397s] Level 1:colcon.colcon_core.package_identification:_identify(.) by extensions ['cmake', 'python']
[0.397s] Level 1:colcon.colcon_core.package_identification:_identify(.) by extension 'cmake'
[0.397s] Level 1:colcon.colcon_core.package_identification:_identify(.) by extension 'python'
[0.397s] Level 1:colcon.colcon_core.package_identification:_identify(.) by extensions ['python_setup_py']
[0.397s] Level 1:colcon.colcon_core.package_identification:_identify(.) by extension 'python_setup_py'
[0.398s] Level 1:colcon.colcon_core.package_identification:_identify(build) by extensions ['ignore', 'ignore_ament_install']
[0.398s] Level 1:colcon.colcon_core.package_identification:_identify(build) by extension 'ignore'
[0.398s] Level 1:colcon.colcon_core.package_identification:_identify(build) ignored
[0.398s] Level 1:colcon.colcon_core.package_identification:_identify(figs) by extensions ['ignore', 'ignore_ament_install']
[0.398s] Level 1:colcon.colcon_core.package_identification:_identify(figs) by extension 'ignore'
[0.398s] Level 1:colcon.colcon_core.package_identification:_identify(figs) by extension 'ignore_ament_install'
[0.398s] Level 1:colcon.colcon_core.package_identification:_identify(figs) by extensions ['colcon_pkg']
[0.399s] Level 1:colcon.colcon_core.package_identification:_identify(figs) by extension 'colcon_pkg'
[0.399s] Level 1:colcon.colcon_core.package_identification:_identify(figs) by extensions ['colcon_meta']
[0.399s] Level 1:colcon.colcon_core.package_identification:_identify(figs) by extension 'colcon_meta'
[0.399s] Level 1:colcon.colcon_core.package_identification:_identify(figs) by extensions ['ros']
[0.399s] Level 1:colcon.colcon_core.package_identification:_identify(figs) by extension 'ros'
[0.399s] Level 1:colcon.colcon_core.package_identification:_identify(figs) by extensions ['cmake', 'python']
[0.399s] Level 1:colcon.colcon_core.package_identification:_identify(figs) by extension 'cmake'
[0.399s] Level 1:colcon.colcon_core.package_identification:_identify(figs) by extension 'python'
[0.399s] Level 1:colcon.colcon_core.package_identification:_identify(figs) by extensions ['python_setup_py']
[0.399s] Level 1:colcon.colcon_core.package_identification:_identify(figs) by extension 'python_setup_py'
[0.399s] Level 1:colcon.colcon_core.package_identification:_identify(install) by extensions ['ignore', 'ignore_ament_install']
[0.400s] Level 1:colcon.colcon_core.package_identification:_identify(install) by extension 'ignore'
[0.400s] Level 1:colcon.colcon_core.package_identification:_identify(install) ignored
[0.400s] Level 1:colcon.colcon_core.package_identification:_identify(log) by extensions ['ignore', 'ignore_ament_install']
[0.400s] Level 1:colcon.colcon_core.package_identification:_identify(log) by extension 'ignore'
[0.400s] Level 1:colcon.colcon_core.package_identification:_identify(log) ignored
[0.401s] Level 1:colcon.colcon_core.package_identification:_identify(ros_gz_app) by extensions ['ignore', 'ignore_ament_install']
[0.401s] Level 1:colcon.colcon_core.package_identification:_identify(ros_gz_app) by extension 'ignore'
[0.401s] Level 1:colcon.colcon_core.package_identification:_identify(ros_gz_app) by extension 'ignore_ament_install'
[0.401s] Level 1:colcon.colcon_core.package_identification:_identify(ros_gz_app) by extensions ['colcon_pkg']
[0.401s] Level 1:colcon.colcon_core.package_identification:_identify(ros_gz_app) by extension 'colcon_pkg'
[0.401s] Level 1:colcon.colcon_core.package_identification:_identify(ros_gz_app) by extensions ['colcon_meta']
[0.401s] Level 1:colcon.colcon_core.package_identification:_identify(ros_gz_app) by extension 'colcon_meta'
[0.401s] Level 1:colcon.colcon_core.package_identification:_identify(ros_gz_app) by extensions ['ros']
[0.401s] Level 1:colcon.colcon_core.package_identification:_identify(ros_gz_app) by extension 'ros'
[0.407s] DEBUG:colcon.colcon_core.package_identification:Package 'ros_gz_app' with type 'ros.ament_cmake' and name 'ros_gz_app'
[0.407s] Level 1:colcon.colcon_core.package_identification:_identify(ros_gz_bringup) by extensions ['ignore', 'ignore_ament_install']
[0.407s] Level 1:colcon.colcon_core.package_identification:_identify(ros_gz_bringup) by extension 'ignore'
[0.407s] Level 1:colcon.colcon_core.package_identification:_identify(ros_gz_bringup) by extension 'ignore_ament_install'
[0.408s] Level 1:colcon.colcon_core.package_identification:_identify(ros_gz_bringup) by extensions ['colcon_pkg']
[0.408s] Level 1:colcon.colcon_core.package_identification:_identify(ros_gz_bringup) by extension 'colcon_pkg'
[0.408s] Level 1:colcon.colcon_core.package_identification:_identify(ros_gz_bringup) by extensions ['colcon_meta']
[0.408s] Level 1:colcon.colcon_core.package_identification:_identify(ros_gz_bringup) by extension 'colcon_meta'
[0.408s] Level 1:colcon.colcon_core.package_identification:_identify(ros_gz_bringup) by extensions ['ros']
[0.408s] Level 1:colcon.colcon_core.package_identification:_identify(ros_gz_bringup) by extension 'ros'
[0.419s] DEBUG:colcon.colcon_core.package_identification:Package 'ros_gz_bringup' with type 'ros.ament_cmake' and name 'ros_gz_bringup'
[0.419s] Level 1:colcon.colcon_core.package_identification:_identify(ros_gz_description) by extensions ['ignore', 'ignore_ament_install']
[0.419s] Level 1:colcon.colcon_core.package_identification:_identify(ros_gz_description) by extension 'ignore'
[0.419s] Level 1:colcon.colcon_core.package_identification:_identify(ros_gz_description) by extension 'ignore_ament_install'
[0.420s] Level 1:colcon.colcon_core.package_identification:_identify(ros_gz_description) by extensions ['colcon_pkg']
[0.420s] Level 1:colcon.colcon_core.package_identification:_identify(ros_gz_description) by extension 'colcon_pkg'
[0.420s] Level 1:colcon.colcon_core.package_identification:_identify(ros_gz_description) by extensions ['colcon_meta']
[0.420s] Level 1:colcon.colcon_core.package_identification:_identify(ros_gz_description) by extension 'colcon_meta'
[0.420s] Level 1:colcon.colcon_core.package_identification:_identify(ros_gz_description) by extensions ['ros']
[0.420s] Level 1:colcon.colcon_core.package_identification:_identify(ros_gz_description) by extension 'ros'
[0.421s] DEBUG:colcon.colcon_core.package_identification:Package 'ros_gz_description' with type 'ros.ament_cmake' and name 'ros_gz_description'
[0.421s] Level 1:colcon.colcon_core.package_identification:_identify(ros_gz_gazebo) by extensions ['ignore', 'ignore_ament_install']
[0.422s] Level 1:colcon.colcon_core.package_identification:_identify(ros_gz_gazebo) by extension 'ignore'
[0.422s] Level 1:colcon.colcon_core.package_identification:_identify(ros_gz_gazebo) by extension 'ignore_ament_install'
[0.422s] Level 1:colcon.colcon_core.package_identification:_identify(ros_gz_gazebo) by extensions ['colcon_pkg']
[0.422s] Level 1:colcon.colcon_core.package_identification:_identify(ros_gz_gazebo) by extension 'colcon_pkg'
[0.422s] Level 1:colcon.colcon_core.package_identification:_identify(ros_gz_gazebo) by extensions ['colcon_meta']
[0.422s] Level 1:colcon.colcon_core.package_identification:_identify(ros_gz_gazebo) by extension 'colcon_meta'
[0.422s] Level 1:colcon.colcon_core.package_identification:_identify(ros_gz_gazebo) by extensions ['ros']
[0.422s] Level 1:colcon.colcon_core.package_identification:_identify(ros_gz_gazebo) by extension 'ros'
[0.423s] DEBUG:colcon.colcon_core.package_identification:Package 'ros_gz_gazebo' with type 'ros.ament_cmake' and name 'ros_gz_gazebo'
[0.423s] Level 1:colcon.colcon_core.package_identification:_identify(src) by extensions ['ignore', 'ignore_ament_install']
[0.424s] Level 1:colcon.colcon_core.package_identification:_identify(src) by extension 'ignore'
[0.424s] Level 1:colcon.colcon_core.package_identification:_identify(src) by extension 'ignore_ament_install'
[0.424s] Level 1:colcon.colcon_core.package_identification:_identify(src) by extensions ['colcon_pkg']
[0.424s] Level 1:colcon.colcon_core.package_identification:_identify(src) by extension 'colcon_pkg'
[0.424s] Level 1:colcon.colcon_core.package_identification:_identify(src) by extensions ['colcon_meta']
[0.424s] Level 1:colcon.colcon_core.package_identification:_identify(src) by extension 'colcon_meta'
[0.424s] Level 1:colcon.colcon_core.package_identification:_identify(src) by extensions ['ros']
[0.424s] Level 1:colcon.colcon_core.package_identification:_identify(src) by extension 'ros'
[0.424s] Level 1:colcon.colcon_core.package_identification:_identify(src) by extensions ['cmake', 'python']
[0.425s] Level 1:colcon.colcon_core.package_identification:_identify(src) by extension 'cmake'
[0.425s] Level 1:colcon.colcon_core.package_identification:_identify(src) by extension 'python'
[0.425s] Level 1:colcon.colcon_core.package_identification:_identify(src) by extensions ['python_setup_py']
[0.425s] Level 1:colcon.colcon_core.package_identification:_identify(src) by extension 'python_setup_py'
[0.425s] Level 1:colcon.colcon_core.package_identification:_identify(src/wall_follow) by extensions ['ignore', 'ignore_ament_install']
[0.425s] Level 1:colcon.colcon_core.package_identification:_identify(src/wall_follow) by extension 'ignore'
[0.425s] Level 1:colcon.colcon_core.package_identification:_identify(src/wall_follow) by extension 'ignore_ament_install'
[0.425s] Level 1:colcon.colcon_core.package_identification:_identify(src/wall_follow) by extensions ['colcon_pkg']
[0.425s] Level 1:colcon.colcon_core.package_identification:_identify(src/wall_follow) by extension 'colcon_pkg'
[0.425s] Level 1:colcon.colcon_core.package_identification:_identify(src/wall_follow) by extensions ['colcon_meta']
[0.425s] Level 1:colcon.colcon_core.package_identification:_identify(src/wall_follow) by extension 'colcon_meta'
[0.425s] Level 1:colcon.colcon_core.package_identification:_identify(src/wall_follow) by extensions ['ros']
[0.425s] Level 1:colcon.colcon_core.package_identification:_identify(src/wall_follow) by extension 'ros'
[0.427s] DEBUG:colcon.colcon_core.package_identification:Package 'src/wall_follow' with type 'ros.ament_python' and name 'wall_follow'
[0.427s] Level 1:colcon.colcon_core.package_discovery:discover_packages(recursive) using defaults
[0.427s] Level 1:colcon.colcon_core.package_discovery:discover_packages(ignore) discover
[0.427s] Level 1:colcon.colcon_core.package_discovery:discover_packages(ignore) using defaults
[0.427s] Level 1:colcon.colcon_core.package_discovery:discover_packages(path) discover
[0.427s] Level 1:colcon.colcon_core.package_discovery:discover_packages(path) using defaults
[0.468s] Level 1:colcon.colcon_core.package_discovery:discover_packages(prefix_path) check parameters
[0.469s] Level 1:colcon.colcon_core.package_discovery:discover_packages(prefix_path) discover
[0.475s] DEBUG:colcon.colcon_installed_package_information.package_discovery:Found 5 installed packages in /root/ros-lab-2/install
[0.480s] DEBUG:colcon.colcon_installed_package_information.package_discovery:Found 317 installed packages in /opt/ros/jazzy
[0.483s] Level 1:colcon.colcon_core.package_discovery:discover_packages(prefix_path) using defaults
[0.581s] Level 5:colcon.colcon_core.verb:set package 'ros_gz_app' build argument 'cmake_args' from command line to 'None'
[0.581s] Level 5:colcon.colcon_core.verb:set package 'ros_gz_app' build argument 'cmake_target' from command line to 'None'
[0.581s] Level 5:colcon.colcon_core.verb:set package 'ros_gz_app' build argument 'cmake_target_skip_unavailable' from command line to 'False'
[0.581s] Level 5:colcon.colcon_core.verb:set package 'ros_gz_app' build argument 'cmake_clean_cache' from command line to 'False'
[0.582s] Level 5:colcon.colcon_core.verb:set package 'ros_gz_app' build argument 'cmake_clean_first' from command line to 'False'
[0.582s] Level 5:colcon.colcon_core.verb:set package 'ros_gz_app' build argument 'cmake_force_configure' from command line to 'False'
[0.582s] Level 5:colcon.colcon_core.verb:set package 'ros_gz_app' build argument 'ament_cmake_args' from command line to 'None'
[0.582s] Level 5:colcon.colcon_core.verb:set package 'ros_gz_app' build argument 'catkin_cmake_args' from command line to 'None'
[0.582s] Level 5:colcon.colcon_core.verb:set package 'ros_gz_app' build argument 'catkin_skip_building_tests' from command line to 'False'
[0.582s] DEBUG:colcon.colcon_core.verb:Building package 'ros_gz_app' with the following arguments: {'ament_cmake_args': None, 'build_base': '/root/ros-lab-2/build/ros_gz_app', 'catkin_cmake_args': None, 'catkin_skip_building_tests': False, 'cmake_args': None, 'cmake_clean_cache': False, 'cmake_clean_first': False, 'cmake_force_configure': False, 'cmake_target': None, 'cmake_target_skip_unavailable': False, 'install_base': '/root/ros-lab-2/install/ros_gz_app', 'merge_install': False, 'path': '/root/ros-lab-2/ros_gz_app', 'symlink_install': False, 'test_result_base': None}
[0.582s] Level 5:colcon.colcon_core.verb:set package 'ros_gz_description' build argument 'cmake_args' from command line to 'None'
[0.582s] Level 5:colcon.colcon_core.verb:set package 'ros_gz_description' build argument 'cmake_target' from command line to 'None'
[0.583s] Level 5:colcon.colcon_core.verb:set package 'ros_gz_description' build argument 'cmake_target_skip_unavailable' from command line to 'False'
[0.583s] Level 5:colcon.colcon_core.verb:set package 'ros_gz_description' build argument 'cmake_clean_cache' from command line to 'False'
[0.583s] Level 5:colcon.colcon_core.verb:set package 'ros_gz_description' build argument 'cmake_clean_first' from command line to 'False'
[0.583s] Level 5:colcon.colcon_core.verb:set package 'ros_gz_description' build argument 'cmake_force_configure' from command line to 'False'
[0.583s] Level 5:colcon.colcon_core.verb:set package 'ros_gz_description' build argument 'ament_cmake_args' from command line to 'None'
[0.583s] Level 5:colcon.colcon_core.verb:set package 'ros_gz_description' build argument 'catkin_cmake_args' from command line to 'None'
[0.583s] Level 5:colcon.colcon_core.verb:set package 'ros_gz_description' build argument 'catkin_skip_building_tests' from command line to 'False'
[0.583s] DEBUG:colcon.colcon_core.verb:Building package 'ros_gz_description' with the following arguments: {'ament_cmake_args': None, 'build_base': '/root/ros-lab-2/build/ros_gz_description', 'catkin_cmake_args': None, 'catkin_skip_building_tests': False, 'cmake_args': None, 'cmake_clean_cache': False, 'cmake_clean_first': False, 'cmake_force_configure': False, 'cmake_target': None, 'cmake_target_skip_unavailable': False, 'install_base': '/root/ros-lab-2/install/ros_gz_description', 'merge_install': False, 'path': '/root/ros-lab-2/ros_gz_description', 'symlink_install': False, 'test_result_base': None}
[0.583s] Level 5:colcon.colcon_core.verb:set package 'wall_follow' build argument 'cmake_args' from command line to 'None'
[0.583s] Level 5:colcon.colcon_core.verb:set package 'wall_follow' build argument 'cmake_target' from command line to 'None'
[0.583s] Level 5:colcon.colcon_core.verb:set package 'wall_follow' build argument 'cmake_target_skip_unavailable' from command line to 'False'
[0.583s] Level 5:colcon.colcon_core.verb:set package 'wall_follow' build argument 'cmake_clean_cache' from command line to 'False'
[0.583s] Level 5:colcon.colcon_core.verb:set package 'wall_follow' build argument 'cmake_clean_first' from command line to 'False'
[0.583s] Level 5:colcon.colcon_core.verb:set package 'wall_follow' build argument 'cmake_force_configure' from command line to 'False'
[0.584s] Level 5:colcon.colcon_core.verb:set package 'wall_follow' build argument 'ament_cmake_args' from command line to 'None'
[0.584s] Level 5:colcon.colcon_core.verb:set package 'wall_follow' build argument 'catkin_cmake_args' from command line to 'None'
[0.584s] Level 5:colcon.colcon_core.verb:set package 'wall_follow' build argument 'catkin_skip_building_tests' from command line to 'False'
[0.584s] DEBUG:colcon.colcon_core.verb:Building package 'wall_follow' with the following arguments: {'ament_cmake_args': None, 'build_base': '/root/ros-lab-2/build/wall_follow', 'catkin_cmake_args': None, 'catkin_skip_building_tests': False, 'cmake_args': None, 'cmake_clean_cache': False, 'cmake_clean_first': False, 'cmake_force_configure': False, 'cmake_target': None, 'cmake_target_skip_unavailable': False, 'install_base': '/root/ros-lab-2/install/wall_follow', 'merge_install': False, 'path': '/root/ros-lab-2/src/wall_follow', 'symlink_install': False, 'test_result_base': None}
[0.584s] Level 5:colcon.colcon_core.verb:set package 'ros_gz_gazebo' build argument 'cmake_args' from command line to 'None'
[0.584s] Level 5:colcon.colcon_core.verb:set package 'ros_gz_gazebo' build argument 'cmake_target' from command line to 'None'
[0.584s] Level 5:colcon.colcon_core.verb:set package 'ros_gz_gazebo' build argument 'cmake_target_skip_unavailable' from command line to 'False'
[0.584s] Level 5:colcon.colcon_core.verb:set package 'ros_gz_gazebo' build argument 'cmake_clean_cache' from command line to 'False'
[0.584s] Level 5:colcon.colcon_core.verb:set package 'ros_gz_gazebo' build argument 'cmake_clean_first' from command line to 'False'
[0.584s] Level 5:colcon.colcon_core.verb:set package 'ros_gz_gazebo' build argument 'cmake_force_configure' from command line to 'False'
[0.584s] Level 5:colcon.colcon_core.verb:set package 'ros_gz_gazebo' build argument 'ament_cmake_args' from command line to 'None'
[0.584s] Level 5:colcon.colcon_core.verb:set package 'ros_gz_gazebo' build argument 'catkin_cmake_args' from command line to 'None'
[0.584s] Level 5:colcon.colcon_core.verb:set package 'ros_gz_gazebo' build argument 'catkin_skip_building_tests' from command line to 'False'
[0.584s] DEBUG:colcon.colcon_core.verb:Building package 'ros_gz_gazebo' with the following arguments: {'ament_cmake_args': None, 'build_base': '/root/ros-lab-2/build/ros_gz_gazebo', 'catkin_cmake_args': None, 'catkin_skip_building_tests': False, 'cmake_args': None, 'cmake_clean_cache': False, 'cmake_clean_first': False, 'cmake_force_configure': False, 'cmake_target': None, 'cmake_target_skip_unavailable': False, 'install_base': '/root/ros-lab-2/install/ros_gz_gazebo', 'merge_install': False, 'path': '/root/ros-lab-2/ros_gz_gazebo', 'symlink_install': False, 'test_result_base': None}
[0.585s] Level 5:colcon.colcon_core.verb:set package 'ros_gz_bringup' build argument 'cmake_args' from command line to 'None'
[0.585s] Level 5:colcon.colcon_core.verb:set package 'ros_gz_bringup' build argument 'cmake_target' from command line to 'None'
[0.585s] Level 5:colcon.colcon_core.verb:set package 'ros_gz_bringup' build argument 'cmake_target_skip_unavailable' from command line to 'False'
[0.585s] Level 5:colcon.colcon_core.verb:set package 'ros_gz_bringup' build argument 'cmake_clean_cache' from command line to 'False'
[0.585s] Level 5:colcon.colcon_core.verb:set package 'ros_gz_bringup' build argument 'cmake_clean_first' from command line to 'False'
[0.585s] Level 5:colcon.colcon_core.verb:set package 'ros_gz_bringup' build argument 'cmake_force_configure' from command line to 'False'
[0.585s] Level 5:colcon.colcon_core.verb:set package 'ros_gz_bringup' build argument 'ament_cmake_args' from command line to 'None'
[0.585s] Level 5:colcon.colcon_core.verb:set package 'ros_gz_bringup' build argument 'catkin_cmake_args' from command line to 'None'
[0.585s] Level 5:colcon.colcon_core.verb:set package 'ros_gz_bringup' build argument 'catkin_skip_building_tests' from command line to 'False'
[0.585s] DEBUG:colcon.colcon_core.verb:Building package 'ros_gz_bringup' with the following arguments: {'ament_cmake_args': None, 'build_base': '/root/ros-lab-2/build/ros_gz_bringup', 'catkin_cmake_args': None, 'catkin_skip_building_tests': False, 'cmake_args': None, 'cmake_clean_cache': False, 'cmake_clean_first': False, 'cmake_force_configure': False, 'cmake_target': None, 'cmake_target_skip_unavailable': False, 'install_base': '/root/ros-lab-2/install/ros_gz_bringup', 'merge_install': False, 'path': '/root/ros-lab-2/ros_gz_bringup', 'symlink_install': False, 'test_result_base': None}
[0.586s] INFO:colcon.colcon_core.executor:Executing jobs using 'parallel' executor
[0.588s] DEBUG:colcon.colcon_parallel_executor.executor.parallel:run_until_complete
[0.588s] INFO:colcon.colcon_ros.task.ament_cmake.build:Building ROS package in '/root/ros-lab-2/ros_gz_description' with build type 'ament_cmake'
[0.588s] INFO:colcon.colcon_cmake.task.cmake.build:Building CMake package in '/root/ros-lab-2/ros_gz_description'
[0.593s] INFO:colcon.colcon_core.plugin_system:Skipping extension 'colcon_core.shell.bat': Not used on non-Windows systems
[0.594s] INFO:colcon.colcon_core.shell:Skip shell extension 'powershell' for command environment: Not usable outside of PowerShell
[0.594s] DEBUG:colcon.colcon_core.shell:Skip shell extension 'dsv' for command environment
[0.600s] INFO:colcon.colcon_ros.task.ament_cmake.build:Building ROS package in '/root/ros-lab-2/ros_gz_app' with build type 'ament_cmake'
[0.601s] INFO:colcon.colcon_cmake.task.cmake.build:Building CMake package in '/root/ros-lab-2/ros_gz_app'
[0.601s] INFO:colcon.colcon_core.shell:Skip shell extension 'powershell' for command environment: Not usable outside of PowerShell
[0.602s] DEBUG:colcon.colcon_core.shell:Skip shell extension 'dsv' for command environment
[0.611s] INFO:colcon.colcon_ros.task.ament_python.build:Building ROS package in '/root/ros-lab-2/src/wall_follow' with build type 'ament_python'
[0.612s] Level 1:colcon.colcon_core.shell:create_environment_hook('wall_follow', 'ament_prefix_path')
[0.612s] INFO:colcon.colcon_core.shell:Creating environment hook '/root/ros-lab-2/install/wall_follow/share/wall_follow/hook/ament_prefix_path.ps1'
[0.614s] INFO:colcon.colcon_core.shell:Creating environment descriptor '/root/ros-lab-2/install/wall_follow/share/wall_follow/hook/ament_prefix_path.dsv'
[0.614s] INFO:colcon.colcon_core.shell:Creating environment hook '/root/ros-lab-2/install/wall_follow/share/wall_follow/hook/ament_prefix_path.sh'
[0.616s] INFO:colcon.colcon_core.shell:Skip shell extension 'powershell' for command environment: Not usable outside of PowerShell
[0.616s] DEBUG:colcon.colcon_core.shell:Skip shell extension 'dsv' for command environment
[0.637s] DEBUG:colcon.colcon_core.event_handler.log_command:Invoking command in '/root/ros-lab-2/build/ros_gz_description': CMAKE_PREFIX_PATH=${CMAKE_PREFIX_PATH}:/root/ros-lab-2/install/wall_follow:/opt/ros/jazzy PS1=<ROS2-Jazzy>[\u@\h \W]$ /usr/bin/cmake --build /root/ros-lab-2/build/ros_gz_description -- -j16 -l16
[0.649s] DEBUG:colcon.colcon_core.event_handler.log_command:Invoking command in '/root/ros-lab-2/build/ros_gz_app': CMAKE_PREFIX_PATH=${CMAKE_PREFIX_PATH}:/root/ros-lab-2/install/wall_follow:/opt/ros/jazzy PS1=<ROS2-Jazzy>[\u@\h \W]$ /usr/bin/cmake --build /root/ros-lab-2/build/ros_gz_app -- -j16 -l16
[1.183s] INFO:colcon.colcon_core.task.python.build:Building Python package in '/root/ros-lab-2/src/wall_follow'
[1.183s] INFO:colcon.colcon_core.shell:Skip shell extension 'powershell' for command environment: Not usable outside of PowerShell
[1.183s] DEBUG:colcon.colcon_core.shell:Skip shell extension 'dsv' for command environment
[1.195s] DEBUG:colcon.colcon_core.event_handler.log_command:Invoked command in '/root/ros-lab-2/build/ros_gz_app' returned '0': CMAKE_PREFIX_PATH=${CMAKE_PREFIX_PATH}:/root/ros-lab-2/install/wall_follow:/opt/ros/jazzy PS1=<ROS2-Jazzy>[\u@\h \W]$ /usr/bin/cmake --build /root/ros-lab-2/build/ros_gz_app -- -j16 -l16
[1.213s] DEBUG:colcon.colcon_core.event_handler.log_command:Invoking command in '/root/ros-lab-2/build/ros_gz_app': CMAKE_PREFIX_PATH=${CMAKE_PREFIX_PATH}:/root/ros-lab-2/install/wall_follow:/opt/ros/jazzy PS1=<ROS2-Jazzy>[\u@\h \W]$ /usr/bin/cmake --install /root/ros-lab-2/build/ros_gz_app
[1.217s] DEBUG:colcon.colcon_core.event_handler.log_command:Invoked command in '/root/ros-lab-2/build/ros_gz_description' returned '0': CMAKE_PREFIX_PATH=${CMAKE_PREFIX_PATH}:/root/ros-lab-2/install/wall_follow:/opt/ros/jazzy PS1=<ROS2-Jazzy>[\u@\h \W]$ /usr/bin/cmake --build /root/ros-lab-2/build/ros_gz_description -- -j16 -l16
[1.218s] DEBUG:colcon.colcon_core.event_handler.log_command:Invoking command in '/root/ros-lab-2/build/ros_gz_description': CMAKE_PREFIX_PATH=${CMAKE_PREFIX_PATH}:/root/ros-lab-2/install/wall_follow:/opt/ros/jazzy PS1=<ROS2-Jazzy>[\u@\h \W]$ /usr/bin/cmake --install /root/ros-lab-2/build/ros_gz_description
[1.242s] Level 1:colcon.colcon_core.environment:create_environment_scripts_only(ros_gz_app)
[1.246s] DEBUG:colcon.colcon_core.event_handler.log_command:Invoked command in '/root/ros-lab-2/build/ros_gz_app' returned '0': CMAKE_PREFIX_PATH=${CMAKE_PREFIX_PATH}:/root/ros-lab-2/install/wall_follow:/opt/ros/jazzy PS1=<ROS2-Jazzy>[\u@\h \W]$ /usr/bin/cmake --install /root/ros-lab-2/build/ros_gz_app
[1.250s] Level 1:colcon.colcon_core.environment:checking '/root/ros-lab-2/install/ros_gz_app' for CMake module files
[1.251s] Level 1:colcon.colcon_core.environment:checking '/root/ros-lab-2/install/ros_gz_app' for CMake config files
[1.252s] Level 1:colcon.colcon_core.shell:create_environment_hook('ros_gz_app', 'cmake_prefix_path')
[1.252s] INFO:colcon.colcon_core.shell:Creating environment hook '/root/ros-lab-2/install/ros_gz_app/share/ros_gz_app/hook/cmake_prefix_path.ps1'
[1.253s] INFO:colcon.colcon_core.shell:Creating environment descriptor '/root/ros-lab-2/install/ros_gz_app/share/ros_gz_app/hook/cmake_prefix_path.dsv'
[1.253s] INFO:colcon.colcon_core.shell:Creating environment hook '/root/ros-lab-2/install/ros_gz_app/share/ros_gz_app/hook/cmake_prefix_path.sh'
[1.255s] Level 1:colcon.colcon_core.environment:checking '/root/ros-lab-2/install/ros_gz_app/bin'
[1.255s] Level 1:colcon.colcon_core.environment:checking '/root/ros-lab-2/install/ros_gz_app/lib/pkgconfig/ros_gz_app.pc'
[1.255s] Level 1:colcon.colcon_core.environment:checking '/root/ros-lab-2/install/ros_gz_app/lib/python3.12/site-packages'
[1.255s] Level 1:colcon.colcon_core.environment:checking '/root/ros-lab-2/install/ros_gz_app/bin'
[1.256s] INFO:colcon.colcon_core.shell:Creating package script '/root/ros-lab-2/install/ros_gz_app/share/ros_gz_app/package.ps1'
[1.257s] INFO:colcon.colcon_core.shell:Creating package descriptor '/root/ros-lab-2/install/ros_gz_app/share/ros_gz_app/package.dsv'
[1.258s] INFO:colcon.colcon_core.shell:Creating package script '/root/ros-lab-2/install/ros_gz_app/share/ros_gz_app/package.sh'
[1.259s] INFO:colcon.colcon_core.shell:Creating package script '/root/ros-lab-2/install/ros_gz_app/share/ros_gz_app/package.bash'
[1.260s] INFO:colcon.colcon_core.shell:Creating package script '/root/ros-lab-2/install/ros_gz_app/share/ros_gz_app/package.zsh'
[1.262s] Level 1:colcon.colcon_core.environment:create_file_with_runtime_dependencies(/root/ros-lab-2/install/ros_gz_app/share/colcon-core/packages/ros_gz_app)
[1.262s] Level 1:colcon.colcon_core.environment:create_environment_scripts_only(ros_gz_app)
[1.263s] Level 1:colcon.colcon_core.environment:checking '/root/ros-lab-2/install/ros_gz_app' for CMake module files
[1.263s] Level 1:colcon.colcon_core.environment:checking '/root/ros-lab-2/install/ros_gz_app' for CMake config files
[1.264s] Level 1:colcon.colcon_core.shell:create_environment_hook('ros_gz_app', 'cmake_prefix_path')
[1.264s] INFO:colcon.colcon_core.shell:Creating environment hook '/root/ros-lab-2/install/ros_gz_app/share/ros_gz_app/hook/cmake_prefix_path.ps1'
[1.265s] INFO:colcon.colcon_core.shell:Creating environment descriptor '/root/ros-lab-2/install/ros_gz_app/share/ros_gz_app/hook/cmake_prefix_path.dsv'
[1.265s] INFO:colcon.colcon_core.shell:Creating environment hook '/root/ros-lab-2/install/ros_gz_app/share/ros_gz_app/hook/cmake_prefix_path.sh'
[1.266s] Level 1:colcon.colcon_core.environment:checking '/root/ros-lab-2/install/ros_gz_app/bin'
[1.266s] Level 1:colcon.colcon_core.environment:checking '/root/ros-lab-2/install/ros_gz_app/lib/pkgconfig/ros_gz_app.pc'
[1.266s] Level 1:colcon.colcon_core.environment:checking '/root/ros-lab-2/install/ros_gz_app/lib/python3.12/site-packages'
[1.267s] Level 1:colcon.colcon_core.environment:checking '/root/ros-lab-2/install/ros_gz_app/bin'
[1.267s] INFO:colcon.colcon_core.shell:Creating package script '/root/ros-lab-2/install/ros_gz_app/share/ros_gz_app/package.ps1'
[1.268s] INFO:colcon.colcon_core.shell:Creating package descriptor '/root/ros-lab-2/install/ros_gz_app/share/ros_gz_app/package.dsv'
[1.268s] INFO:colcon.colcon_core.shell:Creating package script '/root/ros-lab-2/install/ros_gz_app/share/ros_gz_app/package.sh'
[1.269s] INFO:colcon.colcon_core.shell:Creating package script '/root/ros-lab-2/install/ros_gz_app/share/ros_gz_app/package.bash'
[1.270s] INFO:colcon.colcon_core.shell:Creating package script '/root/ros-lab-2/install/ros_gz_app/share/ros_gz_app/package.zsh'
[1.270s] Level 1:colcon.colcon_core.environment:create_file_with_runtime_dependencies(/root/ros-lab-2/install/ros_gz_app/share/colcon-core/packages/ros_gz_app)
[1.271s] Level 1:colcon.colcon_core.environment:create_environment_scripts_only(ros_gz_description)
[1.272s] Level 1:colcon.colcon_core.environment:checking '/root/ros-lab-2/install/ros_gz_description' for CMake module files
[1.275s] Level 1:colcon.colcon_core.environment:checking '/root/ros-lab-2/install/ros_gz_description' for CMake config files
[1.276s] DEBUG:colcon.colcon_core.event_handler.log_command:Invoked command in '/root/ros-lab-2/build/ros_gz_description' returned '0': CMAKE_PREFIX_PATH=${CMAKE_PREFIX_PATH}:/root/ros-lab-2/install/wall_follow:/opt/ros/jazzy PS1=<ROS2-Jazzy>[\u@\h \W]$ /usr/bin/cmake --install /root/ros-lab-2/build/ros_gz_description
[1.277s] Level 1:colcon.colcon_core.shell:create_environment_hook('ros_gz_description', 'cmake_prefix_path')
[1.277s] INFO:colcon.colcon_core.shell:Creating environment hook '/root/ros-lab-2/install/ros_gz_description/share/ros_gz_description/hook/cmake_prefix_path.ps1'
[1.278s] INFO:colcon.colcon_core.shell:Creating environment descriptor '/root/ros-lab-2/install/ros_gz_description/share/ros_gz_description/hook/cmake_prefix_path.dsv'
[1.279s] INFO:colcon.colcon_core.shell:Creating environment hook '/root/ros-lab-2/install/ros_gz_description/share/ros_gz_description/hook/cmake_prefix_path.sh'
[1.280s] Level 1:colcon.colcon_core.environment:checking '/root/ros-lab-2/install/ros_gz_description/bin'
[1.280s] Level 1:colcon.colcon_core.environment:checking '/root/ros-lab-2/install/ros_gz_description/lib/pkgconfig/ros_gz_description.pc'
[1.281s] Level 1:colcon.colcon_core.environment:checking '/root/ros-lab-2/install/ros_gz_description/lib/python3.12/site-packages'
[1.281s] Level 1:colcon.colcon_core.environment:checking '/root/ros-lab-2/install/ros_gz_description/bin'
[1.282s] INFO:colcon.colcon_core.shell:Creating package script '/root/ros-lab-2/install/ros_gz_description/share/ros_gz_description/package.ps1'
[1.283s] INFO:colcon.colcon_core.shell:Creating package descriptor '/root/ros-lab-2/install/ros_gz_description/share/ros_gz_description/package.dsv'
[1.284s] INFO:colcon.colcon_core.shell:Creating package script '/root/ros-lab-2/install/ros_gz_description/share/ros_gz_description/package.sh'
[1.284s] INFO:colcon.colcon_core.shell:Creating package script '/root/ros-lab-2/install/ros_gz_description/share/ros_gz_description/package.bash'
[1.285s] INFO:colcon.colcon_core.shell:Creating package script '/root/ros-lab-2/install/ros_gz_description/share/ros_gz_description/package.zsh'
[1.286s] Level 1:colcon.colcon_core.environment:create_file_with_runtime_dependencies(/root/ros-lab-2/install/ros_gz_description/share/colcon-core/packages/ros_gz_description)
[1.287s] Level 1:colcon.colcon_core.environment:create_environment_scripts_only(ros_gz_description)
[1.287s] Level 1:colcon.colcon_core.environment:checking '/root/ros-lab-2/install/ros_gz_description' for CMake module files
[1.289s] Level 1:colcon.colcon_core.environment:checking '/root/ros-lab-2/install/ros_gz_description' for CMake config files
[1.289s] Level 1:colcon.colcon_core.shell:create_environment_hook('ros_gz_description', 'cmake_prefix_path')
[1.290s] INFO:colcon.colcon_core.shell:Creating environment hook '/root/ros-lab-2/install/ros_gz_description/share/ros_gz_description/hook/cmake_prefix_path.ps1'
[1.291s] INFO:colcon.colcon_core.shell:Creating environment descriptor '/root/ros-lab-2/install/ros_gz_description/share/ros_gz_description/hook/cmake_prefix_path.dsv'
[1.291s] INFO:colcon.colcon_core.shell:Creating environment hook '/root/ros-lab-2/install/ros_gz_description/share/ros_gz_description/hook/cmake_prefix_path.sh'
[1.293s] Level 1:colcon.colcon_core.environment:checking '/root/ros-lab-2/install/ros_gz_description/bin'
[1.293s] Level 1:colcon.colcon_core.environment:checking '/root/ros-lab-2/install/ros_gz_description/lib/pkgconfig/ros_gz_description.pc'
[1.294s] Level 1:colcon.colcon_core.environment:checking '/root/ros-lab-2/install/ros_gz_description/lib/python3.12/site-packages'
[1.295s] Level 1:colcon.colcon_core.environment:checking '/root/ros-lab-2/install/ros_gz_description/bin'
[1.295s] INFO:colcon.colcon_core.shell:Creating package script '/root/ros-lab-2/install/ros_gz_description/share/ros_gz_description/package.ps1'
[1.297s] INFO:colcon.colcon_core.shell:Creating package descriptor '/root/ros-lab-2/install/ros_gz_description/share/ros_gz_description/package.dsv'
[1.298s] INFO:colcon.colcon_core.shell:Creating package script '/root/ros-lab-2/install/ros_gz_description/share/ros_gz_description/package.sh'
[1.299s] INFO:colcon.colcon_core.shell:Creating package script '/root/ros-lab-2/install/ros_gz_description/share/ros_gz_description/package.bash'
[1.300s] INFO:colcon.colcon_core.shell:Creating package script '/root/ros-lab-2/install/ros_gz_description/share/ros_gz_description/package.zsh'
[1.300s] Level 1:colcon.colcon_core.environment:create_file_with_runtime_dependencies(/root/ros-lab-2/install/ros_gz_description/share/colcon-core/packages/ros_gz_description)
[1.301s] INFO:colcon.colcon_ros.task.ament_cmake.build:Building ROS package in '/root/ros-lab-2/ros_gz_gazebo' with build type 'ament_cmake'
[1.301s] INFO:colcon.colcon_cmake.task.cmake.build:Building CMake package in '/root/ros-lab-2/ros_gz_gazebo'
[1.302s] INFO:colcon.colcon_core.shell:Skip shell extension 'powershell' for command environment: Not usable outside of PowerShell
[1.302s] DEBUG:colcon.colcon_core.shell:Skip shell extension 'dsv' for command environment
[1.326s] DEBUG:colcon.colcon_core.event_handler.log_command:Invoking command in '/root/ros-lab-2/build/ros_gz_gazebo': CMAKE_PREFIX_PATH=/root/ros-lab-2/install/ros_gz_description:/root/ros-lab-2/install/ros_gz_bringup:/root/ros-lab-2/install/ros_gz_gazebo:/root/ros-lab-2/install/ros_gz_app:/opt/ros/jazzy/opt/gz_sim_vendor:/opt/ros/jazzy/opt/gz_sensors_vendor:/opt/ros/jazzy/opt/gz_physics_vendor:/opt/ros/jazzy/opt/sdformat_vendor:/opt/ros/jazzy/opt/gz_gui_vendor:/opt/ros/jazzy/opt/gz_transport_vendor:/opt/ros/jazzy/opt/gz_rendering_vendor:/opt/ros/jazzy/opt/gz_plugin_vendor:/opt/ros/jazzy/opt/gz_fuel_tools_vendor:/opt/ros/jazzy/opt/gz_msgs_vendor:/opt/ros/jazzy/opt/gz_common_vendor:/opt/ros/jazzy/opt/gz_math_vendor:/opt/ros/jazzy/opt/gz_utils_vendor:/opt/ros/jazzy/opt/gz_tools_vendor:/opt/ros/jazzy/opt/gz_ogre_next_vendor:/opt/ros/jazzy/opt/gz_dartsim_vendor:/opt/ros/jazzy/opt/gz_cmake_vendor:/root/ros-lab-2/install/wall_follow:/opt/ros/jazzy PS1=<ROS2-Jazzy>[\u@\h \W]$ /usr/bin/cmake --build /root/ros-lab-2/build/ros_gz_gazebo -- -j16 -l16
[1.470s] DEBUG:colcon.colcon_core.event_handler.log_command:Invoked command in '/root/ros-lab-2/build/ros_gz_gazebo' returned '0': CMAKE_PREFIX_PATH=/root/ros-lab-2/install/ros_gz_description:/root/ros-lab-2/install/ros_gz_bringup:/root/ros-lab-2/install/ros_gz_gazebo:/root/ros-lab-2/install/ros_gz_app:/opt/ros/jazzy/opt/gz_sim_vendor:/opt/ros/jazzy/opt/gz_sensors_vendor:/opt/ros/jazzy/opt/gz_physics_vendor:/opt/ros/jazzy/opt/sdformat_vendor:/opt/ros/jazzy/opt/gz_gui_vendor:/opt/ros/jazzy/opt/gz_transport_vendor:/opt/ros/jazzy/opt/gz_rendering_vendor:/opt/ros/jazzy/opt/gz_plugin_vendor:/opt/ros/jazzy/opt/gz_fuel_tools_vendor:/opt/ros/jazzy/opt/gz_msgs_vendor:/opt/ros/jazzy/opt/gz_common_vendor:/opt/ros/jazzy/opt/gz_math_vendor:/opt/ros/jazzy/opt/gz_utils_vendor:/opt/ros/jazzy/opt/gz_tools_vendor:/opt/ros/jazzy/opt/gz_ogre_next_vendor:/opt/ros/jazzy/opt/gz_dartsim_vendor:/opt/ros/jazzy/opt/gz_cmake_vendor:/root/ros-lab-2/install/wall_follow:/opt/ros/jazzy PS1=<ROS2-Jazzy>[\u@\h \W]$ /usr/bin/cmake --build /root/ros-lab-2/build/ros_gz_gazebo -- -j16 -l16
[1.473s] DEBUG:colcon.colcon_core.event_handler.log_command:Invoking command in '/root/ros-lab-2/build/ros_gz_gazebo': CMAKE_PREFIX_PATH=/root/ros-lab-2/install/ros_gz_description:/root/ros-lab-2/install/ros_gz_bringup:/root/ros-lab-2/install/ros_gz_gazebo:/root/ros-lab-2/install/ros_gz_app:/opt/ros/jazzy/opt/gz_sim_vendor:/opt/ros/jazzy/opt/gz_sensors_vendor:/opt/ros/jazzy/opt/gz_physics_vendor:/opt/ros/jazzy/opt/sdformat_vendor:/opt/ros/jazzy/opt/gz_gui_vendor:/opt/ros/jazzy/opt/gz_transport_vendor:/opt/ros/jazzy/opt/gz_rendering_vendor:/opt/ros/jazzy/opt/gz_plugin_vendor:/opt/ros/jazzy/opt/gz_fuel_tools_vendor:/opt/ros/jazzy/opt/gz_msgs_vendor:/opt/ros/jazzy/opt/gz_common_vendor:/opt/ros/jazzy/opt/gz_math_vendor:/opt/ros/jazzy/opt/gz_utils_vendor:/opt/ros/jazzy/opt/gz_tools_vendor:/opt/ros/jazzy/opt/gz_ogre_next_vendor:/opt/ros/jazzy/opt/gz_dartsim_vendor:/opt/ros/jazzy/opt/gz_cmake_vendor:/root/ros-lab-2/install/wall_follow:/opt/ros/jazzy PS1=<ROS2-Jazzy>[\u@\h \W]$ /usr/bin/cmake --install /root/ros-lab-2/build/ros_gz_gazebo
[1.500s] Level 1:colcon.colcon_core.environment:create_environment_scripts_only(ros_gz_gazebo)
[1.501s] Level 1:colcon.colcon_core.environment:checking '/root/ros-lab-2/install/ros_gz_gazebo' for CMake module files
[1.504s] Level 1:colcon.colcon_core.environment:checking '/root/ros-lab-2/install/ros_gz_gazebo' for CMake config files
[1.505s] Level 1:colcon.colcon_core.shell:create_environment_hook('ros_gz_gazebo', 'cmake_prefix_path')
[1.505s] INFO:colcon.colcon_core.shell:Creating environment hook '/root/ros-lab-2/install/ros_gz_gazebo/share/ros_gz_gazebo/hook/cmake_prefix_path.ps1'
[1.506s] INFO:colcon.colcon_core.shell:Creating environment descriptor '/root/ros-lab-2/install/ros_gz_gazebo/share/ros_gz_gazebo/hook/cmake_prefix_path.dsv'
[1.507s] INFO:colcon.colcon_core.shell:Creating environment hook '/root/ros-lab-2/install/ros_gz_gazebo/share/ros_gz_gazebo/hook/cmake_prefix_path.sh'
[1.508s] Level 1:colcon.colcon_core.environment:checking '/root/ros-lab-2/install/ros_gz_gazebo/lib'
[1.508s] Level 1:colcon.colcon_core.environment:checking '/root/ros-lab-2/install/ros_gz_gazebo/bin'
[1.508s] Level 1:colcon.colcon_core.environment:checking '/root/ros-lab-2/install/ros_gz_gazebo/lib/pkgconfig/ros_gz_gazebo.pc'
[1.503s] DEBUG:colcon.colcon_core.event_handler.log_command:Invoked command in '/root/ros-lab-2/build/ros_gz_gazebo' returned '0': CMAKE_PREFIX_PATH=/root/ros-lab-2/install/ros_gz_description:/root/ros-lab-2/install/ros_gz_bringup:/root/ros-lab-2/install/ros_gz_gazebo:/root/ros-lab-2/install/ros_gz_app:/opt/ros/jazzy/opt/gz_sim_vendor:/opt/ros/jazzy/opt/gz_sensors_vendor:/opt/ros/jazzy/opt/gz_physics_vendor:/opt/ros/jazzy/opt/sdformat_vendor:/opt/ros/jazzy/opt/gz_gui_vendor:/opt/ros/jazzy/opt/gz_transport_vendor:/opt/ros/jazzy/opt/gz_rendering_vendor:/opt/ros/jazzy/opt/gz_plugin_vendor:/opt/ros/jazzy/opt/gz_fuel_tools_vendor:/opt/ros/jazzy/opt/gz_msgs_vendor:/opt/ros/jazzy/opt/gz_common_vendor:/opt/ros/jazzy/opt/gz_math_vendor:/opt/ros/jazzy/opt/gz_utils_vendor:/opt/ros/jazzy/opt/gz_tools_vendor:/opt/ros/jazzy/opt/gz_ogre_next_vendor:/opt/ros/jazzy/opt/gz_dartsim_vendor:/opt/ros/jazzy/opt/gz_cmake_vendor:/root/ros-lab-2/install/wall_follow:/opt/ros/jazzy PS1=<ROS2-Jazzy>[\u@\h \W]$ /usr/bin/cmake --install /root/ros-lab-2/build/ros_gz_gazebo
[1.509s] Level 1:colcon.colcon_core.environment:checking '/root/ros-lab-2/install/ros_gz_gazebo/lib/python3.12/site-packages'
[1.509s] Level 1:colcon.colcon_core.environment:checking '/root/ros-lab-2/install/ros_gz_gazebo/bin'
[1.510s] INFO:colcon.colcon_core.shell:Creating package script '/root/ros-lab-2/install/ros_gz_gazebo/share/ros_gz_gazebo/package.ps1'
[1.510s] INFO:colcon.colcon_core.shell:Creating package descriptor '/root/ros-lab-2/install/ros_gz_gazebo/share/ros_gz_gazebo/package.dsv'
[1.511s] INFO:colcon.colcon_core.shell:Creating package script '/root/ros-lab-2/install/ros_gz_gazebo/share/ros_gz_gazebo/package.sh'
[1.511s] INFO:colcon.colcon_core.shell:Creating package script '/root/ros-lab-2/install/ros_gz_gazebo/share/ros_gz_gazebo/package.bash'
[1.512s] INFO:colcon.colcon_core.shell:Creating package script '/root/ros-lab-2/install/ros_gz_gazebo/share/ros_gz_gazebo/package.zsh'
[1.512s] Level 1:colcon.colcon_core.environment:create_file_with_runtime_dependencies(/root/ros-lab-2/install/ros_gz_gazebo/share/colcon-core/packages/ros_gz_gazebo)
[1.513s] Level 1:colcon.colcon_core.environment:create_environment_scripts_only(ros_gz_gazebo)
[1.513s] Level 1:colcon.colcon_core.environment:checking '/root/ros-lab-2/install/ros_gz_gazebo' for CMake module files
[1.514s] Level 1:colcon.colcon_core.environment:checking '/root/ros-lab-2/install/ros_gz_gazebo' for CMake config files
[1.514s] Level 1:colcon.colcon_core.shell:create_environment_hook('ros_gz_gazebo', 'cmake_prefix_path')
[1.514s] INFO:colcon.colcon_core.shell:Creating environment hook '/root/ros-lab-2/install/ros_gz_gazebo/share/ros_gz_gazebo/hook/cmake_prefix_path.ps1'
[1.515s] INFO:colcon.colcon_core.shell:Creating environment descriptor '/root/ros-lab-2/install/ros_gz_gazebo/share/ros_gz_gazebo/hook/cmake_prefix_path.dsv'
[1.516s] INFO:colcon.colcon_core.shell:Creating environment hook '/root/ros-lab-2/install/ros_gz_gazebo/share/ros_gz_gazebo/hook/cmake_prefix_path.sh'
[1.517s] Level 1:colcon.colcon_core.environment:checking '/root/ros-lab-2/install/ros_gz_gazebo/lib'
[1.517s] Level 1:colcon.colcon_core.environment:checking '/root/ros-lab-2/install/ros_gz_gazebo/bin'
[1.517s] Level 1:colcon.colcon_core.environment:checking '/root/ros-lab-2/install/ros_gz_gazebo/lib/pkgconfig/ros_gz_gazebo.pc'
[1.517s] Level 1:colcon.colcon_core.environment:checking '/root/ros-lab-2/install/ros_gz_gazebo/lib/python3.12/site-packages'
[1.518s] Level 1:colcon.colcon_core.environment:checking '/root/ros-lab-2/install/ros_gz_gazebo/bin'
[1.518s] INFO:colcon.colcon_core.shell:Creating package script '/root/ros-lab-2/install/ros_gz_gazebo/share/ros_gz_gazebo/package.ps1'
[1.519s] INFO:colcon.colcon_core.shell:Creating package descriptor '/root/ros-lab-2/install/ros_gz_gazebo/share/ros_gz_gazebo/package.dsv'
[1.520s] INFO:colcon.colcon_core.shell:Creating package script '/root/ros-lab-2/install/ros_gz_gazebo/share/ros_gz_gazebo/package.sh'
[1.521s] INFO:colcon.colcon_core.shell:Creating package script '/root/ros-lab-2/install/ros_gz_gazebo/share/ros_gz_gazebo/package.bash'
[1.521s] INFO:colcon.colcon_core.shell:Creating package script '/root/ros-lab-2/install/ros_gz_gazebo/share/ros_gz_gazebo/package.zsh'
[1.522s] Level 1:colcon.colcon_core.environment:create_file_with_runtime_dependencies(/root/ros-lab-2/install/ros_gz_gazebo/share/colcon-core/packages/ros_gz_gazebo)
[1.522s] INFO:colcon.colcon_ros.task.ament_cmake.build:Building ROS package in '/root/ros-lab-2/ros_gz_bringup' with build type 'ament_cmake'
[1.523s] INFO:colcon.colcon_cmake.task.cmake.build:Building CMake package in '/root/ros-lab-2/ros_gz_bringup'
[1.523s] INFO:colcon.colcon_core.shell:Skip shell extension 'powershell' for command environment: Not usable outside of PowerShell
[1.523s] DEBUG:colcon.colcon_core.shell:Skip shell extension 'dsv' for command environment
[1.550s] DEBUG:colcon.colcon_core.event_handler.log_command:Invoking command in '/root/ros-lab-2/build/ros_gz_bringup': CMAKE_PREFIX_PATH=/root/ros-lab-2/install/ros_gz_gazebo:/root/ros-lab-2/install/ros_gz_description:/root/ros-lab-2/install/ros_gz_bringup:/root/ros-lab-2/install/ros_gz_app:/opt/ros/jazzy/opt/gz_sim_vendor:/opt/ros/jazzy/opt/gz_sensors_vendor:/opt/ros/jazzy/opt/gz_physics_vendor:/opt/ros/jazzy/opt/sdformat_vendor:/opt/ros/jazzy/opt/gz_gui_vendor:/opt/ros/jazzy/opt/gz_transport_vendor:/opt/ros/jazzy/opt/gz_rendering_vendor:/opt/ros/jazzy/opt/gz_plugin_vendor:/opt/ros/jazzy/opt/gz_fuel_tools_vendor:/opt/ros/jazzy/opt/gz_msgs_vendor:/opt/ros/jazzy/opt/gz_common_vendor:/opt/ros/jazzy/opt/gz_math_vendor:/opt/ros/jazzy/opt/gz_utils_vendor:/opt/ros/jazzy/opt/gz_tools_vendor:/opt/ros/jazzy/opt/gz_ogre_next_vendor:/opt/ros/jazzy/opt/gz_dartsim_vendor:/opt/ros/jazzy/opt/gz_cmake_vendor:/root/ros-lab-2/install/wall_follow:/opt/ros/jazzy GZ_SIM_PLUGIN_PATH=/root/ros-lab-2/install/ros_gz_gazebo/lib/ros_gz_gazebo PS1=<ROS2-Jazzy>[\u@\h \W]$ /usr/bin/cmake --build /root/ros-lab-2/build/ros_gz_bringup -- -j16 -l16
[1.620s] DEBUG:colcon.colcon_core.event_handler.log_command:Invoked command in '/root/ros-lab-2/build/ros_gz_bringup' returned '0': CMAKE_PREFIX_PATH=/root/ros-lab-2/install/ros_gz_gazebo:/root/ros-lab-2/install/ros_gz_description:/root/ros-lab-2/install/ros_gz_bringup:/root/ros-lab-2/install/ros_gz_app:/opt/ros/jazzy/opt/gz_sim_vendor:/opt/ros/jazzy/opt/gz_sensors_vendor:/opt/ros/jazzy/opt/gz_physics_vendor:/opt/ros/jazzy/opt/sdformat_vendor:/opt/ros/jazzy/opt/gz_gui_vendor:/opt/ros/jazzy/opt/gz_transport_vendor:/opt/ros/jazzy/opt/gz_rendering_vendor:/opt/ros/jazzy/opt/gz_plugin_vendor:/opt/ros/jazzy/opt/gz_fuel_tools_vendor:/opt/ros/jazzy/opt/gz_msgs_vendor:/opt/ros/jazzy/opt/gz_common_vendor:/opt/ros/jazzy/opt/gz_math_vendor:/opt/ros/jazzy/opt/gz_utils_vendor:/opt/ros/jazzy/opt/gz_tools_vendor:/opt/ros/jazzy/opt/gz_ogre_next_vendor:/opt/ros/jazzy/opt/gz_dartsim_vendor:/opt/ros/jazzy/opt/gz_cmake_vendor:/root/ros-lab-2/install/wall_follow:/opt/ros/jazzy GZ_SIM_PLUGIN_PATH=/root/ros-lab-2/install/ros_gz_gazebo/lib/ros_gz_gazebo PS1=<ROS2-Jazzy>[\u@\h \W]$ /usr/bin/cmake --build /root/ros-lab-2/build/ros_gz_bringup -- -j16 -l16
[1.622s] DEBUG:colcon.colcon_core.event_handler.log_command:Invoking command in '/root/ros-lab-2/build/ros_gz_bringup': CMAKE_PREFIX_PATH=/root/ros-lab-2/install/ros_gz_gazebo:/root/ros-lab-2/install/ros_gz_description:/root/ros-lab-2/install/ros_gz_bringup:/root/ros-lab-2/install/ros_gz_app:/opt/ros/jazzy/opt/gz_sim_vendor:/opt/ros/jazzy/opt/gz_sensors_vendor:/opt/ros/jazzy/opt/gz_physics_vendor:/opt/ros/jazzy/opt/sdformat_vendor:/opt/ros/jazzy/opt/gz_gui_vendor:/opt/ros/jazzy/opt/gz_transport_vendor:/opt/ros/jazzy/opt/gz_rendering_vendor:/opt/ros/jazzy/opt/gz_plugin_vendor:/opt/ros/jazzy/opt/gz_fuel_tools_vendor:/opt/ros/jazzy/opt/gz_msgs_vendor:/opt/ros/jazzy/opt/gz_common_vendor:/opt/ros/jazzy/opt/gz_math_vendor:/opt/ros/jazzy/opt/gz_utils_vendor:/opt/ros/jazzy/opt/gz_tools_vendor:/opt/ros/jazzy/opt/gz_ogre_next_vendor:/opt/ros/jazzy/opt/gz_dartsim_vendor:/opt/ros/jazzy/opt/gz_cmake_vendor:/root/ros-lab-2/install/wall_follow:/opt/ros/jazzy GZ_SIM_PLUGIN_PATH=/root/ros-lab-2/install/ros_gz_gazebo/lib/ros_gz_gazebo PS1=<ROS2-Jazzy>[\u@\h \W]$ /usr/bin/cmake --install /root/ros-lab-2/build/ros_gz_bringup
[1.642s] Level 1:colcon.colcon_core.environment:create_environment_scripts_only(ros_gz_bringup)
[1.643s] Level 1:colcon.colcon_core.environment:checking '/root/ros-lab-2/install/ros_gz_bringup' for CMake module files
[1.644s] DEBUG:colcon.colcon_core.event_handler.log_command:Invoked command in '/root/ros-lab-2/build/ros_gz_bringup' returned '0': CMAKE_PREFIX_PATH=/root/ros-lab-2/install/ros_gz_gazebo:/root/ros-lab-2/install/ros_gz_description:/root/ros-lab-2/install/ros_gz_bringup:/root/ros-lab-2/install/ros_gz_app:/opt/ros/jazzy/opt/gz_sim_vendor:/opt/ros/jazzy/opt/gz_sensors_vendor:/opt/ros/jazzy/opt/gz_physics_vendor:/opt/ros/jazzy/opt/sdformat_vendor:/opt/ros/jazzy/opt/gz_gui_vendor:/opt/ros/jazzy/opt/gz_transport_vendor:/opt/ros/jazzy/opt/gz_rendering_vendor:/opt/ros/jazzy/opt/gz_plugin_vendor:/opt/ros/jazzy/opt/gz_fuel_tools_vendor:/opt/ros/jazzy/opt/gz_msgs_vendor:/opt/ros/jazzy/opt/gz_common_vendor:/opt/ros/jazzy/opt/gz_math_vendor:/opt/ros/jazzy/opt/gz_utils_vendor:/opt/ros/jazzy/opt/gz_tools_vendor:/opt/ros/jazzy/opt/gz_ogre_next_vendor:/opt/ros/jazzy/opt/gz_dartsim_vendor:/opt/ros/jazzy/opt/gz_cmake_vendor:/root/ros-lab-2/install/wall_follow:/opt/ros/jazzy GZ_SIM_PLUGIN_PATH=/root/ros-lab-2/install/ros_gz_gazebo/lib/ros_gz_gazebo PS1=<ROS2-Jazzy>[\u@\h \W]$ /usr/bin/cmake --install /root/ros-lab-2/build/ros_gz_bringup
[1.645s] Level 1:colcon.colcon_core.environment:checking '/root/ros-lab-2/install/ros_gz_bringup' for CMake config files
[1.646s] Level 1:colcon.colcon_core.shell:create_environment_hook('ros_gz_bringup', 'cmake_prefix_path')
[1.646s] INFO:colcon.colcon_core.shell:Creating environment hook '/root/ros-lab-2/install/ros_gz_bringup/share/ros_gz_bringup/hook/cmake_prefix_path.ps1'
[1.647s] INFO:colcon.colcon_core.shell:Creating environment descriptor '/root/ros-lab-2/install/ros_gz_bringup/share/ros_gz_bringup/hook/cmake_prefix_path.dsv'
[1.648s] INFO:colcon.colcon_core.shell:Creating environment hook '/root/ros-lab-2/install/ros_gz_bringup/share/ros_gz_bringup/hook/cmake_prefix_path.sh'
[1.649s] Level 1:colcon.colcon_core.environment:checking '/root/ros-lab-2/install/ros_gz_bringup/bin'
[1.649s] Level 1:colcon.colcon_core.environment:checking '/root/ros-lab-2/install/ros_gz_bringup/lib/pkgconfig/ros_gz_bringup.pc'
[1.650s] Level 1:colcon.colcon_core.environment:checking '/root/ros-lab-2/install/ros_gz_bringup/lib/python3.12/site-packages'
[1.651s] Level 1:colcon.colcon_core.environment:checking '/root/ros-lab-2/install/ros_gz_bringup/bin'
[1.652s] INFO:colcon.colcon_core.shell:Creating package script '/root/ros-lab-2/install/ros_gz_bringup/share/ros_gz_bringup/package.ps1'
[1.653s] INFO:colcon.colcon_core.shell:Creating package descriptor '/root/ros-lab-2/install/ros_gz_bringup/share/ros_gz_bringup/package.dsv'
[1.655s] INFO:colcon.colcon_core.shell:Creating package script '/root/ros-lab-2/install/ros_gz_bringup/share/ros_gz_bringup/package.sh'
[1.656s] INFO:colcon.colcon_core.shell:Creating package script '/root/ros-lab-2/install/ros_gz_bringup/share/ros_gz_bringup/package.bash'
[1.657s] INFO:colcon.colcon_core.shell:Creating package script '/root/ros-lab-2/install/ros_gz_bringup/share/ros_gz_bringup/package.zsh'
[1.657s] Level 1:colcon.colcon_core.environment:create_file_with_runtime_dependencies(/root/ros-lab-2/install/ros_gz_bringup/share/colcon-core/packages/ros_gz_bringup)
[1.659s] Level 1:colcon.colcon_core.environment:create_environment_scripts_only(ros_gz_bringup)
[1.659s] Level 1:colcon.colcon_core.environment:checking '/root/ros-lab-2/install/ros_gz_bringup' for CMake module files
[1.661s] Level 1:colcon.colcon_core.environment:checking '/root/ros-lab-2/install/ros_gz_bringup' for CMake config files
[1.661s] Level 1:colcon.colcon_core.shell:create_environment_hook('ros_gz_bringup', 'cmake_prefix_path')
[1.662s] INFO:colcon.colcon_core.shell:Creating environment hook '/root/ros-lab-2/install/ros_gz_bringup/share/ros_gz_bringup/hook/cmake_prefix_path.ps1'
[1.663s] INFO:colcon.colcon_core.shell:Creating environment descriptor '/root/ros-lab-2/install/ros_gz_bringup/share/ros_gz_bringup/hook/cmake_prefix_path.dsv'
[1.663s] INFO:colcon.colcon_core.shell:Creating environment hook '/root/ros-lab-2/install/ros_gz_bringup/share/ros_gz_bringup/hook/cmake_prefix_path.sh'
[1.664s] Level 1:colcon.colcon_core.environment:checking '/root/ros-lab-2/install/ros_gz_bringup/bin'
[1.665s] Level 1:colcon.colcon_core.environment:checking '/root/ros-lab-2/install/ros_gz_bringup/lib/pkgconfig/ros_gz_bringup.pc'
[1.665s] Level 1:colcon.colcon_core.environment:checking '/root/ros-lab-2/install/ros_gz_bringup/lib/python3.12/site-packages'
[1.665s] Level 1:colcon.colcon_core.environment:checking '/root/ros-lab-2/install/ros_gz_bringup/bin'
[1.666s] INFO:colcon.colcon_core.shell:Creating package script '/root/ros-lab-2/install/ros_gz_bringup/share/ros_gz_bringup/package.ps1'
[1.667s] INFO:colcon.colcon_core.shell:Creating package descriptor '/root/ros-lab-2/install/ros_gz_bringup/share/ros_gz_bringup/package.dsv'
[1.668s] INFO:colcon.colcon_core.shell:Creating package script '/root/ros-lab-2/install/ros_gz_bringup/share/ros_gz_bringup/package.sh'
[1.669s] INFO:colcon.colcon_core.shell:Creating package script '/root/ros-lab-2/install/ros_gz_bringup/share/ros_gz_bringup/package.bash'
[1.670s] INFO:colcon.colcon_core.shell:Creating package script '/root/ros-lab-2/install/ros_gz_bringup/share/ros_gz_bringup/package.zsh'
[1.674s] Level 1:colcon.colcon_core.environment:create_file_with_runtime_dependencies(/root/ros-lab-2/install/ros_gz_bringup/share/colcon-core/packages/ros_gz_bringup)
[2.471s] DEBUG:colcon.colcon_core.event_handler.log_command:Invoking command in '/root/ros-lab-2/src/wall_follow': PS1=<ROS2-Jazzy>[\u@\h \W]$ PYTHONPATH=/root/ros-lab-2/build/wall_follow/prefix_override:/usr/lib/python3/dist-packages/colcon_core/task/python/colcon_distutils_commands:/root/ros-lab-2/install/wall_follow/lib/python3.12/site-packages:${PYTHONPATH} /usr/bin/python3 -W ignore:setup.py install is deprecated -W ignore:easy_install command is deprecated setup.py egg_info --egg-base ../../build/wall_follow build --build-base /root/ros-lab-2/build/wall_follow/build install --record /root/ros-lab-2/build/wall_follow/install.log --single-version-externally-managed install_data
[3.640s] Level 1:colcon.colcon_core.environment:checking '/root/ros-lab-2/install/wall_follow' for CMake module files
[3.642s] Level 1:colcon.colcon_core.environment:checking '/root/ros-lab-2/install/wall_follow' for CMake config files
[3.643s] Level 1:colcon.colcon_core.environment:checking '/root/ros-lab-2/install/wall_follow/lib'
[3.643s] Level 1:colcon.colcon_core.environment:checking '/root/ros-lab-2/install/wall_follow/bin'
[3.643s] Level 1:colcon.colcon_core.environment:checking '/root/ros-lab-2/install/wall_follow/lib/pkgconfig/wall_follow.pc'
[3.643s] Level 1:colcon.colcon_core.environment:checking '/root/ros-lab-2/install/wall_follow/lib/python3.12/site-packages'
[3.644s] Level 1:colcon.colcon_core.shell:create_environment_hook('wall_follow', 'pythonpath')
[3.644s] INFO:colcon.colcon_core.shell:Creating environment hook '/root/ros-lab-2/install/wall_follow/share/wall_follow/hook/pythonpath.ps1'
[3.646s] INFO:colcon.colcon_core.shell:Creating environment descriptor '/root/ros-lab-2/install/wall_follow/share/wall_follow/hook/pythonpath.dsv'
[3.646s] INFO:colcon.colcon_core.shell:Creating environment hook '/root/ros-lab-2/install/wall_follow/share/wall_follow/hook/pythonpath.sh'
[3.647s] Level 1:colcon.colcon_core.environment:checking '/root/ros-lab-2/install/wall_follow/bin'
[3.648s] Level 1:colcon.colcon_core.environment:create_environment_scripts_only(wall_follow)
[3.648s] INFO:colcon.colcon_core.shell:Creating package script '/root/ros-lab-2/install/wall_follow/share/wall_follow/package.ps1'
[3.650s] DEBUG:colcon.colcon_core.event_handler.log_command:Invoked command in '/root/ros-lab-2/src/wall_follow' returned '0': PS1=<ROS2-Jazzy>[\u@\h \W]$ PYTHONPATH=/root/ros-lab-2/build/wall_follow/prefix_override:/usr/lib/python3/dist-packages/colcon_core/task/python/colcon_distutils_commands:/root/ros-lab-2/install/wall_follow/lib/python3.12/site-packages:${PYTHONPATH} /usr/bin/python3 -W ignore:setup.py install is deprecated -W ignore:easy_install command is deprecated setup.py egg_info --egg-base ../../build/wall_follow build --build-base /root/ros-lab-2/build/wall_follow/build install --record /root/ros-lab-2/build/wall_follow/install.log --single-version-externally-managed install_data
[3.651s] INFO:colcon.colcon_core.shell:Creating package descriptor '/root/ros-lab-2/install/wall_follow/share/wall_follow/package.dsv'
[3.652s] INFO:colcon.colcon_core.shell:Creating package script '/root/ros-lab-2/install/wall_follow/share/wall_follow/package.sh'
[3.653s] INFO:colcon.colcon_core.shell:Creating package script '/root/ros-lab-2/install/wall_follow/share/wall_follow/package.bash'
[3.654s] INFO:colcon.colcon_core.shell:Creating package script '/root/ros-lab-2/install/wall_follow/share/wall_follow/package.zsh'
[3.654s] Level 1:colcon.colcon_core.environment:create_file_with_runtime_dependencies(/root/ros-lab-2/install/wall_follow/share/colcon-core/packages/wall_follow)
[3.656s] DEBUG:colcon.colcon_parallel_executor.executor.parallel:closing loop
[3.656s] DEBUG:colcon.colcon_parallel_executor.executor.parallel:loop closed
[3.657s] DEBUG:colcon.colcon_parallel_executor.executor.parallel:run_until_complete finished with '0'
[3.657s] DEBUG:colcon.colcon_core.event_reactor:joining thread
[3.672s] INFO:colcon.colcon_core.plugin_system:Skipping extension 'colcon_notification.desktop_notification.notify_send': Could not find 'notify-send'
[3.673s] INFO:colcon.colcon_core.plugin_system:Skipping extension 'colcon_notification.desktop_notification.terminal_notifier': Not used on non-Darwin systems
[3.673s] INFO:colcon.colcon_core.plugin_system:Skipping extension 'colcon_notification.desktop_notification.win32': Not used on non-Windows systems
[3.673s] INFO:colcon.colcon_notification.desktop_notification:Sending desktop notification using 'notify2'
[3.680s] DEBUG:colcon.colcon_notification.desktop_notification.notify2:Failed to initialize notify2: org.freedesktop.DBus.Error.Spawn.ExecFailed: /usr/bin/dbus-launch terminated abnormally without any error message
[3.682s] DEBUG:colcon.colcon_core.event_reactor:joined thread
[3.683s] INFO:colcon.colcon_core.shell:Creating prefix script '/root/ros-lab-2/install/local_setup.ps1'
[3.687s] INFO:colcon.colcon_core.shell:Creating prefix util module '/root/ros-lab-2/install/_local_setup_util_ps1.py'
[3.690s] INFO:colcon.colcon_core.shell:Creating prefix chain script '/root/ros-lab-2/install/setup.ps1'
[3.693s] INFO:colcon.colcon_core.shell:Creating prefix script '/root/ros-lab-2/install/local_setup.sh'
[3.694s] INFO:colcon.colcon_core.shell:Creating prefix util module '/root/ros-lab-2/install/_local_setup_util_sh.py'
[3.695s] INFO:colcon.colcon_core.shell:Creating prefix chain script '/root/ros-lab-2/install/setup.sh'
[3.697s] INFO:colcon.colcon_core.shell:Creating prefix script '/root/ros-lab-2/install/local_setup.bash'
[3.698s] INFO:colcon.colcon_core.shell:Creating prefix chain script '/root/ros-lab-2/install/setup.bash'
[3.700s] INFO:colcon.colcon_core.shell:Creating prefix script '/root/ros-lab-2/install/local_setup.zsh'
[3.701s] INFO:colcon.colcon_core.shell:Creating prefix chain script '/root/ros-lab-2/install/setup.zsh'
