[0.034s] Invoking command in '/root/ros-lab-2/build/ros_gz_gazebo': AMENT_PREFIX_PATH=/root/ros-lab-2/install/ros_gz_description:${AMENT_PREFIX_PATH} CMAKE_PREFIX_PATH=/root/ros-lab-2/install/ros_gz_description:/opt/ros/jazzy/opt/gz_sim_vendor:/opt/ros/jazzy/opt/gz_sensors_vendor:/opt/ros/jazzy/opt/gz_physics_vendor:/opt/ros/jazzy/opt/sdformat_vendor:/opt/ros/jazzy/opt/gz_gui_vendor:/opt/ros/jazzy/opt/gz_transport_vendor:/opt/ros/jazzy/opt/gz_rendering_vendor:/opt/ros/jazzy/opt/gz_plugin_vendor:/opt/ros/jazzy/opt/gz_fuel_tools_vendor:/opt/ros/jazzy/opt/gz_msgs_vendor:/opt/ros/jazzy/opt/gz_common_vendor:/opt/ros/jazzy/opt/gz_math_vendor:/opt/ros/jazzy/opt/gz_utils_vendor:/opt/ros/jazzy/opt/gz_tools_vendor:/opt/ros/jazzy/opt/gz_ogre_next_vendor:/opt/ros/jazzy/opt/gz_dartsim_vendor:/opt/ros/jazzy/opt/gz_cmake_vendor:/opt/ros/jazzy GZ_SIM_RESOURCE_PATH=/root/ros-lab-2/install/ros_gz_description/share/ros_gz_description/models PS1=<ROS2-Jazzy>[\u@\h \W]$ /usr/bin/cmake /root/ros-lab-2/ros_gz_gazebo -DCMAKE_INSTALL_PREFIX=/root/ros-lab-2/install/ros_gz_gazebo
[0.064s] -- Found ament_cmake: 2.5.3 (/opt/ros/jazzy/share/ament_cmake/cmake)
[0.507s] -- Found ros_gz_description: 0.0.0 (/root/ros-lab-2/install/ros_gz_description/share/ros_gz_description/cmake)
[0.548s] -- Looking for gz-plugin2 -- found version 2.0.4
[0.552s] -- Searching for dependencies of gz-plugin2
[0.557s] -- Looking for gz-utils2 -- found version 2.2.1
[0.557s] -- Searching for dependencies of gz-utils2
[0.558s] -- Searching for <gz-utils2> component [cli]
[0.560s] -- Looking for gz-utils2-cli -- found version 2.2.1
[0.560s] -- Searching for dependencies of gz-utils2-cli
[0.565s] -- Searching for <gz-plugin2> component [register]
[0.569s] -- Looking for gz-plugin2-register -- found version 2.0.4
[0.569s] -- Searching for dependencies of gz-plugin2-register
[0.574s] -- Looking for gz-common5 -- found version 5.7.1
[0.574s] -- Searching for dependencies of gz-common5
[0.574s] -- Looking for gz-utils2 -- found version 2.2.1
[0.577s] -- Looking for dlfcn.h - found
[0.577s] -- Looking for libdl - found
[0.609s] -- Checking for module 'uuid'
[0.655s] --   Found uuid, version 2.39.3
[0.711s] -- Searching for <gz-common5> component [profiler]
[0.713s] -- Looking for gz-common5-profiler -- found version 5.7.1
[0.714s] -- Searching for dependencies of gz-common5-profiler
[0.724s] -- Looking for gz-sim8 -- found version 8.9.0
[0.725s] -- Searching for dependencies of gz-sim8
[0.731s] -- Looking for sdformat14 -- found version 14.7.0
[0.731s] -- Searching for dependencies of sdformat14
[0.743s] -- Checking for module 'tinyxml2'
[0.775s] --   Found tinyxml2, version 10.0.0
[0.839s] -- Looking for gz-math7 -- found version 7.5.2
[0.839s] -- Searching for dependencies of gz-math7
[0.840s] -- Looking for gz-utils2 -- found version 2.2.1
[0.842s] -- Looking for gz-utils2 -- found version 2.2.1
[0.847s] -- Looking for gz-plugin2 -- found version 2.0.4
[0.848s] -- Searching for dependencies of gz-plugin2
[0.848s] -- Looking for gz-utils2 -- found version 2.2.1
[0.849s] -- Searching for <gz-plugin2> component [loader]
[0.855s] -- Looking for gz-plugin2-loader -- found version 2.0.4
[0.855s] -- Searching for dependencies of gz-plugin2-loader
[0.856s] -- Searching for <gz-plugin2> component [register]
[0.860s] -- Looking for gz-transport13 -- found version 13.4.1
[0.861s] -- Searching for dependencies of gz-transport13
[1.141s] -- Config-file not installed for ZeroMQ -- checking for pkg-config
[1.148s] -- Checking for module 'libzmq >= 4'
[1.187s] --   Found libzmq, version 4.3.5
[1.315s] -- Looking for gz-utils2 -- found version 2.2.1
[1.319s] -- Looking for gz-msgs10 -- found version 10.3.2
[1.320s] -- Searching for dependencies of gz-msgs10
[1.387s] -- Looking for gz-utils2 -- found version 2.2.1
[1.387s] -- Looking for gz-math7 -- found version 7.5.2
[1.407s] -- Searching for <gz-transport13> component [log]
[1.410s] -- Looking for gz-transport13-log -- found version 13.4.1
[1.411s] -- Searching for dependencies of gz-transport13-log
[1.412s] -- Searching for <gz-transport13> component [parameters]
[1.413s] -- Looking for gz-transport13-parameters -- found version 13.4.1
[1.413s] -- Searching for dependencies of gz-transport13-parameters
[1.415s] -- Looking for gz-msgs10 -- found version 10.3.2
[1.416s] -- Looking for gz-common5 -- found version 5.7.1
[1.416s] -- Searching for dependencies of gz-common5
[1.417s] -- Looking for gz-utils2 -- found version 2.2.1
[1.417s] -- Looking for dlfcn.h - found
[1.418s] -- Looking for libdl - found
[1.434s] -- Searching for <gz-common5> component [av]
[1.438s] -- Looking for gz-common5-av -- found version 5.7.1
[1.439s] -- Searching for dependencies of gz-common5-av
[1.451s] -- Checking for module 'libswscale'
[1.495s] --   Found libswscale, version 7.5.100
[1.558s] -- Checking for module 'libavdevice >= 56.4.100'
[1.592s] --   Found libavdevice, version 60.3.100
[1.716s] -- Checking for module 'libavformat'
[1.743s] --   Found libavformat, version 60.16.100
[1.831s] -- Checking for module 'libavcodec'
[1.860s] --   Found libavcodec, version 60.31.102
[1.931s] -- Checking for module 'libavutil'
[1.958s] --   Found libavutil, version 58.29.100
[2.026s] -- Searching for <gz-common5> component [events]
[2.028s] -- Looking for gz-common5-events -- found version 5.7.1
[2.028s] -- Searching for dependencies of gz-common5-events
[2.029s] -- Looking for gz-math7 -- found version 7.5.2
[2.030s] -- Searching for <gz-common5> component [graphics]
[2.031s] -- Looking for gz-common5-graphics -- found version 5.7.1
[2.031s] -- Searching for dependencies of gz-common5-graphics
[2.032s] -- Looking for gz-math7 -- found version 7.5.2
[2.043s] -- Searching for <gz-common5> component [io]
[2.046s] -- Looking for gz-common5-io -- found version 5.7.1
[2.047s] -- Searching for dependencies of gz-common5-io
[2.047s] -- Searching for <gz-common5> component [profiler]
[2.059s] -- Looking for gz-fuel_tools9 -- found version 9.1.1
[2.059s] -- Searching for dependencies of gz-fuel_tools9
[2.253s] -- Checking for module 'jsoncpp'
[2.286s] --   Found jsoncpp, version 1.9.5
[2.424s] -- Checking for module 'yaml-0.1'
[2.462s] --   Found yaml-0.1, version 0.2.5
[2.522s] -- Checking for module 'libzip'
[2.549s] --   Found libzip, version 1.7.3
[2.603s] -- Looking for gz-utils2 -- found version 2.2.1
[2.604s] -- Looking for gz-common5 -- found version 5.7.1
[2.604s] -- Searching for dependencies of gz-common5
[2.605s] -- Looking for gz-utils2 -- found version 2.2.1
[2.605s] -- Looking for dlfcn.h - found
[2.606s] -- Looking for libdl - found
[2.620s] -- Searching for <gz-common5> component [testing]
[2.626s] -- Looking for gz-common5-testing -- found version 5.7.1
[2.626s] -- Searching for dependencies of gz-common5-testing
[2.626s] -- Looking for gz-math7 -- found version 7.5.2
[2.627s] -- Looking for gz-msgs10 -- found version 10.3.2
[2.634s] -- Looking for gz-gui8 -- found version 8.4.0
[2.634s] -- Searching for dependencies of gz-gui8
[2.724s] -- Looking for gz-utils2 -- found version 2.2.1
[2.725s] -- Looking for gz-math7 -- found version 7.5.2
[2.726s] -- Looking for gz-common5 -- found version 5.7.1
[2.727s] -- Looking for gz-plugin2 -- found version 2.0.4
[2.728s] -- Looking for gz-transport13 -- found version 13.4.1
[2.736s] -- Looking for gz-rendering8 -- found version 8.2.2
[2.738s] -- Searching for dependencies of gz-rendering8
[2.738s] -- Looking for gz-math7 -- found version 7.5.2
[2.738s] -- Searching for dependencies of gz-math7
[2.739s] -- Looking for gz-utils2 -- found version 2.2.1
[2.740s] -- Searching for <gz-math7> component [eigen3]
[2.744s] -- Looking for gz-math7-eigen3 -- found version 7.5.2
[2.744s] -- Searching for dependencies of gz-math7-eigen3
[2.754s] -- Looking for gz-common5 -- found version 5.7.1
[2.754s] -- Searching for dependencies of gz-common5
[2.755s] -- Looking for gz-utils2 -- found version 2.2.1
[2.755s] -- Looking for dlfcn.h - found
[2.756s] -- Looking for libdl - found
[2.771s] -- Searching for <gz-common5> component [graphics]
[2.771s] -- Searching for <gz-common5> component [events]
[2.771s] -- Searching for <gz-common5> component [geospatial]
[2.776s] -- Looking for gz-common5-geospatial -- found version 5.7.1
[2.776s] -- Searching for dependencies of gz-common5-geospatial
[2.777s] -- Looking for gz-math7 -- found version 7.5.2
[2.779s] -- Looking for gz-common5 -- found version 5.7.1
[2.786s] -- Looking for gz-plugin2 -- found version 2.0.4
[2.787s] -- Searching for dependencies of gz-plugin2
[2.787s] -- Looking for gz-utils2 -- found version 2.2.1
[2.788s] -- Searching for <gz-plugin2> component [all]
[2.793s] -- Looking for all libraries of gz-plugin2 -- found version 2.0.4
[2.794s] -- Looking for gz-plugin2 -- found version 2.0.4
[2.796s] -- Looking for gz-utils2 -- found version 2.2.1
[2.829s] -- Looking for gz-msgs10 -- found version 10.3.2
[2.928s] -- Looking for gz-physics7 -- found version 7.5.0
[2.930s] -- Searching for dependencies of gz-physics7
[2.930s] -- Looking for gz-common5 -- found version 5.7.1
[2.931s] -- Looking for gz-math7 -- found version 7.5.2
[2.932s] -- Looking for gz-plugin2 -- found version 2.0.4
[2.933s] -- Looking for gz-utils2 -- found version 2.2.1
[2.936s] -- Searching for <gz-physics7> component [heightmap]
[2.937s] -- Looking for gz-physics7-heightmap -- found version 7.5.0
[2.937s] -- Searching for dependencies of gz-physics7-heightmap
[2.938s] -- Looking for gz-common5 -- found version 5.7.1
[2.939s] -- Searching for <gz-physics7> component [mesh]
[2.942s] -- Looking for gz-physics7-mesh -- found version 7.5.0
[2.942s] -- Searching for dependencies of gz-physics7-mesh
[2.943s] -- Looking for gz-common5 -- found version 5.7.1
[2.945s] -- Searching for <gz-physics7> component [sdf]
[2.946s] -- Looking for gz-physics7-sdf -- found version 7.5.0
[2.947s] -- Searching for dependencies of gz-physics7-sdf
[2.948s] -- Looking for sdformat14 -- found version 14.7.0
[2.953s] -- Looking for gz-sensors8 -- found version 8.2.2
[2.954s] -- Searching for dependencies of gz-sensors8
[3.052s] -- Looking for gz-math7 -- found version 7.5.2
[3.053s] -- Looking for gz-common5 -- found version 5.7.1
[3.056s] -- Looking for gz-transport13 -- found version 13.4.1
[3.058s] -- Looking for gz-rendering8 -- found version 8.2.2
[3.059s] -- Looking for gz-msgs10 -- found version 10.3.2
[3.062s] -- Looking for sdformat14 -- found version 14.7.0
[3.069s] -- Searching for <gz-sensors8> component [air_pressure]
[3.071s] -- Looking for gz-sensors8-air_pressure -- found version 8.2.2
[3.071s] -- Searching for dependencies of gz-sensors8-air_pressure
[3.072s] -- Searching for <gz-sensors8> component [air_speed]
[3.074s] -- Looking for gz-sensors8-air_speed -- found version 8.2.2
[3.075s] -- Searching for dependencies of gz-sensors8-air_speed
[3.079s] -- Searching for <gz-sensors8> component [altimeter]
[3.081s] -- Looking for gz-sensors8-altimeter -- found version 8.2.2
[3.081s] -- Searching for dependencies of gz-sensors8-altimeter
[3.083s] -- Searching for <gz-sensors8> component [imu]
[3.084s] -- Looking for gz-sensors8-imu -- found version 8.2.2
[3.085s] -- Searching for dependencies of gz-sensors8-imu
[3.086s] -- Searching for <gz-sensors8> component [force_torque]
[3.087s] -- Looking for gz-sensors8-force_torque -- found version 8.2.2
[3.087s] -- Searching for dependencies of gz-sensors8-force_torque
[3.088s] -- Searching for <gz-sensors8> component [logical_camera]
[3.090s] -- Looking for gz-sensors8-logical_camera -- found version 8.2.2
[3.090s] -- Searching for dependencies of gz-sensors8-logical_camera
[3.091s] -- Searching for <gz-sensors8> component [magnetometer]
[3.094s] -- Looking for gz-sensors8-magnetometer -- found version 8.2.2
[3.095s] -- Searching for dependencies of gz-sensors8-magnetometer
[3.097s] -- Searching for <gz-sensors8> component [navsat]
[3.100s] -- Looking for gz-sensors8-navsat -- found version 8.2.2
[3.101s] -- Searching for dependencies of gz-sensors8-navsat
[3.101s] -- Searching for <gz-sensors8> component [dvl]
[3.102s] -- Looking for gz-sensors8-dvl -- found version 8.2.2
[3.103s] -- Searching for dependencies of gz-sensors8-dvl
[3.104s] -- Looking for gz-sensors8 -- found version 8.2.2
[3.104s] -- Searching for dependencies of gz-sensors8
[3.186s] -- Looking for gz-math7 -- found version 7.5.2
[3.187s] -- Looking for gz-common5 -- found version 5.7.1
[3.188s] -- Looking for gz-transport13 -- found version 13.4.1
[3.189s] -- Looking for gz-rendering8 -- found version 8.2.2
[3.190s] -- Looking for gz-msgs10 -- found version 10.3.2
[3.191s] -- Looking for sdformat14 -- found version 14.7.0
[3.192s] -- Searching for <gz-sensors8> component [rendering]
[3.196s] -- Looking for gz-sensors8-rendering -- found version 8.2.2
[3.197s] -- Searching for dependencies of gz-sensors8-rendering
[3.199s] -- Searching for <gz-sensors8> component [rendering]
[3.200s] -- Searching for <gz-sensors8> component [lidar]
[3.200s] -- Looking for gz-sensors8-lidar -- found version 8.2.2
[3.201s] -- Searching for dependencies of gz-sensors8-lidar
[3.202s] -- Looking for gz-sensors8 -- found version 8.2.2
[3.203s] -- Searching for <gz-sensors8> component [gpu_lidar]
[3.204s] -- Looking for gz-sensors8-gpu_lidar -- found version 8.2.2
[3.205s] -- Searching for dependencies of gz-sensors8-gpu_lidar
[3.205s] -- Looking for gz-sensors8 -- found version 8.2.2
[3.207s] -- Searching for <gz-sensors8> component [camera]
[3.208s] -- Looking for gz-sensors8-camera -- found version 8.2.2
[3.209s] -- Searching for dependencies of gz-sensors8-camera
[3.209s] -- Looking for gz-sensors8 -- found version 8.2.2
[3.211s] -- Searching for <gz-sensors8> component [boundingbox_camera]
[3.212s] -- Looking for gz-sensors8-boundingbox_camera -- found version 8.2.2
[3.212s] -- Searching for dependencies of gz-sensors8-boundingbox_camera
[3.213s] -- Searching for <gz-sensors8> component [segmentation_camera]
[3.218s] -- Looking for gz-sensors8-segmentation_camera -- found version 8.2.2
[3.219s] -- Searching for dependencies of gz-sensors8-segmentation_camera
[3.221s] -- Searching for <gz-sensors8> component [depth_camera]
[3.221s] -- Looking for gz-sensors8-depth_camera -- found version 8.2.2
[3.221s] -- Searching for dependencies of gz-sensors8-depth_camera
[3.221s] -- Looking for gz-sensors8 -- found version 8.2.2
[3.222s] -- Searching for <gz-sensors8> component [rgbd_camera]
[3.222s] -- Looking for gz-sensors8-rgbd_camera -- found version 8.2.2
[3.223s] -- Searching for dependencies of gz-sensors8-rgbd_camera
[3.223s] -- Looking for gz-sensors8 -- found version 8.2.2
[3.226s] -- Searching for <gz-sensors8> component [thermal_camera]
[3.228s] -- Looking for gz-sensors8-thermal_camera -- found version 8.2.2
[3.229s] -- Searching for dependencies of gz-sensors8-thermal_camera
[3.232s] -- Looking for gz-sensors8 -- found version 8.2.2
[3.234s] -- Searching for <gz-sensors8> component [wide_angle_camera]
[3.235s] -- Looking for gz-sensors8-wide_angle_camera -- found version 8.2.2
[3.235s] -- Searching for dependencies of gz-sensors8-wide_angle_camera
[3.237s] -- Looking for gz-rendering8 -- found version 8.2.2
[3.238s] -- Looking for gz-math7 -- found version 7.5.2
[3.239s] -- Looking for gz-utils2 -- found version 2.2.1
[3.315s] -- Compiling against Gazebo Harmonic
[3.321s] -- Found ament_lint_auto: 0.17.2 (/opt/ros/jazzy/share/ament_lint_auto/cmake)
[3.508s] -- Configuring done (3.5s)
[3.693s] -- Generating done (0.2s)
[3.703s] -- Build files have been written to: /root/ros-lab-2/build/ros_gz_gazebo
[3.718s] Invoked command in '/root/ros-lab-2/build/ros_gz_gazebo' returned '0': AMENT_PREFIX_PATH=/root/ros-lab-2/install/ros_gz_description:${AMENT_PREFIX_PATH} CMAKE_PREFIX_PATH=/root/ros-lab-2/install/ros_gz_description:/opt/ros/jazzy/opt/gz_sim_vendor:/opt/ros/jazzy/opt/gz_sensors_vendor:/opt/ros/jazzy/opt/gz_physics_vendor:/opt/ros/jazzy/opt/sdformat_vendor:/opt/ros/jazzy/opt/gz_gui_vendor:/opt/ros/jazzy/opt/gz_transport_vendor:/opt/ros/jazzy/opt/gz_rendering_vendor:/opt/ros/jazzy/opt/gz_plugin_vendor:/opt/ros/jazzy/opt/gz_fuel_tools_vendor:/opt/ros/jazzy/opt/gz_msgs_vendor:/opt/ros/jazzy/opt/gz_common_vendor:/opt/ros/jazzy/opt/gz_math_vendor:/opt/ros/jazzy/opt/gz_utils_vendor:/opt/ros/jazzy/opt/gz_tools_vendor:/opt/ros/jazzy/opt/gz_ogre_next_vendor:/opt/ros/jazzy/opt/gz_dartsim_vendor:/opt/ros/jazzy/opt/gz_cmake_vendor:/opt/ros/jazzy GZ_SIM_RESOURCE_PATH=/root/ros-lab-2/install/ros_gz_description/share/ros_gz_description/models PS1=<ROS2-Jazzy>[\u@\h \W]$ /usr/bin/cmake /root/ros-lab-2/ros_gz_gazebo -DCMAKE_INSTALL_PREFIX=/root/ros-lab-2/install/ros_gz_gazebo
[3.718s] Invoking command in '/root/ros-lab-2/build/ros_gz_gazebo': AMENT_PREFIX_PATH=/root/ros-lab-2/install/ros_gz_description:${AMENT_PREFIX_PATH} CMAKE_PREFIX_PATH=/root/ros-lab-2/install/ros_gz_description:/opt/ros/jazzy/opt/gz_sim_vendor:/opt/ros/jazzy/opt/gz_sensors_vendor:/opt/ros/jazzy/opt/gz_physics_vendor:/opt/ros/jazzy/opt/sdformat_vendor:/opt/ros/jazzy/opt/gz_gui_vendor:/opt/ros/jazzy/opt/gz_transport_vendor:/opt/ros/jazzy/opt/gz_rendering_vendor:/opt/ros/jazzy/opt/gz_plugin_vendor:/opt/ros/jazzy/opt/gz_fuel_tools_vendor:/opt/ros/jazzy/opt/gz_msgs_vendor:/opt/ros/jazzy/opt/gz_common_vendor:/opt/ros/jazzy/opt/gz_math_vendor:/opt/ros/jazzy/opt/gz_utils_vendor:/opt/ros/jazzy/opt/gz_tools_vendor:/opt/ros/jazzy/opt/gz_ogre_next_vendor:/opt/ros/jazzy/opt/gz_dartsim_vendor:/opt/ros/jazzy/opt/gz_cmake_vendor:/opt/ros/jazzy GZ_SIM_RESOURCE_PATH=/root/ros-lab-2/install/ros_gz_description/share/ros_gz_description/models PS1=<ROS2-Jazzy>[\u@\h \W]$ /usr/bin/cmake --build /root/ros-lab-2/build/ros_gz_gazebo -- -j16 -l16
[3.862s] [ 50%] Built target BasicSystem
[3.863s] [100%] Built target FullSystem
[3.882s] Invoked command in '/root/ros-lab-2/build/ros_gz_gazebo' returned '0': AMENT_PREFIX_PATH=/root/ros-lab-2/install/ros_gz_description:${AMENT_PREFIX_PATH} CMAKE_PREFIX_PATH=/root/ros-lab-2/install/ros_gz_description:/opt/ros/jazzy/opt/gz_sim_vendor:/opt/ros/jazzy/opt/gz_sensors_vendor:/opt/ros/jazzy/opt/gz_physics_vendor:/opt/ros/jazzy/opt/sdformat_vendor:/opt/ros/jazzy/opt/gz_gui_vendor:/opt/ros/jazzy/opt/gz_transport_vendor:/opt/ros/jazzy/opt/gz_rendering_vendor:/opt/ros/jazzy/opt/gz_plugin_vendor:/opt/ros/jazzy/opt/gz_fuel_tools_vendor:/opt/ros/jazzy/opt/gz_msgs_vendor:/opt/ros/jazzy/opt/gz_common_vendor:/opt/ros/jazzy/opt/gz_math_vendor:/opt/ros/jazzy/opt/gz_utils_vendor:/opt/ros/jazzy/opt/gz_tools_vendor:/opt/ros/jazzy/opt/gz_ogre_next_vendor:/opt/ros/jazzy/opt/gz_dartsim_vendor:/opt/ros/jazzy/opt/gz_cmake_vendor:/opt/ros/jazzy GZ_SIM_RESOURCE_PATH=/root/ros-lab-2/install/ros_gz_description/share/ros_gz_description/models PS1=<ROS2-Jazzy>[\u@\h \W]$ /usr/bin/cmake --build /root/ros-lab-2/build/ros_gz_gazebo -- -j16 -l16
[3.886s] Invoking command in '/root/ros-lab-2/build/ros_gz_gazebo': AMENT_PREFIX_PATH=/root/ros-lab-2/install/ros_gz_description:${AMENT_PREFIX_PATH} CMAKE_PREFIX_PATH=/root/ros-lab-2/install/ros_gz_description:/opt/ros/jazzy/opt/gz_sim_vendor:/opt/ros/jazzy/opt/gz_sensors_vendor:/opt/ros/jazzy/opt/gz_physics_vendor:/opt/ros/jazzy/opt/sdformat_vendor:/opt/ros/jazzy/opt/gz_gui_vendor:/opt/ros/jazzy/opt/gz_transport_vendor:/opt/ros/jazzy/opt/gz_rendering_vendor:/opt/ros/jazzy/opt/gz_plugin_vendor:/opt/ros/jazzy/opt/gz_fuel_tools_vendor:/opt/ros/jazzy/opt/gz_msgs_vendor:/opt/ros/jazzy/opt/gz_common_vendor:/opt/ros/jazzy/opt/gz_math_vendor:/opt/ros/jazzy/opt/gz_utils_vendor:/opt/ros/jazzy/opt/gz_tools_vendor:/opt/ros/jazzy/opt/gz_ogre_next_vendor:/opt/ros/jazzy/opt/gz_dartsim_vendor:/opt/ros/jazzy/opt/gz_cmake_vendor:/opt/ros/jazzy GZ_SIM_RESOURCE_PATH=/root/ros-lab-2/install/ros_gz_description/share/ros_gz_description/models PS1=<ROS2-Jazzy>[\u@\h \W]$ /usr/bin/cmake --install /root/ros-lab-2/build/ros_gz_gazebo
[3.900s] -- Install configuration: ""
[3.901s] -- Up-to-date: /root/ros-lab-2/install/ros_gz_gazebo/lib/ros_gz_gazebo/libBasicSystem.so
[3.901s] -- Up-to-date: /root/ros-lab-2/install/ros_gz_gazebo/lib/ros_gz_gazebo/libFullSystem.so
[3.902s] -- Up-to-date: /root/ros-lab-2/install/ros_gz_gazebo/share/ros_gz_gazebo/worlds
[3.902s] -- Up-to-date: /root/ros-lab-2/install/ros_gz_gazebo/share/ros_gz_gazebo/worlds/maze.sdf
[3.902s] -- Up-to-date: /root/ros-lab-2/install/ros_gz_gazebo/share/ros_gz_gazebo/worlds/diff_drive.sdf
[3.903s] -- Up-to-date: /root/ros-lab-2/install/ros_gz_gazebo/share/ros_gz_gazebo/environment/ros_gz_gazebo.dsv
[3.903s] -- Up-to-date: /root/ros-lab-2/install/ros_gz_gazebo/share/ros_gz_gazebo/environment/ros_gz_gazebo.sh
[3.903s] -- Up-to-date: /root/ros-lab-2/install/ros_gz_gazebo/share/ament_index/resource_index/package_run_dependencies/ros_gz_gazebo
[3.904s] -- Installing: /root/ros-lab-2/install/ros_gz_gazebo/share/ament_index/resource_index/parent_prefix_path/ros_gz_gazebo
[3.904s] -- Up-to-date: /root/ros-lab-2/install/ros_gz_gazebo/share/ros_gz_gazebo/environment/ament_prefix_path.sh
[3.904s] -- Up-to-date: /root/ros-lab-2/install/ros_gz_gazebo/share/ros_gz_gazebo/environment/ament_prefix_path.dsv
[3.905s] -- Up-to-date: /root/ros-lab-2/install/ros_gz_gazebo/share/ros_gz_gazebo/environment/path.sh
[3.905s] -- Up-to-date: /root/ros-lab-2/install/ros_gz_gazebo/share/ros_gz_gazebo/environment/path.dsv
[3.905s] -- Up-to-date: /root/ros-lab-2/install/ros_gz_gazebo/share/ros_gz_gazebo/local_setup.bash
[3.905s] -- Up-to-date: /root/ros-lab-2/install/ros_gz_gazebo/share/ros_gz_gazebo/local_setup.sh
[3.905s] -- Up-to-date: /root/ros-lab-2/install/ros_gz_gazebo/share/ros_gz_gazebo/local_setup.zsh
[3.905s] -- Up-to-date: /root/ros-lab-2/install/ros_gz_gazebo/share/ros_gz_gazebo/local_setup.dsv
[3.906s] -- Installing: /root/ros-lab-2/install/ros_gz_gazebo/share/ros_gz_gazebo/package.dsv
[3.906s] -- Up-to-date: /root/ros-lab-2/install/ros_gz_gazebo/share/ament_index/resource_index/packages/ros_gz_gazebo
[3.906s] -- Up-to-date: /root/ros-lab-2/install/ros_gz_gazebo/share/ros_gz_gazebo/cmake/ros_gz_gazeboConfig.cmake
[3.906s] -- Up-to-date: /root/ros-lab-2/install/ros_gz_gazebo/share/ros_gz_gazebo/cmake/ros_gz_gazeboConfig-version.cmake
[3.907s] -- Up-to-date: /root/ros-lab-2/install/ros_gz_gazebo/share/ros_gz_gazebo/package.xml
[3.909s] Invoked command in '/root/ros-lab-2/build/ros_gz_gazebo' returned '0': AMENT_PREFIX_PATH=/root/ros-lab-2/install/ros_gz_description:${AMENT_PREFIX_PATH} CMAKE_PREFIX_PATH=/root/ros-lab-2/install/ros_gz_description:/opt/ros/jazzy/opt/gz_sim_vendor:/opt/ros/jazzy/opt/gz_sensors_vendor:/opt/ros/jazzy/opt/gz_physics_vendor:/opt/ros/jazzy/opt/sdformat_vendor:/opt/ros/jazzy/opt/gz_gui_vendor:/opt/ros/jazzy/opt/gz_transport_vendor:/opt/ros/jazzy/opt/gz_rendering_vendor:/opt/ros/jazzy/opt/gz_plugin_vendor:/opt/ros/jazzy/opt/gz_fuel_tools_vendor:/opt/ros/jazzy/opt/gz_msgs_vendor:/opt/ros/jazzy/opt/gz_common_vendor:/opt/ros/jazzy/opt/gz_math_vendor:/opt/ros/jazzy/opt/gz_utils_vendor:/opt/ros/jazzy/opt/gz_tools_vendor:/opt/ros/jazzy/opt/gz_ogre_next_vendor:/opt/ros/jazzy/opt/gz_dartsim_vendor:/opt/ros/jazzy/opt/gz_cmake_vendor:/opt/ros/jazzy GZ_SIM_RESOURCE_PATH=/root/ros-lab-2/install/ros_gz_description/share/ros_gz_description/models PS1=<ROS2-Jazzy>[\u@\h \W]$ /usr/bin/cmake --install /root/ros-lab-2/build/ros_gz_gazebo
