[0.061s] Invoking command in '/root/ros-lab-2/build/ros_gz_app': CMAKE_PREFIX_PATH=${CMAKE_PREFIX_PATH}:/opt/ros/jazzy PS1=<ROS2-Jazzy>[\u@\h \W]$ /usr/bin/cmake /root/ros-lab-2/ros_gz_app -DCMAKE_INSTALL_PREFIX=/root/ros-lab-2/install/ros_gz_app
[0.703s] -- Found ament_cmake: 2.5.3 (/opt/ros/jazzy/share/ament_cmake/cmake)
[1.476s] -- Configuring done (0.8s)
[1.514s] -- Generating done (0.0s)
[1.519s] -- Build files have been written to: /root/ros-lab-2/build/ros_gz_app
[1.560s] Invoked command in '/root/ros-lab-2/build/ros_gz_app' returned '0': CMAKE_PREFIX_PATH=${CMAKE_PREFIX_PATH}:/opt/ros/jazzy PS1=<ROS2-Jazzy>[\u@\h \W]$ /usr/bin/cmake /root/ros-lab-2/ros_gz_app -DCMAKE_INSTALL_PREFIX=/root/ros-lab-2/install/ros_gz_app
[1.561s] Invoking command in '/root/ros-lab-2/build/ros_gz_app': CMAKE_PREFIX_PATH=${CMAKE_PREFIX_PATH}:/opt/ros/jazzy PS1=<ROS2-Jazzy>[\u@\h \W]$ /usr/bin/cmake --build /root/ros-lab-2/build/ros_gz_app -- -j16 -l16
[1.659s] Invoked command in '/root/ros-lab-2/build/ros_gz_app' returned '0': CMAKE_PREFIX_PATH=${CMAKE_PREFIX_PATH}:/opt/ros/jazzy PS1=<ROS2-Jazzy>[\u@\h \W]$ /usr/bin/cmake --build /root/ros-lab-2/build/ros_gz_app -- -j16 -l16
[1.662s] Invoking command in '/root/ros-lab-2/build/ros_gz_app': CMAKE_PREFIX_PATH=${CMAKE_PREFIX_PATH}:/opt/ros/jazzy PS1=<ROS2-Jazzy>[\u@\h \W]$ /usr/bin/cmake --install /root/ros-lab-2/build/ros_gz_app
[1.679s] -- Install configuration: ""
[1.679s] -- Up-to-date: /root/ros-lab-2/install/ros_gz_app/share/ament_index/resource_index/package_run_dependencies/ros_gz_app
[1.681s] -- Up-to-date: /root/ros-lab-2/install/ros_gz_app/share/ament_index/resource_index/parent_prefix_path/ros_gz_app
[1.682s] -- Up-to-date: /root/ros-lab-2/install/ros_gz_app/share/ros_gz_app/environment/ament_prefix_path.sh
[1.682s] -- Up-to-date: /root/ros-lab-2/install/ros_gz_app/share/ros_gz_app/environment/ament_prefix_path.dsv
[1.682s] -- Up-to-date: /root/ros-lab-2/install/ros_gz_app/share/ros_gz_app/environment/path.sh
[1.682s] -- Up-to-date: /root/ros-lab-2/install/ros_gz_app/share/ros_gz_app/environment/path.dsv
[1.683s] -- Up-to-date: /root/ros-lab-2/install/ros_gz_app/share/ros_gz_app/local_setup.bash
[1.683s] -- Up-to-date: /root/ros-lab-2/install/ros_gz_app/share/ros_gz_app/local_setup.sh
[1.684s] -- Up-to-date: /root/ros-lab-2/install/ros_gz_app/share/ros_gz_app/local_setup.zsh
[1.687s] -- Up-to-date: /root/ros-lab-2/install/ros_gz_app/share/ros_gz_app/local_setup.dsv
[1.688s] -- Installing: /root/ros-lab-2/install/ros_gz_app/share/ros_gz_app/package.dsv
[1.688s] -- Up-to-date: /root/ros-lab-2/install/ros_gz_app/share/ament_index/resource_index/packages/ros_gz_app
[1.688s] -- Up-to-date: /root/ros-lab-2/install/ros_gz_app/share/ros_gz_app/cmake/ros_gz_appConfig.cmake
[1.689s] -- Up-to-date: /root/ros-lab-2/install/ros_gz_app/share/ros_gz_app/cmake/ros_gz_appConfig-version.cmake
[1.689s] -- Up-to-date: /root/ros-lab-2/install/ros_gz_app/share/ros_gz_app/package.xml
[1.745s] Invoked command in '/root/ros-lab-2/build/ros_gz_app' returned '0': CMAKE_PREFIX_PATH=${CMAKE_PREFIX_PATH}:/opt/ros/jazzy PS1=<ROS2-Jazzy>[\u@\h \W]$ /usr/bin/cmake --install /root/ros-lab-2/build/ros_gz_app
