[0.025s] Invoking command in '/root/ros-lab-2/build/ros_gz_gazebo': CMAKE_PREFIX_PATH=/root/ros-lab-2/install/ros_gz_description:/opt/ros/jazzy/opt/gz_sim_vendor:/opt/ros/jazzy/opt/gz_sensors_vendor:/opt/ros/jazzy/opt/gz_physics_vendor:/opt/ros/jazzy/opt/sdformat_vendor:/opt/ros/jazzy/opt/gz_gui_vendor:/opt/ros/jazzy/opt/gz_transport_vendor:/opt/ros/jazzy/opt/gz_rendering_vendor:/opt/ros/jazzy/opt/gz_plugin_vendor:/opt/ros/jazzy/opt/gz_fuel_tools_vendor:/opt/ros/jazzy/opt/gz_msgs_vendor:/opt/ros/jazzy/opt/gz_common_vendor:/opt/ros/jazzy/opt/gz_math_vendor:/opt/ros/jazzy/opt/gz_utils_vendor:/opt/ros/jazzy/opt/gz_tools_vendor:/opt/ros/jazzy/opt/gz_ogre_next_vendor:/opt/ros/jazzy/opt/gz_dartsim_vendor:/opt/ros/jazzy/opt/gz_cmake_vendor:/opt/ros/jazzy PS1=<ROS2-Jazzy>[\u@\h \W]$ /usr/bin/cmake /root/ros-lab-2/ros_gz_gazebo -DBUILD_TESTING=ON -DCMAKE_INSTALL_PREFIX=/root/ros-lab-2/install/ros_gz_gazebo
[0.093s] -- The C compiler identification is GNU 13.3.0
[0.163s] -- The CXX compiler identification is GNU 13.3.0
[0.182s] -- Detecting C compiler ABI info
[0.292s] -- Detecting C compiler ABI info - done
[0.304s] -- Check for working C compiler: /usr/bin/cc - skipped
[0.304s] -- Detecting C compile features
[0.305s] -- Detecting C compile features - done
[0.316s] -- Detecting CXX compiler ABI info
[0.436s] -- Detecting CXX compiler ABI info - done
[0.449s] -- Check for working CXX compiler: /usr/bin/c++ - skipped
[0.450s] -- Detecting CXX compile features
[0.450s] -- Detecting CXX compile features - done
[0.466s] -- Found ament_cmake: 2.5.3 (/opt/ros/jazzy/share/ament_cmake/cmake)
[0.715s] -- Found Python3: /usr/bin/python3 (found version "3.12.3") found components: Interpreter 
[0.984s] -- Found ros_gz_description: 0.0.0 (/root/ros-lab-2/install/ros_gz_description/share/ros_gz_description/cmake)
[1.020s] -- Looking for gz-plugin2 -- found version 2.0.4
[1.023s] -- Searching for dependencies of gz-plugin2
[1.036s] -- Looking for gz-utils2 -- found version 2.2.1
[1.036s] -- Searching for dependencies of gz-utils2
[1.038s] -- Searching for <gz-utils2> component [cli]
[1.047s] -- Looking for gz-utils2-cli -- found version 2.2.1
[1.047s] -- Searching for dependencies of gz-utils2-cli
[1.050s] -- Searching for <gz-plugin2> component [register]
[1.058s] -- Looking for gz-plugin2-register -- found version 2.0.4
[1.059s] -- Searching for dependencies of gz-plugin2-register
[1.070s] -- Looking for gz-common5 -- found version 5.7.1
[1.071s] -- Searching for dependencies of gz-common5
[1.071s] -- Looking for gz-utils2 -- found version 2.2.1
[1.088s] -- Looking for dlfcn.h - found
[1.110s] -- Looking for libdl - found
[1.112s] -- Found DL: TRUE  
[1.136s] -- Checking for module 'uuid'
[1.171s] --   Found uuid, version 2.39.3
[1.206s] -- Found UUID: TRUE  
[1.209s] -- Searching for <gz-common5> component [profiler]
[1.218s] -- Looking for gz-common5-profiler -- found version 5.7.1
[1.218s] -- Searching for dependencies of gz-common5-profiler
[1.228s] -- Looking for gz-sim8 -- found version 8.9.0
[1.228s] -- Searching for dependencies of gz-sim8
[1.237s] -- Looking for sdformat14 -- found version 14.7.0
[1.237s] -- Searching for dependencies of sdformat14
[1.246s] -- Checking for module 'tinyxml2'
[1.268s] --   Found tinyxml2, version 10.0.0
[1.315s] -- Looking for gz-math7 -- found version 7.5.2
[1.315s] -- Searching for dependencies of gz-math7
[1.316s] -- Looking for gz-utils2 -- found version 2.2.1
[1.317s] -- Looking for gz-utils2 -- found version 2.2.1
[1.320s] -- Looking for gz-plugin2 -- found version 2.0.4
[1.321s] -- Searching for dependencies of gz-plugin2
[1.321s] -- Looking for gz-utils2 -- found version 2.2.1
[1.321s] -- Searching for <gz-plugin2> component [loader]
[1.329s] -- Looking for gz-plugin2-loader -- found version 2.0.4
[1.329s] -- Searching for dependencies of gz-plugin2-loader
[1.330s] -- Searching for <gz-plugin2> component [register]
[1.342s] -- Looking for gz-transport13 -- found version 13.4.1
[1.342s] -- Searching for dependencies of gz-transport13
[1.663s] -- Found Protobuf: /usr/lib/x86_64-linux-gnu/libprotobuf.so (found version "3.21.12") 
[1.709s] -- Config-file not installed for ZeroMQ -- checking for pkg-config
[1.715s] -- Checking for module 'libzmq >= 4'
[1.738s] --   Found libzmq, version 4.3.5
[1.825s] -- Found ZeroMQ: TRUE (Required is at least version "4") 
[1.845s] -- Looking for gz-utils2 -- found version 2.2.1
[1.856s] -- Looking for gz-msgs10 -- found version 10.3.2
[1.856s] -- Searching for dependencies of gz-msgs10
[1.909s] -- Looking for gz-utils2 -- found version 2.2.1
[1.910s] -- Looking for gz-math7 -- found version 7.5.2
[1.924s] -- Searching for <gz-transport13> component [log]
[1.931s] -- Looking for gz-transport13-log -- found version 13.4.1
[1.931s] -- Searching for dependencies of gz-transport13-log
[1.932s] -- Searching for <gz-transport13> component [parameters]
[1.937s] -- Looking for gz-transport13-parameters -- found version 13.4.1
[1.937s] -- Searching for dependencies of gz-transport13-parameters
[1.939s] -- Looking for gz-msgs10 -- found version 10.3.2
[1.939s] -- Looking for gz-common5 -- found version 5.7.1
[1.940s] -- Searching for dependencies of gz-common5
[1.940s] -- Looking for gz-utils2 -- found version 2.2.1
[1.940s] -- Looking for dlfcn.h - found
[1.940s] -- Looking for libdl - found
[1.951s] -- Searching for <gz-common5> component [av]
[1.960s] -- Looking for gz-common5-av -- found version 5.7.1
[1.960s] -- Searching for dependencies of gz-common5-av
[1.968s] -- Checking for module 'libswscale'
[1.995s] --   Found libswscale, version 7.5.100
[2.034s] -- Found SWSCALE: TRUE  
[2.042s] -- Checking for module 'libavdevice >= 56.4.100'
[2.065s] --   Found libavdevice, version 60.3.100
[2.143s] -- Found AVDEVICE: TRUE (Required is at least version "56.4.100") 
[2.150s] -- Checking for module 'libavformat'
[2.168s] --   Found libavformat, version 60.16.100
[2.210s] -- Found AVFORMAT: TRUE  
[2.217s] -- Checking for module 'libavcodec'
[2.234s] --   Found libavcodec, version 60.31.102
[2.275s] -- Found AVCODEC: TRUE  
[2.281s] -- Checking for module 'libavutil'
[2.297s] --   Found libavutil, version 58.29.100
[2.334s] -- Found AVUTIL: TRUE  
[2.336s] -- Searching for <gz-common5> component [events]
[2.344s] -- Looking for gz-common5-events -- found version 5.7.1
[2.345s] -- Searching for dependencies of gz-common5-events
[2.345s] -- Looking for gz-math7 -- found version 7.5.2
[2.346s] -- Searching for <gz-common5> component [graphics]
[2.354s] -- Looking for gz-common5-graphics -- found version 5.7.1
[2.354s] -- Searching for dependencies of gz-common5-graphics
[2.355s] -- Looking for gz-math7 -- found version 7.5.2
[2.373s] -- Found GzAssimp: TRUE (found version "5.3.0") 
[2.375s] -- Searching for <gz-common5> component [io]
[2.385s] -- Looking for gz-common5-io -- found version 5.7.1
[2.385s] -- Searching for dependencies of gz-common5-io
[2.386s] -- Searching for <gz-common5> component [profiler]
[2.401s] -- Looking for gz-fuel_tools9 -- found version 9.1.1
[2.401s] -- Searching for dependencies of gz-fuel_tools9
[2.550s] -- Found CURL: /usr/lib/x86_64-linux-gnu/libcurl.so (found version "8.5.0")  
[2.575s] -- Checking for module 'jsoncpp'
[2.597s] --   Found jsoncpp, version 1.9.5
[2.635s] -- Found JSONCPP: TRUE  
[2.687s] -- Checking for module 'yaml-0.1'
[2.710s] --   Found yaml-0.1, version 0.2.5
[2.746s] -- Found YAML: TRUE  
[2.754s] -- Checking for module 'libzip'
[2.777s] --   Found libzip, version 1.7.3
[2.813s] -- Found ZIP: TRUE  
[2.814s] -- Looking for gz-utils2 -- found version 2.2.1
[2.815s] -- Looking for gz-common5 -- found version 5.7.1
[2.815s] -- Searching for dependencies of gz-common5
[2.815s] -- Looking for gz-utils2 -- found version 2.2.1
[2.816s] -- Looking for dlfcn.h - found
[2.816s] -- Looking for libdl - found
[2.826s] -- Searching for <gz-common5> component [testing]
[2.836s] -- Looking for gz-common5-testing -- found version 5.7.1
[2.836s] -- Searching for dependencies of gz-common5-testing
[2.838s] -- Looking for gz-math7 -- found version 7.5.2
[2.838s] -- Looking for gz-msgs10 -- found version 10.3.2
[2.848s] -- Looking for gz-gui8 -- found version 8.4.0
[2.848s] -- Searching for dependencies of gz-gui8
[2.907s] -- Looking for gz-utils2 -- found version 2.2.1
[2.908s] -- Looking for gz-math7 -- found version 7.5.2
[2.908s] -- Looking for gz-common5 -- found version 5.7.1
[2.909s] -- Looking for gz-plugin2 -- found version 2.0.4
[2.909s] -- Looking for gz-transport13 -- found version 13.4.1
[2.924s] -- Looking for gz-rendering8 -- found version 8.2.2
[2.924s] -- Searching for dependencies of gz-rendering8
[2.924s] -- Looking for gz-math7 -- found version 7.5.2
[2.925s] -- Searching for dependencies of gz-math7
[2.925s] -- Looking for gz-utils2 -- found version 2.2.1
[2.925s] -- Searching for <gz-math7> component [eigen3]
[2.936s] -- Looking for gz-math7-eigen3 -- found version 7.5.2
[2.936s] -- Searching for dependencies of gz-math7-eigen3
[2.976s] -- Looking for gz-common5 -- found version 5.7.1
[2.976s] -- Searching for dependencies of gz-common5
[2.976s] -- Looking for gz-utils2 -- found version 2.2.1
[2.976s] -- Looking for dlfcn.h - found
[2.976s] -- Looking for libdl - found
[2.986s] -- Searching for <gz-common5> component [graphics]
[2.987s] -- Searching for <gz-common5> component [events]
[2.987s] -- Searching for <gz-common5> component [geospatial]
[2.997s] -- Looking for gz-common5-geospatial -- found version 5.7.1
[2.997s] -- Searching for dependencies of gz-common5-geospatial
[2.997s] -- Looking for gz-math7 -- found version 7.5.2
[2.998s] -- Looking for gz-common5 -- found version 5.7.1
[3.000s] -- Looking for gz-plugin2 -- found version 2.0.4
[3.000s] -- Searching for dependencies of gz-plugin2
[3.001s] -- Looking for gz-utils2 -- found version 2.2.1
[3.001s] -- Searching for <gz-plugin2> component [all]
[3.010s] -- Looking for all libraries of gz-plugin2 -- found version 2.0.4
[3.010s] -- Looking for gz-plugin2 -- found version 2.0.4
[3.012s] -- Looking for gz-utils2 -- found version 2.2.1
[3.075s] -- Found OpenGL: /usr/lib/x86_64-linux-gnu/libOpenGL.so  found components: OpenGL 
[3.080s] -- Looking for gz-msgs10 -- found version 10.3.2
[3.160s] -- Looking for gz-physics7 -- found version 7.5.0
[3.160s] -- Searching for dependencies of gz-physics7
[3.160s] -- Looking for gz-common5 -- found version 5.7.1
[3.161s] -- Looking for gz-math7 -- found version 7.5.2
[3.162s] -- Looking for gz-plugin2 -- found version 2.0.4
[3.163s] -- Looking for gz-utils2 -- found version 2.2.1
[3.165s] -- Searching for <gz-physics7> component [heightmap]
[3.170s] -- Looking for gz-physics7-heightmap -- found version 7.5.0
[3.170s] -- Searching for dependencies of gz-physics7-heightmap
[3.171s] -- Looking for gz-common5 -- found version 5.7.1
[3.171s] -- Searching for <gz-physics7> component [mesh]
[3.176s] -- Looking for gz-physics7-mesh -- found version 7.5.0
[3.176s] -- Searching for dependencies of gz-physics7-mesh
[3.177s] -- Looking for gz-common5 -- found version 5.7.1
[3.178s] -- Searching for <gz-physics7> component [sdf]
[3.183s] -- Looking for gz-physics7-sdf -- found version 7.5.0
[3.183s] -- Searching for dependencies of gz-physics7-sdf
[3.184s] -- Looking for sdformat14 -- found version 14.7.0
[3.192s] -- Looking for gz-sensors8 -- found version 8.2.2
[3.192s] -- Searching for dependencies of gz-sensors8
[3.246s] -- Looking for gz-math7 -- found version 7.5.2
[3.246s] -- Looking for gz-common5 -- found version 5.7.1
[3.247s] -- Looking for gz-transport13 -- found version 13.4.1
[3.248s] -- Looking for gz-rendering8 -- found version 8.2.2
[3.248s] -- Looking for gz-msgs10 -- found version 10.3.2
[3.249s] -- Looking for sdformat14 -- found version 14.7.0
[3.251s] -- Searching for <gz-sensors8> component [air_pressure]
[3.256s] -- Looking for gz-sensors8-air_pressure -- found version 8.2.2
[3.256s] -- Searching for dependencies of gz-sensors8-air_pressure
[3.257s] -- Searching for <gz-sensors8> component [air_speed]
[3.261s] -- Looking for gz-sensors8-air_speed -- found version 8.2.2
[3.261s] -- Searching for dependencies of gz-sensors8-air_speed
[3.263s] -- Searching for <gz-sensors8> component [altimeter]
[3.268s] -- Looking for gz-sensors8-altimeter -- found version 8.2.2
[3.268s] -- Searching for dependencies of gz-sensors8-altimeter
[3.269s] -- Searching for <gz-sensors8> component [imu]
[3.273s] -- Looking for gz-sensors8-imu -- found version 8.2.2
[3.273s] -- Searching for dependencies of gz-sensors8-imu
[3.274s] -- Searching for <gz-sensors8> component [force_torque]
[3.278s] -- Looking for gz-sensors8-force_torque -- found version 8.2.2
[3.278s] -- Searching for dependencies of gz-sensors8-force_torque
[3.279s] -- Searching for <gz-sensors8> component [logical_camera]
[3.283s] -- Looking for gz-sensors8-logical_camera -- found version 8.2.2
[3.283s] -- Searching for dependencies of gz-sensors8-logical_camera
[3.284s] -- Searching for <gz-sensors8> component [magnetometer]
[3.288s] -- Looking for gz-sensors8-magnetometer -- found version 8.2.2
[3.289s] -- Searching for dependencies of gz-sensors8-magnetometer
[3.289s] -- Searching for <gz-sensors8> component [navsat]
[3.294s] -- Looking for gz-sensors8-navsat -- found version 8.2.2
[3.295s] -- Searching for dependencies of gz-sensors8-navsat
[3.295s] -- Searching for <gz-sensors8> component [dvl]
[3.299s] -- Looking for gz-sensors8-dvl -- found version 8.2.2
[3.300s] -- Searching for dependencies of gz-sensors8-dvl
[3.300s] -- Looking for gz-sensors8 -- found version 8.2.2
[3.300s] -- Searching for dependencies of gz-sensors8
[3.353s] -- Looking for gz-math7 -- found version 7.5.2
[3.354s] -- Looking for gz-common5 -- found version 5.7.1
[3.354s] -- Looking for gz-transport13 -- found version 13.4.1
[3.355s] -- Looking for gz-rendering8 -- found version 8.2.2
[3.355s] -- Looking for gz-msgs10 -- found version 10.3.2
[3.356s] -- Looking for sdformat14 -- found version 14.7.0
[3.356s] -- Searching for <gz-sensors8> component [rendering]
[3.361s] -- Looking for gz-sensors8-rendering -- found version 8.2.2
[3.362s] -- Searching for dependencies of gz-sensors8-rendering
[3.364s] -- Searching for <gz-sensors8> component [rendering]
[3.364s] -- Searching for <gz-sensors8> component [lidar]
[3.369s] -- Looking for gz-sensors8-lidar -- found version 8.2.2
[3.369s] -- Searching for dependencies of gz-sensors8-lidar
[3.370s] -- Looking for gz-sensors8 -- found version 8.2.2
[3.371s] -- Searching for <gz-sensors8> component [gpu_lidar]
[3.376s] -- Looking for gz-sensors8-gpu_lidar -- found version 8.2.2
[3.376s] -- Searching for dependencies of gz-sensors8-gpu_lidar
[3.376s] -- Looking for gz-sensors8 -- found version 8.2.2
[3.377s] -- Searching for <gz-sensors8> component [camera]
[3.382s] -- Looking for gz-sensors8-camera -- found version 8.2.2
[3.383s] -- Searching for dependencies of gz-sensors8-camera
[3.383s] -- Looking for gz-sensors8 -- found version 8.2.2
[3.384s] -- Searching for <gz-sensors8> component [boundingbox_camera]
[3.388s] -- Looking for gz-sensors8-boundingbox_camera -- found version 8.2.2
[3.388s] -- Searching for dependencies of gz-sensors8-boundingbox_camera
[3.389s] -- Searching for <gz-sensors8> component [segmentation_camera]
[3.393s] -- Looking for gz-sensors8-segmentation_camera -- found version 8.2.2
[3.394s] -- Searching for dependencies of gz-sensors8-segmentation_camera
[3.394s] -- Searching for <gz-sensors8> component [depth_camera]
[3.398s] -- Looking for gz-sensors8-depth_camera -- found version 8.2.2
[3.399s] -- Searching for dependencies of gz-sensors8-depth_camera
[3.399s] -- Looking for gz-sensors8 -- found version 8.2.2
[3.400s] -- Searching for <gz-sensors8> component [rgbd_camera]
[3.404s] -- Looking for gz-sensors8-rgbd_camera -- found version 8.2.2
[3.405s] -- Searching for dependencies of gz-sensors8-rgbd_camera
[3.405s] -- Looking for gz-sensors8 -- found version 8.2.2
[3.406s] -- Searching for <gz-sensors8> component [thermal_camera]
[3.410s] -- Looking for gz-sensors8-thermal_camera -- found version 8.2.2
[3.411s] -- Searching for dependencies of gz-sensors8-thermal_camera
[3.411s] -- Looking for gz-sensors8 -- found version 8.2.2
[3.412s] -- Searching for <gz-sensors8> component [wide_angle_camera]
[3.416s] -- Looking for gz-sensors8-wide_angle_camera -- found version 8.2.2
[3.416s] -- Searching for dependencies of gz-sensors8-wide_angle_camera
[3.417s] -- Looking for gz-rendering8 -- found version 8.2.2
[3.418s] -- Looking for gz-math7 -- found version 7.5.2
[3.419s] -- Looking for gz-utils2 -- found version 2.2.1
[3.473s] -- Compiling against Gazebo Harmonic
[3.488s] -- Found ament_lint_auto: 0.17.2 (/opt/ros/jazzy/share/ament_lint_auto/cmake)
[3.635s] -- Configuring done (3.6s)
[3.777s] -- Generating done (0.1s)
[3.784s] -- Build files have been written to: /root/ros-lab-2/build/ros_gz_gazebo
[3.799s] Invoked command in '/root/ros-lab-2/build/ros_gz_gazebo' returned '0': CMAKE_PREFIX_PATH=/root/ros-lab-2/install/ros_gz_description:/opt/ros/jazzy/opt/gz_sim_vendor:/opt/ros/jazzy/opt/gz_sensors_vendor:/opt/ros/jazzy/opt/gz_physics_vendor:/opt/ros/jazzy/opt/sdformat_vendor:/opt/ros/jazzy/opt/gz_gui_vendor:/opt/ros/jazzy/opt/gz_transport_vendor:/opt/ros/jazzy/opt/gz_rendering_vendor:/opt/ros/jazzy/opt/gz_plugin_vendor:/opt/ros/jazzy/opt/gz_fuel_tools_vendor:/opt/ros/jazzy/opt/gz_msgs_vendor:/opt/ros/jazzy/opt/gz_common_vendor:/opt/ros/jazzy/opt/gz_math_vendor:/opt/ros/jazzy/opt/gz_utils_vendor:/opt/ros/jazzy/opt/gz_tools_vendor:/opt/ros/jazzy/opt/gz_ogre_next_vendor:/opt/ros/jazzy/opt/gz_dartsim_vendor:/opt/ros/jazzy/opt/gz_cmake_vendor:/opt/ros/jazzy PS1=<ROS2-Jazzy>[\u@\h \W]$ /usr/bin/cmake /root/ros-lab-2/ros_gz_gazebo -DBUILD_TESTING=ON -DCMAKE_INSTALL_PREFIX=/root/ros-lab-2/install/ros_gz_gazebo
[3.800s] Invoking command in '/root/ros-lab-2/build/ros_gz_gazebo': CMAKE_PREFIX_PATH=/root/ros-lab-2/install/ros_gz_description:/opt/ros/jazzy/opt/gz_sim_vendor:/opt/ros/jazzy/opt/gz_sensors_vendor:/opt/ros/jazzy/opt/gz_physics_vendor:/opt/ros/jazzy/opt/sdformat_vendor:/opt/ros/jazzy/opt/gz_gui_vendor:/opt/ros/jazzy/opt/gz_transport_vendor:/opt/ros/jazzy/opt/gz_rendering_vendor:/opt/ros/jazzy/opt/gz_plugin_vendor:/opt/ros/jazzy/opt/gz_fuel_tools_vendor:/opt/ros/jazzy/opt/gz_msgs_vendor:/opt/ros/jazzy/opt/gz_common_vendor:/opt/ros/jazzy/opt/gz_math_vendor:/opt/ros/jazzy/opt/gz_utils_vendor:/opt/ros/jazzy/opt/gz_tools_vendor:/opt/ros/jazzy/opt/gz_ogre_next_vendor:/opt/ros/jazzy/opt/gz_dartsim_vendor:/opt/ros/jazzy/opt/gz_cmake_vendor:/opt/ros/jazzy PS1=<ROS2-Jazzy>[\u@\h \W]$ /usr/bin/cmake --build /root/ros-lab-2/build/ros_gz_gazebo -- -j16 -l16
[3.864s] [ 50%] [32mBuilding CXX object CMakeFiles/BasicSystem.dir/src/BasicSystem.cc.o[0m
[3.865s] [ 50%] [32mBuilding CXX object CMakeFiles/FullSystem.dir/src/FullSystem.cc.o[0m
[8.031s] [ 75%] [32m[1mLinking CXX shared library libBasicSystem.so[0m
[8.226s] [100%] [32m[1mLinking CXX shared library libFullSystem.so[0m
[8.322s] [100%] Built target BasicSystem
[8.429s] [100%] Built target FullSystem
[8.443s] Invoked command in '/root/ros-lab-2/build/ros_gz_gazebo' returned '0': CMAKE_PREFIX_PATH=/root/ros-lab-2/install/ros_gz_description:/opt/ros/jazzy/opt/gz_sim_vendor:/opt/ros/jazzy/opt/gz_sensors_vendor:/opt/ros/jazzy/opt/gz_physics_vendor:/opt/ros/jazzy/opt/sdformat_vendor:/opt/ros/jazzy/opt/gz_gui_vendor:/opt/ros/jazzy/opt/gz_transport_vendor:/opt/ros/jazzy/opt/gz_rendering_vendor:/opt/ros/jazzy/opt/gz_plugin_vendor:/opt/ros/jazzy/opt/gz_fuel_tools_vendor:/opt/ros/jazzy/opt/gz_msgs_vendor:/opt/ros/jazzy/opt/gz_common_vendor:/opt/ros/jazzy/opt/gz_math_vendor:/opt/ros/jazzy/opt/gz_utils_vendor:/opt/ros/jazzy/opt/gz_tools_vendor:/opt/ros/jazzy/opt/gz_ogre_next_vendor:/opt/ros/jazzy/opt/gz_dartsim_vendor:/opt/ros/jazzy/opt/gz_cmake_vendor:/opt/ros/jazzy PS1=<ROS2-Jazzy>[\u@\h \W]$ /usr/bin/cmake --build /root/ros-lab-2/build/ros_gz_gazebo -- -j16 -l16
[8.444s] Invoking command in '/root/ros-lab-2/build/ros_gz_gazebo': CMAKE_PREFIX_PATH=/root/ros-lab-2/install/ros_gz_description:/opt/ros/jazzy/opt/gz_sim_vendor:/opt/ros/jazzy/opt/gz_sensors_vendor:/opt/ros/jazzy/opt/gz_physics_vendor:/opt/ros/jazzy/opt/sdformat_vendor:/opt/ros/jazzy/opt/gz_gui_vendor:/opt/ros/jazzy/opt/gz_transport_vendor:/opt/ros/jazzy/opt/gz_rendering_vendor:/opt/ros/jazzy/opt/gz_plugin_vendor:/opt/ros/jazzy/opt/gz_fuel_tools_vendor:/opt/ros/jazzy/opt/gz_msgs_vendor:/opt/ros/jazzy/opt/gz_common_vendor:/opt/ros/jazzy/opt/gz_math_vendor:/opt/ros/jazzy/opt/gz_utils_vendor:/opt/ros/jazzy/opt/gz_tools_vendor:/opt/ros/jazzy/opt/gz_ogre_next_vendor:/opt/ros/jazzy/opt/gz_dartsim_vendor:/opt/ros/jazzy/opt/gz_cmake_vendor:/opt/ros/jazzy PS1=<ROS2-Jazzy>[\u@\h \W]$ /usr/bin/cmake --install /root/ros-lab-2/build/ros_gz_gazebo
[8.454s] -- Install configuration: ""
[8.455s] -- Installing: /root/ros-lab-2/install/ros_gz_gazebo/lib/ros_gz_gazebo/libBasicSystem.so
[8.456s] -- Set non-toolchain portion of runtime path of "/root/ros-lab-2/install/ros_gz_gazebo/lib/ros_gz_gazebo/libBasicSystem.so" to ""
[8.456s] -- Installing: /root/ros-lab-2/install/ros_gz_gazebo/lib/ros_gz_gazebo/libFullSystem.so
[8.457s] -- Set non-toolchain portion of runtime path of "/root/ros-lab-2/install/ros_gz_gazebo/lib/ros_gz_gazebo/libFullSystem.so" to ""
[8.457s] -- Installing: /root/ros-lab-2/install/ros_gz_gazebo/share/ros_gz_gazebo/worlds
[8.457s] -- Installing: /root/ros-lab-2/install/ros_gz_gazebo/share/ros_gz_gazebo/worlds/maze.sdf
[8.457s] -- Installing: /root/ros-lab-2/install/ros_gz_gazebo/share/ros_gz_gazebo/worlds/diff_drive.sdf
[8.458s] -- Installing: /root/ros-lab-2/install/ros_gz_gazebo/share/ros_gz_gazebo/environment/ros_gz_gazebo.dsv
[8.458s] -- Installing: /root/ros-lab-2/install/ros_gz_gazebo/share/ros_gz_gazebo/environment/ros_gz_gazebo.sh
[8.458s] -- Installing: /root/ros-lab-2/install/ros_gz_gazebo/share/ament_index/resource_index/package_run_dependencies/ros_gz_gazebo
[8.459s] -- Installing: /root/ros-lab-2/install/ros_gz_gazebo/share/ament_index/resource_index/parent_prefix_path/ros_gz_gazebo
[8.459s] -- Installing: /root/ros-lab-2/install/ros_gz_gazebo/share/ros_gz_gazebo/environment/ament_prefix_path.sh
[8.459s] -- Installing: /root/ros-lab-2/install/ros_gz_gazebo/share/ros_gz_gazebo/environment/ament_prefix_path.dsv
[8.459s] -- Installing: /root/ros-lab-2/install/ros_gz_gazebo/share/ros_gz_gazebo/environment/path.sh
[8.460s] -- Installing: /root/ros-lab-2/install/ros_gz_gazebo/share/ros_gz_gazebo/environment/path.dsv
[8.460s] -- Installing: /root/ros-lab-2/install/ros_gz_gazebo/share/ros_gz_gazebo/local_setup.bash
[8.460s] -- Installing: /root/ros-lab-2/install/ros_gz_gazebo/share/ros_gz_gazebo/local_setup.sh
[8.460s] -- Installing: /root/ros-lab-2/install/ros_gz_gazebo/share/ros_gz_gazebo/local_setup.zsh
[8.460s] -- Installing: /root/ros-lab-2/install/ros_gz_gazebo/share/ros_gz_gazebo/local_setup.dsv
[8.461s] -- Installing: /root/ros-lab-2/install/ros_gz_gazebo/share/ros_gz_gazebo/package.dsv
[8.461s] -- Installing: /root/ros-lab-2/install/ros_gz_gazebo/share/ament_index/resource_index/packages/ros_gz_gazebo
[8.461s] -- Installing: /root/ros-lab-2/install/ros_gz_gazebo/share/ros_gz_gazebo/cmake/ros_gz_gazeboConfig.cmake
[8.461s] -- Installing: /root/ros-lab-2/install/ros_gz_gazebo/share/ros_gz_gazebo/cmake/ros_gz_gazeboConfig-version.cmake
[8.461s] -- Installing: /root/ros-lab-2/install/ros_gz_gazebo/share/ros_gz_gazebo/package.xml
[8.463s] Invoked command in '/root/ros-lab-2/build/ros_gz_gazebo' returned '0': CMAKE_PREFIX_PATH=/root/ros-lab-2/install/ros_gz_description:/opt/ros/jazzy/opt/gz_sim_vendor:/opt/ros/jazzy/opt/gz_sensors_vendor:/opt/ros/jazzy/opt/gz_physics_vendor:/opt/ros/jazzy/opt/sdformat_vendor:/opt/ros/jazzy/opt/gz_gui_vendor:/opt/ros/jazzy/opt/gz_transport_vendor:/opt/ros/jazzy/opt/gz_rendering_vendor:/opt/ros/jazzy/opt/gz_plugin_vendor:/opt/ros/jazzy/opt/gz_fuel_tools_vendor:/opt/ros/jazzy/opt/gz_msgs_vendor:/opt/ros/jazzy/opt/gz_common_vendor:/opt/ros/jazzy/opt/gz_math_vendor:/opt/ros/jazzy/opt/gz_utils_vendor:/opt/ros/jazzy/opt/gz_tools_vendor:/opt/ros/jazzy/opt/gz_ogre_next_vendor:/opt/ros/jazzy/opt/gz_dartsim_vendor:/opt/ros/jazzy/opt/gz_cmake_vendor:/opt/ros/jazzy PS1=<ROS2-Jazzy>[\u@\h \W]$ /usr/bin/cmake --install /root/ros-lab-2/build/ros_gz_gazebo
